1402047869.941088 0 39 0x01 -36
1402047870.023217 1 38 0x01 -38
1402047870.124527 1 38 0x01 -40
1402047870.338173 1 37 0x01 -38
1402047870.444583 1 37 0x01 -39
1402047870.656028 1 39 0x01 -36
1402047870.760072 1 39 0x01 -36
1402047870.866169 1 38 0x01 -38
1402047870.971331 1 38 0x01 -40
1402047871.181094 2 37 0x01 -39
1402047871.283129 2 37 0x01 -39
1402047871.392414 2 39 0x01 -36
1402047871.495040 2 39 0x01 -36
1402047871.600466 2 39 0x01 -36
1402047871.701395 2 38 0x01 -40
1402047871.807629 2 38 0x01 -40
1402047872.020229 3 37 0x01 -39
1402047872.121136 3 37 0x01 -38
1402047872.227682 3 39 0x01 -36
1402047872.328192 3 39 0x01 -36
1402047872.538700 3 38 0x01 -39
1402047872.641431 3 38 0x01 -40
1402047872.742631 3 37 0x01 -38
1402047872.849969 3 37 0x01 -39
1402047873.159485 4 39 0x01 -36
1402047873.369249 4 38 0x01 -39
1402047873.476796 4 38 0x01 -40
1402047873.581212 4 37 0x01 -38
1402047873.689850 4 37 0x01 -39
1402047873.899981 4 39 0x01 -36
1402047874.221119 5 38 0x01 -39
1402047874.536027 5 37 0x01 -39
1402047874.641851 5 37 0x01 -39
1402047874.858075 5 39 0x01 -37
1402047874.959314 5 39 0x01 -36
1402047875.069494 6 38 0x01 -40
1402047875.169459 6 38 0x01 -38
1402047875.379773 6 37 0x01 -39
1402047875.481517 6 37 0x01 -39
1402047875.690359 6 39 0x01 -36
1402047875.796632 6 39 0x01 -37
1402047875.901432 6 38 0x01 -40
1402047876.012355 7 38 0x01 -40
1402047876.215367 7 37 0x01 -39
1402047876.420231 7 39 0x01 -36
1402047876.525943 7 39 0x01 -36
1402047876.733076 7 38 0x01 -38
1402047876.839656 7 38 0x01 -40
1402047876.941045 7 37 0x01 -39
1402047877.053966 8 37 0x01 -39
1402047877.155539 8 37 0x01 -40
1402047877.257944 8 39 0x01 -36
1402047877.360128 8 39 0x01 -37
1402047877.462701 8 38 0x01 -40
1402047877.569304 8 38 0x01 -39
1402047877.776631 8 37 0x01 -39
1402047877.881253 8 37 0x01 -39
1402047878.098447 9 39 0x01 -36
1402047878.300565 9 38 0x01 -40
1402047878.406415 9 38 0x01 -40
1402047878.612757 9 37 0x01 -38
1402047878.719687 9 37 0x01 -39
1402047878.823582 9 39 0x01 -36
1402047878.926309 9 39 0x01 -36
1402047879.141107 10 38 0x01 -40
1402047879.240467 10 38 0x01 -40
1402047879.552814 10 37 0x01 -38
1402047879.657228 10 39 0x01 -36
1402047879.763927 10 38 0x01 -40
1402047879.872317 10 38 0x01 -40
1402047879.979487 10 37 0x01 -38
1402047880.091861 11 37 0x01 -39
1402047880.193578 11 37 0x01 -39
1402047880.402815 11 39 0x01 -36
1402047880.617332 11 38 0x01 -39
1402047880.933585 11 37 0x01 -39
1402047881.047357 12 37 0x01 -39
1402047881.258972 12 39 0x01 -36
1402047881.361824 12 39 0x01 -36
1402047881.674502 12 38 0x01 -40
1402047881.777289 12 37 0x01 -39
1402047881.879477 12 37 0x01 -39
1402047882.100328 13 39 0x01 -36
1402047882.196874 13 39 0x01 -36
1402047882.300607 13 38 0x01 -40
1402047882.511659 13 38 0x01 -40
1402047882.614592 13 37 0x01 -39
1402047882.722566 13 37 0x01 -39
1402047882.939044 13 39 0x01 -37
1402047883.049903 14 39 0x01 -36
1402047883.250836 14 38 0x01 -39
1402047883.353040 14 38 0x01 -40
1402047883.459037 14 37 0x01 -39
1402047883.562800 14 37 0x01 -39
1402047883.666106 14 39 0x01 -37
1402047883.774062 14 39 0x01 -36
1402047883.875465 14 39 0x01 -36
1402047883.976243 14 38 0x01 -40
1402047884.187916 15 37 0x01 -39
1402047884.286484 15 37 0x01 -39
1402047884.597850 15 39 0x01 -37
1402047885.019717 16 37 0x01 -39
1402047885.114977 16 37 0x01 -39
1402047885.218111 16 39 0x01 -36
1402047885.320425 16 39 0x01 -36
1402047885.424826 16 38 0x01 -40
1402047885.530267 16 38 0x01 -39
1402047885.638402 16 38 0x01 -40
1402047885.740521 16 37 0x01 -39
1402047885.842777 16 37 0x01 -40
1402047886.056460 17 39 0x01 -36
1402047886.157507 17 39 0x01 -37
1402047886.258652 17 38 0x01 -39
1402047886.363406 17 38 0x01 -40
1402047886.566828 17 37 0x01 -39
1402047886.780242 17 39 0x01 -36
1402047886.886533 17 39 0x01 -36
1402047886.990910 17 39 0x01 -36
1402047887.101270 18 38 0x01 -40
1402047887.411381 18 37 0x01 -39
1402047887.730317 18 39 0x01 -37
1402047887.839314 18 39 0x01 -37
1402047888.059742 19 38 0x01 -39
1402047888.158125 19 38 0x01 -40
1402047888.260316 19 37 0x01 -39
1402047888.364175 19 37 0x01 -39
1402047888.467488 19 39 0x01 -36
1402047888.571004 19 39 0x01 -36
1402047888.678026 19 39 0x01 -36
1402047888.886831 19 38 0x01 -40
1402047888.991653 19 38 0x01 -39
1402047889.099342 20 37 0x01 -39
1402047889.198888 20 37 0x01 -39
1402047889.411610 20 39 0x01 -37
1402047889.517828 20 39 0x01 -36
1402047889.622899 20 38 0x01 -40
1402047889.725090 20 38 0x01 -40
1402047889.933861 20 39 0x01 -36
1402047890.041557 21 39 0x01 -36
1402047890.246081 21 38 0x01 -40
1402047890.450060 21 37 0x01 -39
1402047890.558622 21 37 0x01 -39
1402047890.772170 21 39 0x01 -36
1402047890.873683 21 39 0x01 -36
1402047891.086140 22 38 0x01 -39
1402047891.185432 22 37 0x01 -40
1402047891.293109 22 37 0x01 -39
1402047891.393974 22 37 0x01 -39
1402047891.495668 22 39 0x01 -36
1402047891.599306 22 39 0x01 -36
1402047891.811857 22 38 0x01 -40
1402047892.030677 23 37 0x01 -39
1402047892.132028 23 37 0x01 -39
1402047892.339758 23 39 0x01 -36
1402047892.447969 23 39 0x01 -36
1402047892.551804 23 39 0x01 -36
1402047892.654072 23 38 0x01 -40
1402047892.759995 23 38 0x01 -40
1402047892.974249 23 37 0x01 -39
1402047893.085716 24 37 0x01 -38
1402047893.288695 24 39 0x01 -36
1402047893.392247 24 39 0x01 -37
1402047893.603241 24 38 0x01 -40
1402047893.711582 24 38 0x01 -40
1402047893.815448 24 37 0x01 -39
1402047893.917801 24 37 0x01 -38
1402047894.135781 25 39 0x01 -37
1402047894.237443 25 39 0x01 -37
1402047894.449207 25 38 0x01 -40
1402047894.549470 25 38 0x01 -40
1402047894.653823 25 37 0x01 -38
1402047894.758503 25 37 0x01 -39
1402047894.863254 25 39 0x01 -36
1402047894.968644 25 39 0x01 -37
1402047895.078010 26 39 0x01 -36
1402047895.174011 26 38 0x01 -40
1402047895.277888 26 38 0x01 -40
1402047895.488287 26 37 0x01 -39
1402047895.811076 26 39 0x01 -37
1402047895.913155 26 39 0x01 -36
1402047896.022379 27 38 0x01 -38
1402047896.118449 27 38 0x01 -39
1402047896.226666 27 37 0x01 -38
1402047896.334049 27 37 0x01 -39
1402047896.440275 27 37 0x01 -39
1402047896.650987 27 39 0x01 -36
1402047896.752139 27 39 0x01 -37
1402047896.856529 27 38 0x01 -40
1402047896.965069 27 38 0x01 -40
1402047897.079886 28 38 0x01 -40
1402047897.174846 28 37 0x01 -38
1402047897.283660 28 37 0x01 -39
1402047897.391969 28 37 0x01 -39
1402047897.495103 28 39 0x01 -36
1402047897.603054 28 39 0x01 -36
1402047897.811524 28 38 0x01 -40
1402047897.915717 28 38 0x01 -39
1402047898.026624 29 37 0x01 -39
1402047898.127782 29 37 0x01 -38
1402047898.234175 29 37 0x01 -38
1402047898.338229 29 39 0x01 -37
1402047898.446506 29 39 0x01 -37
1402047898.549500 29 39 0x01 -36
1402047898.651830 29 38 0x01 -40
1402047898.760722 29 38 0x01 -40
1402047898.867508 29 38 0x01 -40
1402047898.975155 29 37 0x01 -40
1402047899.085794 30 37 0x01 -39
1402047899.295740 30 39 0x01 -36
1402047899.398190 30 39 0x01 -37
1402047899.611837 30 38 0x01 -39
1402047899.720669 30 38 0x01 -40
1402047899.828329 30 37 0x01 -39
1402047899.932381 30 39 0x01 -36
1402047900.046747 31 39 0x01 -37
1402047900.252060 31 38 0x01 -40
1402047900.564466 31 37 0x01 -39
1402047900.769164 31 39 0x01 -37
1402047900.873310 31 39 0x01 -37
1402047900.977010 31 38 0x01 -40
1402047901.090749 32 38 0x01 -40
1402047901.397946 32 37 0x01 -39
1402047901.607339 32 39 0x01 -37
1402047901.713099 32 39 0x01 -38
1402047901.813307 32 38 0x01 -40
1402047901.920216 32 38 0x01 -40
1402047902.027375 33 37 0x01 -38
1402047902.126956 33 37 0x01 -39
1402047902.231084 33 37 0x01 -39
1402047902.445885 33 39 0x01 -36
1402047902.554627 33 39 0x01 -36
1402047902.767151 33 38 0x01 -40
1402047902.869807 33 38 0x01 -39
1402047903.086806 34 37 0x01 -39
1402047903.189262 34 37 0x01 -39
1402047903.298306 34 39 0x01 -36
1402047903.612321 34 38 0x01 -40
1402047903.719583 34 38 0x01 -40
1402047903.928268 34 37 0x01 -38
1402047904.042007 35 37 0x01 -39
1402047904.248746 35 39 0x01 -38
1402047904.350344 35 39 0x01 -37
1402047904.453093 35 38 0x01 -40
1402047904.669978 35 38 0x01 -40
1402047904.773340 35 37 0x01 -39
1402047904.881327 35 37 0x01 -39
1402047905.093947 36 39 0x01 -36
1402047905.609936 36 37 0x01 -39
1402047905.716634 36 37 0x01 -39
1402047905.820354 36 39 0x01 -36
1402047905.928643 36 39 0x01 -36
1402047906.037731 37 39 0x01 -37
1402047906.132761 37 38 0x01 -39
1402047906.241149 37 38 0x01 -40
1402047906.347314 37 38 0x01 -39
1402047906.363660 37 38 0x01 -39
1402047906.571741 37 37 0x01 -40
1402047906.676769 37 37 0x01 -39
1402047906.884960 37 39 0x01 -37
1402047907.100691 38 38 0x01 -40
1402047907.198012 38 38 0x01 -40
1402047907.400866 38 37 0x01 -39
1402047907.508429 38 37 0x01 -39
1402047907.610141 38 39 0x01 -36
1402047907.718201 38 39 0x01 -36
1402047907.923440 38 38 0x01 -40
1402047908.133596 39 37 0x01 -39
1402047908.445914 39 39 0x01 -36
1402047908.554753 39 39 0x01 -37
1402047908.766794 39 38 0x01 -40
1402047908.980490 39 37 0x01 -39
1402047909.190614 40 37 0x01 -39
1402047909.404875 40 39 0x01 -36
1402047909.512676 40 39 0x01 -36
1402047909.715956 40 38 0x01 -40
1402047909.925005 40 39 0x01 -36
1402047910.038798 41 39 0x01 -37
1402047910.241879 41 38 0x01 -40
1402047910.343380 41 38 0x01 -40
1402047910.447047 41 37 0x01 -38
1402047910.547892 41 37 0x01 -38
1402047910.761858 41 39 0x01 -36
1402047910.864935 41 39 0x01 -36
1402047911.081057 42 38 0x01 -38
1402047911.183835 42 38 0x01 -40
1402047911.289819 42 37 0x01 -38
1402047911.395653 42 37 0x01 -38
1402047911.503934 42 37 0x01 -38
1402047911.608838 42 39 0x01 -36
1402047911.713590 42 39 0x01 -36
1402047911.822294 42 39 0x01 -36
1402047911.925879 42 38 0x01 -40
1402047912.037577 43 38 0x01 -39
1402047912.244368 43 37 0x01 -39
1402047912.348317 43 37 0x01 -39
1402047912.455402 43 39 0x01 -36
1402047912.563665 43 39 0x01 -36
1402047912.665800 43 39 0x01 -37
1402047912.771009 43 38 0x01 -40
1402047912.877238 43 38 0x01 -40
1402047913.206109 44 37 0x01 -39
1402047913.307202 44 37 0x01 -39
1402047913.519417 44 39 0x01 -37
1402047913.620901 44 39 0x01 -36
1402047913.727370 44 38 0x01 -40
1402047913.832711 44 38 0x01 -39
1402047913.934999 44 37 0x01 -39
1402047914.050842 45 37 0x01 -38
1402047914.145767 45 37 0x01 -38
1402047914.248287 45 39 0x01 -37
1402047914.352316 45 39 0x01 -37
1402047914.453742 45 38 0x01 -39
1402047914.555012 45 38 0x01 -40
1402047914.758456 45 37 0x01 -39
1402047914.864816 45 37 0x01 -39
1402047915.089600 46 39 0x01 -36
1402047915.189562 46 39 0x01 -36
1402047915.292201 46 38 0x01 -40
1402047915.601363 46 37 0x01 -38
1402047915.704757 46 37 0x01 -38
1402047915.911626 46 39 0x01 -36
1402047916.020595 47 38 0x01 -39
1402047916.116941 47 38 0x01 -40
1402047916.221356 47 38 0x01 -39
1402047916.325629 47 37 0x01 -39
1402047916.430849 47 37 0x01 -39
1402047916.747381 47 39 0x01 -36
1402047916.851004 47 38 0x01 -40
1402047916.952832 47 38 0x01 -40
1402047917.064946 48 38 0x01 -40
1402047917.165444 48 37 0x01 -39
1402047917.266896 48 37 0x01 -39
1402047917.476309 48 39 0x01 -37
1402047917.584042 48 39 0x01 -36
1402047917.897468 48 38 0x01 -40
1402047918.007904 49 37 0x01 -39
1402047918.107651 49 37 0x01 -39
1402047918.319684 49 39 0x01 -37
1402047918.423684 49 39 0x01 -37
1402047918.629982 49 38 0x01 -40
1402047918.941213 49 37 0x01 -39
1402047919.050950 50 39 0x01 -37
1402047919.145955 50 39 0x01 -39
1402047919.349025 50 38 0x01 -39
1402047919.457939 50 38 0x01 -40
1402047919.562427 50 37 0x01 -39
1402047919.664184 50 37 0x01 -39
1402047919.768335 50 37 0x01 -40
1402047919.871228 50 37 0x01 -39
1402047920.086445 51 39 0x01 -37
1402047920.397142 51 38 0x01 -40
1402047920.506475 51 38 0x01 -40
1402047920.721555 51 37 0x01 -39
1402047920.823484 51 37 0x01 -39
1402047921.037906 52 39 0x01 -37
1402047921.239049 52 38 0x01 -39
1402047921.344979 52 38 0x01 -40
1402047921.549146 52 37 0x01 -40
1402047921.760029 52 39 0x01 -37
1402047921.861101 52 39 0x01 -37
1402047921.964739 52 38 0x01 -40
1402047922.184594 53 38 0x01 -39
1402047922.385972 53 37 0x01 -39
1402047922.593684 53 39 0x01 -36
1402047922.697829 53 39 0x01 -37
1402047922.803298 53 38 0x01 -39
1402047922.911438 53 38 0x01 -40
1402047923.122602 54 37 0x01 -39
1402047923.222118 54 37 0x01 -39
1402047923.436545 54 39 0x01 -37
1402047923.544250 54 39 0x01 -36
1402047923.753682 54 38 0x01 -40
1402047923.854951 54 38 0x01 -40
1402047924.069278 55 37 0x01 -39
1402047924.165252 55 39 0x01 -37
1402047924.268825 55 39 0x01 -36
1402047924.375108 55 39 0x01 -37
1402047924.582116 55 38 0x01 -40
1402047924.793288 55 37 0x01 -39
1402047924.898594 55 37 0x01 -39
1402047925.012711 56 39 0x01 -37
1402047925.217534 56 39 0x01 -37
1402047925.322580 56 38 0x01 -40
1402047925.425162 56 38 0x01 -40
1402047925.527507 56 37 0x01 -39
1402047925.632172 56 37 0x01 -39
1402047925.736432 56 37 0x01 -39
1402047925.843634 56 39 0x01 -36
1402047925.952409 56 39 0x01 -37
1402047926.065501 57 39 0x01 -37
1402047926.271526 57 38 0x01 -40
1402047926.363185 57 37 0x01 -39
1402047926.470056 57 37 0x01 -39
1402047926.578925 57 37 0x01 -39
1402047926.683386 57 39 0x01 -37
1402047926.893933 57 39 0x01 -37
1402047927.108148 58 38 0x01 -40
1402047927.312486 58 37 0x01 -39
1402047927.414711 58 37 0x01 -39
1402047927.517770 58 39 0x01 -36
1402047927.623822 58 39 0x01 -36
1402047927.831056 58 38 0x01 -39
1402047927.936404 58 38 0x01 -39
1402047928.157245 59 37 0x01 -39
1402047928.256495 59 37 0x01 -39
1402047928.359666 59 39 0x01 -37
1402047928.466780 59 39 0x01 -36
1402047928.572939 59 39 0x01 -38
1402047928.675716 59 38 0x01 -39
1402047928.781483 59 38 0x01 -40
1402047928.997090 59 37 0x01 -39
1402047929.111120 60 37 0x01 -39
1402047929.209826 60 39 0x01 -36
1402047929.417685 60 39 0x01 -36
1402047929.629626 60 38 0x01 -40
