1402047587.854038 0 38 0x01 -75
1402047588.863556 1 39 0x01 -69
1402047589.868713 2 37 0x01 -76
1402047591.885802 4 37 0x01 -73
1402047592.892166 5 38 0x01 -73
1402047593.894500 6 39 0x01 -69
1402047594.895307 7 37 0x01 -70
1402047595.896314 8 38 0x01 -72
1402047596.899763 9 39 0x01 -69
1402047597.906302 10 39 0x01 -69
1402047598.907250 11 37 0x01 -71
1402047599.909247 12 38 0x01 -70
1402047601.919023 14 38 0x01 -76
1402047602.920379 15 39 0x01 -72
1402047603.926333 16 37 0x01 -69
1402047604.927593 17 38 0x01 -58
1402047605.933759 18 39 0x01 -60
1402047606.935206 19 37 0x01 -62
1402047607.856249 20 38 0x01 -64
1402047610.874661 23 39 0x01 -54
1402047611.877523 24 37 0x01 -63
1402047612.885399 25 38 0x01 -59
1402047613.894462 26 39 0x01 -55
1402047614.896146 27 37 0x01 -61
1402047615.899399 28 38 0x01 -58
1402047618.920826 31 38 0x01 -58
1402047619.925151 32 39 0x01 -54
1402047620.925505 33 37 0x01 -61
1402047621.929694 34 38 0x01 -58
1402047622.935443 35 39 0x01 -55
1402047623.936351 36 37 0x01 -61
1402047624.942380 37 38 0x01 -58
1402047626.955614 39 38 0x01 -58
1402047627.856824 40 38 0x01 -58
1402047628.863994 41 39 0x01 -54
1402047630.868992 43 38 0x01 -58
1402047631.874518 44 37 0x01 -59
1402047633.884568 46 39 0x01 -54
1402047634.892835 47 37 0x01 -61
1402047635.895183 48 38 0x01 -58
1402047636.901994 49 39 0x01 -54
1402047637.909620 50 39 0x01 -55
1402047638.914743 51 38 0x01 -59
1402047639.917513 52 39 0x01 -54
1402047640.920803 53 37 0x01 -62
1402047641.924266 54 38 0x01 -59
1402047642.933107 55 39 0x01 -54
1402047643.938132 56 37 0x01 -61
1402047644.947557 57 38 0x01 -59
1402047648.862089 61 39 0x01 -54
1402047651.876401 64 37 0x01 -62
1402047652.885069 65 38 0x01 -59
1402047653.887382 66 39 0x01 -54
1402047654.893183 67 37 0x01 -62
1402047655.896580 68 38 0x01 -59
1402047658.909017 71 38 0x01 -59
1402047659.913395 72 39 0x01 -54
1402047660.917805 73 37 0x01 -60
1402047661.926878 74 38 0x01 -59
1402047662.932863 75 39 0x01 -56
1402047665.945689 78 37 0x01 -60
1402047666.951999 79 38 0x01 -58
1402047668.866058 81 39 0x01 -55
1402047669.871530 82 37 0x01 -60
1402047670.879759 83 38 0x01 -58
1402047671.885968 84 39 0x01 -54
1402047673.897069 86 39 0x01 -53
1402047674.903062 87 37 0x01 -60
1402047675.912283 88 38 0x01 -58
1402047676.913560 89 39 0x01 -54
1402047677.921764 90 39 0x01 -54
1402047678.922225 91 37 0x01 -60
1402047680.935740 93 37 0x01 -60
1402047681.940538 94 38 0x01 -57
1402047682.950009 95 39 0x01 -55
1402047683.951591 96 37 0x01 -60
1402047685.963735 98 39 0x01 -54
1402047686.969820 99 38 0x01 -58
1402047687.858798 100 38 0x01 -57
1402047688.861319 101 39 0x01 -54
1402047689.862059 102 37 0x01 -61
1402047690.867447 103 38 0x01 -57
1402047691.873181 104 39 0x01 -55
1402047693.887906 106 39 0x01 -54
1402047694.889035 107 37 0x01 -61
1402047695.890336 108 38 0x01 -57
1402047696.895632 109 39 0x01 -54
1402047697.898721 110 39 0x01 -54
1402047698.905457 111 37 0x01 -60
1402047702.928162 115 39 0x01 -53
1402047704.940615 117 38 0x01 -56
1402047705.940173 118 39 0x01 -54
1402047706.941725 119 37 0x01 -60
1402047707.858979 120 38 0x01 -57
1402047708.867098 121 39 0x01 -54
1402047711.883754 124 37 0x01 -60
1402047712.892917 125 38 0x01 -57
1402047713.898228 126 39 0x01 -54
1402047714.905731 127 37 0x01 -59
1402047717.921869 130 37 0x01 -59
1402047719.934750 132 39 0x01 -55
1402047720.934677 133 37 0x01 -59
1402047721.942470 134 38 0x01 -59
1402047722.949389 135 39 0x01 -57
