1402048594.831143 0 38 0x01 -37
1402048594.994527 0 37 0x02 -27
1402048595.148176 1 37 0x01 -37
1402048595.207777 1 39 0x02 -26
1402048595.239038 1 37 0x01 -36
1402048595.313773 1 39 0x02 -27
1402048595.418439 1 38 0x02 -27
1402048595.456476 1 39 0x01 -35
1402048595.522313 1 38 0x02 -27
1402048595.558053 1 39 0x01 -35
1402048595.622800 1 37 0x02 -27
1402048595.729826 1 37 0x02 -27
1402048595.772118 1 38 0x01 -38
1402048595.935184 1 39 0x02 -27
1402048596.048773 2 39 0x02 -27
1402048596.094076 2 37 0x01 -38
1402048596.201699 2 37 0x01 -36
1402048596.248845 2 38 0x02 -28
1402048596.356473 2 38 0x02 -28
1402048596.417883 2 39 0x01 -35
1402048596.520391 2 39 0x01 -34
1402048596.673402 2 37 0x02 -28
1402048596.732143 2 38 0x01 -39
1402048596.782461 2 39 0x02 -27
1402048596.838453 2 38 0x01 -38
1402048596.886833 2 39 0x02 -27
1402048596.945067 2 37 0x01 -37
1402048597.064617 3 37 0x01 -37
1402048597.099736 3 38 0x02 -29
1402048597.162921 3 37 0x01 -36
1402048597.302324 3 37 0x02 -28
1402048597.371909 3 39 0x01 -37
1402048597.407962 3 37 0x02 -28
1402048597.479163 3 39 0x01 -38
1402048597.616774 3 39 0x02 -28
1402048597.682544 3 38 0x01 -40
1402048597.721071 3 39 0x02 -27
1402048597.935285 3 38 0x02 -28
1402048598.053155 4 38 0x02 -28
1402048598.092973 4 39 0x01 -39
1402048598.196313 4 39 0x01 -40
1402048598.250052 4 37 0x02 -28
1402048598.299110 4 38 0x01 -42
1402048598.353453 4 37 0x02 -29
1402048598.404677 4 38 0x01 -42
1402048598.512583 4 38 0x01 -41
1402048598.568760 4 39 0x02 -28
1402048598.615320 4 37 0x01 -42
1402048598.674692 4 39 0x02 -38
1402048598.720937 4 37 0x01 -44
1402048598.891400 4 38 0x02 -38
1402048598.928895 4 39 0x01 -43
1402048599.010726 5 38 0x02 -39
1402048599.039797 5 39 0x01 -43
1402048599.104899 5 37 0x02 -39
1402048599.137181 5 38 0x01 -46
1402048599.206558 5 37 0x02 -38
1402048599.239687 5 38 0x01 -46
1402048599.340249 5 37 0x01 -44
1402048599.419145 5 39 0x02 -37
1402048599.447680 5 37 0x01 -44
1402048599.520959 5 39 0x02 -38
1402048599.552274 5 37 0x01 -44
1402048599.656346 5 39 0x01 -44
1402048599.733386 5 38 0x02 -38
1402048599.763921 5 39 0x01 -43
1402048599.834026 5 38 0x02 -38
1402048599.940643 5 37 0x02 -38
1402048599.974241 5 38 0x01 -47
1402048600.057734 6 37 0x02 -38
1402048600.092026 6 38 0x01 -46
1402048600.256546 6 39 0x02 -38
1402048600.295956 6 37 0x01 -45
1402048600.360290 6 39 0x02 -37
1402048600.404044 6 37 0x01 -45
1402048600.570026 6 38 0x02 -39
1402048600.615188 6 39 0x01 -44
1402048600.675036 6 38 0x02 -39
1402048600.719272 6 39 0x01 -44
1402048600.782535 6 37 0x02 -38
1402048600.890853 6 37 0x02 -38
1402048600.929343 6 38 0x01 -47
1402048600.992752 6 37 0x02 -38
1402048601.112174 7 39 0x02 -37
1402048601.210822 7 39 0x02 -37
1402048601.239909 7 37 0x01 -45
1402048601.316016 7 39 0x02 -38
1402048601.346562 7 39 0x01 -44
1402048601.449774 7 39 0x01 -44
1402048601.530270 7 38 0x02 -38
1402048601.558474 7 39 0x01 -44
1402048601.637280 7 38 0x02 -39
1402048601.662003 7 38 0x01 -47
1402048601.764260 7 38 0x01 -45
1402048601.850023 7 37 0x02 -39
1402048601.957775 7 37 0x02 -38
1402048601.975990 7 37 0x01 -44
1402048602.071509 8 39 0x02 -37
1402048602.164619 8 39 0x02 -38
1402048602.295378 8 39 0x01 -43
1402048602.372779 8 38 0x02 -38
1402048602.398901 8 39 0x01 -44
1402048602.476119 8 38 0x02 -39
1402048602.611317 8 38 0x01 -45
1402048602.712570 8 38 0x01 -45
1402048602.791513 8 37 0x02 -38
1402048602.816953 8 37 0x01 -44
1402048602.895333 8 39 0x02 -37
1402048602.922853 8 37 0x01 -44
1402048602.997872 8 39 0x02 -38
1402048603.109878 9 38 0x02 -39
1402048603.137078 9 39 0x01 -44
1402048603.201442 9 38 0x02 -39
1402048603.235596 9 39 0x01 -43
1402048603.304867 9 37 0x02 -38
1402048603.341528 9 38 0x01 -46
1402048603.413780 9 37 0x02 -38
1402048603.449783 9 38 0x01 -47
1402048603.552588 9 38 0x01 -46
1402048603.625977 9 39 0x02 -37
1402048603.732900 9 39 0x02 -38
1402048603.766556 9 37 0x01 -44
1402048603.840530 9 39 0x02 -37
1402048604.061513 10 38 0x02 -39
1402048604.093865 10 39 0x01 -44
1402048604.151614 10 38 0x02 -39
1402048604.197887 10 39 0x01 -43
1402048604.259412 10 37 0x02 -38
1402048604.362476 10 37 0x02 -38
1402048604.411672 10 38 0x01 -47
1402048604.512910 10 38 0x01 -47
1402048604.576729 10 39 0x02 -37
1402048604.617992 10 37 0x01 -44
1402048604.678316 10 39 0x02 -37
1402048604.723015 10 37 0x01 -44
1402048604.886685 10 37 0x02 -38
1402048604.932000 10 38 0x01 -45
1402048604.991539 10 37 0x02 -38
1402048605.052206 11 38 0x01 -46
1402048605.095128 11 39 0x02 -37
1402048605.199102 11 39 0x02 -38
1402048605.254136 11 37 0x01 -45
1402048605.360783 11 37 0x01 -45
1402048605.409148 11 38 0x02 -38
1402048605.514148 11 38 0x02 -38
1402048605.565491 11 39 0x01 -44
1402048605.620295 11 37 0x02 -39
1402048605.723382 11 37 0x02 -38
1402048605.772441 11 38 0x01 -46
1402048605.874202 11 38 0x01 -47
1402048605.929263 11 39 0x02 -37
1402048606.047088 12 39 0x02 -37
1402048606.082439 12 37 0x01 -44
1402048606.189646 12 39 0x01 -44
1402048606.244912 12 38 0x02 -39
1402048606.298266 12 39 0x01 -44
1402048606.371715 12 38 0x01 -47
1402048606.453663 12 37 0x02 -38
1402048606.478251 12 38 0x01 -47
1402048606.558116 12 37 0x02 -38
1402048606.685192 12 37 0x01 -44
1402048606.773619 12 39 0x02 -37
1402048606.792344 12 37 0x01 -45
1402048606.901112 12 39 0x01 -44
1402048607.020170 13 39 0x01 -44
1402048607.085622 13 38 0x02 -38
1402048607.116792 13 39 0x01 -44
1402048607.222420 13 38 0x01 -47
1402048607.286211 13 37 0x02 -39
1402048607.327601 13 38 0x01 -46
1402048607.492539 13 39 0x02 -37
1402048607.533925 13 37 0x01 -45
1402048607.600418 13 39 0x02 -37
1402048607.639335 13 37 0x01 -44
1402048607.812469 13 38 0x02 -39
1402048607.853952 13 39 0x01 -44
1402048607.920404 13 38 0x02 -38
1402048607.959559 13 39 0x01 -44
1402048608.146870 14 37 0x02 -38
1402048608.175834 14 38 0x01 -47
1402048608.235961 14 37 0x02 -38
1402048608.374339 14 37 0x01 -44
1402048608.446658 14 39 0x02 -37
1402048608.477148 14 37 0x01 -44
1402048608.653053 14 38 0x02 -39
1402048608.756218 14 38 0x02 -39
1402048608.793013 14 39 0x01 -44
1402048608.856716 14 37 0x02 -38
1402048608.899013 14 38 0x01 -45
1402048608.927795 14 39 0x02 -37
1402048609.011683 15 38 0x01 -45
1402048609.040322 15 39 0x02 -38
1402048609.215313 15 37 0x01 -44
1402048609.244179 15 38 0x02 -39
1402048609.321691 15 37 0x01 -44
1402048609.451746 15 37 0x02 -39
1402048609.538309 15 39 0x01 -45
1402048609.556150 15 37 0x02 -38
1402048609.642494 15 39 0x01 -44
1402048609.659367 15 39 0x02 -37
1402048609.751522 15 39 0x01 -44
1402048609.767026 15 39 0x02 -38
1402048609.859578 15 38 0x01 -47
1402048609.965079 15 38 0x01 -46
1402048610.096214 16 38 0x02 -38
1402048610.276893 16 37 0x01 -44
1402048610.291976 16 37 0x02 -39
1402048610.399583 16 37 0x02 -38
1402048610.490437 16 39 0x01 -43
1402048610.505863 16 39 0x02 -38
1402048610.594374 16 39 0x01 -44
1402048610.606998 16 39 0x02 -38
1402048610.695018 16 38 0x01 -46
1402048610.711462 16 39 0x02 -37
1402048610.802993 16 38 0x01 -46
1402048610.817565 16 38 0x02 -39
1402048610.921668 16 38 0x02 -39
1402048611.025100 17 37 0x01 -44
1402048611.120180 17 37 0x01 -45
1402048611.130662 17 37 0x02 -39
1402048611.222562 17 39 0x01 -44
1402048611.235295 17 37 0x02 -38
1402048611.325924 17 39 0x01 -44
1402048611.340861 17 39 0x02 -38
1402048611.444342 17 39 0x02 -37
1402048611.533073 17 38 0x01 -47
1402048611.640121 17 38 0x01 -46
1402048611.654902 17 38 0x02 -38
1402048611.760554 17 38 0x02 -38
1402048611.850046 17 37 0x01 -44
1402048611.950715 17 37 0x01 -44
1402048612.067097 18 39 0x01 -44
1402048612.096095 18 37 0x02 -38
1402048612.159380 18 39 0x01 -44
1402048612.291702 18 39 0x02 -37
1402048612.373164 18 38 0x01 -47
1402048612.396796 18 39 0x02 -37
1402048612.481005 18 38 0x01 -46
1402048612.504047 18 38 0x02 -38
1402048612.611690 18 38 0x02 -38
1402048612.687025 18 37 0x01 -44
1402048612.718266 18 38 0x02 -37
1402048612.894397 18 39 0x01 -43
1402048612.933064 18 37 0x02 -39
1402048613.012082 19 39 0x01 -43
1402048613.041053 19 37 0x02 -38
1402048613.150990 19 37 0x02 -38
1402048613.210691 19 38 0x01 -47
1402048613.256682 19 39 0x02 -37
1402048613.317955 19 38 0x01 -45
1402048613.362561 19 39 0x02 -37
1402048613.470120 19 39 0x02 -37
1402048613.531878 19 37 0x01 -44
1402048613.572841 19 38 0x02 -38
1402048613.638757 19 37 0x01 -44
1402048613.675633 19 38 0x02 -38
1402048613.849476 19 39 0x01 -44
1402048613.883143 19 37 0x02 -38
1402048613.953077 19 39 0x01 -44
1402048613.991809 19 37 0x02 -38
1402048614.065160 20 38 0x01 -47
1402048614.096707 20 39 0x02 -37
1402048614.162233 20 38 0x01 -47
1402048614.199351 20 39 0x02 -37
1402048614.366474 20 37 0x01 -44
1402048614.407703 20 38 0x02 -39
1402048614.470560 20 37 0x01 -44
1402048614.512561 20 38 0x02 -39
1402048614.616514 20 37 0x02 -38
1402048614.721046 20 37 0x02 -38
1402048614.788083 20 37 0x01 -44
1402048614.830621 20 39 0x02 -37
1402048614.891650 20 37 0x01 -45
1402048614.933288 20 38 0x02 -38
1402048614.996281 20 37 0x01 -44
1402048615.052339 21 38 0x02 -38
1402048615.145183 21 37 0x02 -38
1402048615.204458 21 39 0x01 -44
1402048615.250765 21 37 0x02 -38
1402048615.305690 21 38 0x01 -46
1402048615.357723 21 37 0x02 -39
1402048615.414381 21 38 0x01 -46
1402048615.522313 21 38 0x01 -46
1402048615.565603 21 39 0x02 -37
1402048615.730628 21 37 0x01 -44
1402048615.768600 21 38 0x02 -39
1402048615.837943 21 37 0x01 -44
1402048615.869368 21 38 0x02 -38
1402048615.972082 21 37 0x02 -39
1402048616.060690 22 39 0x01 -44
1402048616.094019 22 37 0x02 -38
1402048616.152451 22 39 0x01 -44
1402048616.189105 22 37 0x02 -38
1402048616.258019 22 38 0x01 -46
1402048616.297133 22 39 0x02 -38
1402048616.363919 22 38 0x01 -46
1402048616.404315 22 39 0x02 -37
1402048616.468626 22 38 0x01 -45
1402048616.508613 22 39 0x02 -37
1402048616.573338 22 37 0x01 -45
1402048616.612377 22 38 0x02 -38
1402048616.677116 22 37 0x01 -44
1402048616.719400 22 38 0x02 -38
1402048616.890633 22 39 0x01 -44
1402048616.926827 22 37 0x02 -38
1402048616.992044 22 39 0x01 -43
1402048617.039591 23 37 0x02 -38
1402048617.097943 23 38 0x01 -46
1402048617.131154 23 39 0x02 -37
1402048617.200644 23 38 0x01 -47
1402048617.235888 23 39 0x02 -37
1402048617.336865 23 38 0x02 -39
1402048617.401905 23 37 0x01 -45
1402048617.439531 23 38 0x02 -38
1402048617.609928 23 39 0x01 -43
1402048617.645940 23 37 0x02 -38
1402048617.716883 23 39 0x01 -44
1402048617.818919 23 38 0x01 -45
1402048617.849792 23 39 0x02 -41
1402048617.924202 23 38 0x01 -53
1402048617.956895 23 39 0x02 -41
1402048618.043984 24 38 0x01 -44
1402048618.137602 24 37 0x01 -41
1402048618.170568 24 38 0x02 -34
1402048618.243214 24 37 0x01 -41
1402048618.451616 24 39 0x01 -41
1402048618.486953 24 37 0x02 -35
1402048618.552588 24 39 0x01 -42
1402048618.590698 24 37 0x02 -35
1402048618.658028 24 38 0x01 -42
1402048618.762775 24 38 0x01 -44
1402048618.801736 24 39 0x02 -33
1402048618.907002 24 38 0x02 -35
1402048618.972950 24 37 0x01 -42
1402048619.089163 25 37 0x01 -42
1402048619.120000 25 38 0x02 -35
1402048619.229384 25 38 0x02 -35
1402048619.289758 25 39 0x01 -43
1402048619.330731 25 37 0x02 -35
1402048619.396997 25 39 0x01 -42
1402048619.440597 25 37 0x02 -35
1402048619.498386 25 38 0x01 -43
1402048619.602845 25 38 0x01 -43
1402048619.649417 25 39 0x02 -33
1402048619.756683 25 39 0x02 -33
1402048619.805513 25 37 0x01 -42
1402048619.964874 25 38 0x02 -35
1402048620.022795 26 39 0x01 -42
1402048620.069688 26 38 0x02 -35
1402048620.114547 26 39 0x01 -41
1402048620.278494 26 37 0x02 -35
1402048620.320512 26 38 0x01 -43
1402048620.429052 26 38 0x01 -44
1402048620.490515 26 39 0x02 -33
1402048620.534563 26 37 0x01 -42
1402048620.597493 26 39 0x02 -33
1402048620.636955 26 37 0x01 -42
1402048620.808472 26 38 0x02 -35
1402048620.847638 26 39 0x01 -42
1402048620.915752 26 38 0x02 -35
1402048620.951264 26 39 0x01 -42
1402048621.068151 27 38 0x01 -43
1402048621.123997 27 37 0x02 -36
1402048621.159602 27 38 0x01 -43
1402048621.233064 27 37 0x02 -35
1402048621.362365 27 37 0x01 -42
1402048621.444630 27 39 0x02 -33
1402048621.546363 27 38 0x02 -35
1402048621.571996 27 39 0x01 -42
1402048621.650455 27 38 0x02 -35
1402048621.675831 27 39 0x01 -42
1402048621.753361 27 38 0x02 -35
1402048621.777427 27 38 0x01 -43
1402048621.857887 27 37 0x02 -36
1402048621.962006 27 37 0x02 -35
1402048622.082058 28 37 0x02 -35
1402048622.111718 28 37 0x01 -43
1402048622.288252 28 39 0x02 -34
1402048622.298189 28 39 0x01 -42
1402048622.395788 28 39 0x02 -34
1402048622.406005 28 39 0x01 -42
1402048622.512662 28 39 0x01 -41
1402048622.619590 28 38 0x01 -43
1402048622.723202 28 38 0x01 -43
1402048622.830826 28 38 0x01 -44
1402048622.915744 28 37 0x02 -35
1402048622.933239 28 37 0x01 -42
1402048623.049554 29 37 0x01 -42
1402048623.129817 29 39 0x02 -33
1402048623.237514 29 39 0x02 -34
1402048623.243349 29 39 0x01 -42
1402048623.455411 29 38 0x01 -44
1402048623.560353 29 38 0x01 -43
1402048623.652295 29 37 0x02 -35
1402048623.760844 29 37 0x02 -36
1402048623.769559 29 37 0x01 -42
1402048623.871503 29 37 0x01 -42
1402048624.091855 30 39 0x02 -33
1402048624.290395 30 38 0x01 -44
1402048624.393107 30 38 0x02 -35
1402048624.398187 30 38 0x01 -44
1402048624.498430 30 37 0x02 -36
1402048624.602562 30 37 0x02 -36
1402048624.614656 30 37 0x01 -42
1402048624.719590 30 37 0x01 -42
1402048624.816259 30 38 0x02 -35
1402048624.919196 30 38 0x02 -35
1402048624.927607 30 38 0x01 -44
1402048625.043547 31 38 0x01 -44
1402048625.127339 31 37 0x02 -36
1402048625.134840 31 37 0x01 -43
1402048625.241001 31 37 0x01 -43
1402048625.442140 31 39 0x02 -33
1402048625.452132 31 39 0x01 -41
1402048625.557137 31 39 0x01 -41
1402048625.650449 31 38 0x02 -35
1402048625.764393 31 38 0x01 -42
1402048625.859066 31 37 0x02 -35
1402048625.964129 31 37 0x02 -36
1402048625.975270 31 37 0x01 -42
1402048626.188442 32 39 0x02 -33
1402048626.283636 32 39 0x02 -33
1402048626.287507 32 39 0x01 -41
1402048626.372140 32 38 0x01 -43
1402048626.473413 32 38 0x01 -43
1402048626.488798 32 38 0x02 -35
1402048626.575839 32 37 0x01 -42
1402048626.596339 32 38 0x02 -35
1402048626.704070 32 37 0x02 -36
1402048626.808337 32 37 0x02 -36
1402048626.889174 32 39 0x01 -41
1402048626.913168 32 37 0x02 -35
1402048626.993361 32 39 0x01 -42
1402048627.106884 33 38 0x01 -44
1402048627.136312 33 39 0x02 -33
1402048627.200923 33 38 0x01 -43
1402048627.234888 33 39 0x02 -33
1402048627.303339 33 37 0x01 -42
1402048627.412497 33 37 0x01 -42
1402048627.444384 33 38 0x02 -35
1402048627.518945 33 37 0x01 -42
1402048627.552141 33 38 0x02 -35
1402048627.652668 33 37 0x02 -36
1402048627.760803 33 37 0x02 -36
1402048627.835947 33 39 0x01 -42
1402048627.938373 33 38 0x01 -44
1402048627.972175 33 39 0x02 -33
1402048628.056018 34 38 0x01 -42
1402048628.082500 34 39 0x02 -33
1402048628.248633 34 37 0x01 -42
1402048628.284773 34 38 0x02 -35
1402048628.349933 34 37 0x01 -42
1402048628.392184 34 38 0x02 -35
1402048628.458518 34 39 0x01 -42
1402048628.497158 34 37 0x02 -36
1402048628.561745 34 39 0x01 -42
1402048628.605447 34 37 0x02 -36
1402048628.768505 34 38 0x01 -43
1402048628.813017 34 39 0x02 -33
1402048628.914702 34 39 0x02 -33
1402048628.928009 34 39 0x02 -33
1402048628.974709 34 37 0x01 -43
1402048629.045189 35 39 0x02 -33
1402048629.245352 35 38 0x02 -35
1402048629.290346 35 39 0x01 -43
1402048629.349280 35 38 0x02 -35
1402048629.393468 35 39 0x01 -42
1402048629.450123 35 37 0x02 -36
1402048629.498527 35 38 0x01 -43
1402048629.558261 35 37 0x02 -35
1402048629.603414 35 38 0x01 -43
1402048629.707323 35 37 0x01 -42
1402048629.767670 35 39 0x02 -34
1402048629.816046 35 37 0x01 -42
1402048629.869492 35 39 0x02 -33
1402048629.922195 35 37 0x01 -41
1402048629.970187 35 38 0x02 -35
1402048630.040845 36 37 0x01 -42
1402048630.077424 36 38 0x02 -35
1402048630.133199 36 39 0x01 -41
1402048630.178541 36 37 0x02 -36
1402048630.239483 36 39 0x01 -42
1402048630.389738 36 37 0x02 -35
1402048630.445787 36 38 0x01 -43
1402048630.492276 36 39 0x02 -33
1402048630.593493 36 39 0x02 -33
1402048630.655855 36 37 0x01 -42
1402048630.697660 36 38 0x02 -35
1402048630.763885 36 37 0x01 -42
1402048630.913400 36 38 0x02 -35
1402048630.976004 36 39 0x01 -42
1402048631.029663 37 37 0x02 -36
1402048631.125189 37 37 0x02 -36
1402048631.230761 37 37 0x02 -36
1402048631.294262 37 38 0x01 -44
1402048631.333392 37 39 0x02 -33
1402048631.395994 37 38 0x01 -43
1402048631.436691 37 39 0x02 -34
1402048631.500740 37 37 0x01 -42
1402048631.539336 37 38 0x02 -35
1402048631.604798 37 37 0x01 -43
1402048631.647733 37 38 0x02 -35
1402048631.815496 37 39 0x01 -42
1402048631.852607 37 37 0x02 -35
1402048631.918674 37 39 0x01 -42
1402048631.957253 37 37 0x02 -36
1402048632.136321 38 38 0x01 -43
1402048632.170261 38 39 0x02 -34
1402048632.234353 38 38 0x01 -43
1402048632.273541 38 39 0x02 -33
1402048632.333880 38 37 0x01 -41
1402048632.435495 38 37 0x01 -42
1402048632.482260 38 38 0x02 -35
1402048632.537247 38 39 0x01 -42
1402048632.644680 38 39 0x01 -41
1402048632.688509 38 37 0x02 -36
1402048632.752769 38 39 0x01 -42
1402048632.793096 38 37 0x02 -35
1402048632.857346 38 38 0x01 -44
1402048632.959416 38 38 0x01 -43
1402048633.018774 39 39 0x02 -34
1402048633.062414 39 37 0x01 -42
1402048633.113676 39 39 0x02 -33
1402048633.214368 39 38 0x02 -35
1402048633.317119 39 38 0x02 -34
1402048633.491198 39 39 0x01 -41
1402048633.526819 39 37 0x02 -35
1402048633.598763 39 39 0x01 -41
1402048633.737017 39 39 0x02 -33
1402048633.808880 39 38 0x01 -43
1402048633.838172 39 39 0x02 -33
1402048633.913848 39 38 0x01 -43
1402048634.025771 40 37 0x01 -41
1402048634.122252 40 37 0x01 -43
1402048634.149842 40 38 0x02 -35
1402048634.230698 40 37 0x01 -41
1402048634.253941 40 37 0x02 -35
1402048634.334382 40 39 0x01 -41
1402048634.357290 40 37 0x02 -35
1402048634.462979 40 39 0x02 -34
1402048634.569839 40 39 0x02 -33
1402048634.647672 40 38 0x01 -43
1402048634.673543 40 39 0x02 -33
1402048634.755937 40 38 0x01 -43
1402048634.857414 40 39 0x01 -42
1402048634.875914 40 37 0x02 -35
1402048634.959250 40 39 0x01 -41
1402048634.977941 40 39 0x02 -33
1402048635.176956 41 38 0x01 -44
1402048635.269427 41 38 0x01 -43
1402048635.287111 41 38 0x02 -34
1402048635.372800 41 37 0x01 -42
1402048635.393187 41 38 0x02 -35
1402048635.477125 41 37 0x01 -42
1402048635.498492 41 37 0x02 -36
1402048635.605666 41 37 0x02 -35
1402048635.689034 41 39 0x01 -42
1402048635.791969 41 39 0x01 -42
1402048635.817699 41 39 0x02 -33
1402048635.900262 41 38 0x01 -43
1402048635.919829 41 39 0x02 -33
1402048636.013374 42 38 0x01 -42
1402048636.046425 42 39 0x02 -33
1402048636.136159 42 38 0x02 -35
1402048636.212307 42 37 0x01 -42
1402048636.244031 42 38 0x02 -35
1402048636.313041 42 37 0x01 -42
1402048636.349915 42 38 0x02 -35
1402048636.414880 42 39 0x01 -41
1402048636.451117 42 37 0x02 -36
1402048636.522958 42 39 0x01 -42
1402048636.555339 42 37 0x02 -36
1402048636.630778 42 39 0x01 -42
1402048636.663159 42 39 0x02 -33
1402048636.738134 42 38 0x01 -43
1402048636.769371 42 39 0x02 -33
1402048636.843740 42 38 0x01 -44
1402048636.977558 42 38 0x02 -35
1402048637.063950 43 37 0x01 -41
1402048637.090228 43 38 0x02 -35
1402048637.154068 43 37 0x01 -41
1402048637.288909 43 37 0x02 -35
1402048637.372449 43 39 0x01 -42
1402048637.396156 43 37 0x02 -35
1402048637.498409 43 39 0x02 -33
1402048637.579996 43 38 0x01 -44
1402048637.599403 43 39 0x02 -33
1402048637.687381 43 38 0x01 -43
1402048637.795505 43 38 0x01 -43
1402048637.809349 43 38 0x02 -35
1402048637.910182 43 38 0x02 -35
1402048638.017926 44 37 0x01 -42
1402048638.048502 44 37 0x02 -36
1402048638.117343 44 37 0x02 -36
1402048638.212511 44 39 0x01 -41
1402048638.313535 44 39 0x01 -42
1402048638.323162 44 39 0x02 -33
1402048638.431207 44 39 0x02 -33
1402048638.528249 44 38 0x01 -43
1402048638.537805 44 38 0x02 -35
1402048638.733542 44 37 0x01 -42
1402048638.834653 44 37 0x01 -42
1402048638.849024 44 37 0x02 -35
1402048638.953643 44 37 0x02 -36
1402048639.057986 45 39 0x01 -42
1402048639.087966 45 39 0x02 -33
1402048639.153762 45 39 0x01 -41
1402048639.164212 45 39 0x02 -33
1402048639.256098 45 38 0x01 -44
1402048639.271210 45 39 0x02 -33
1402048639.358799 45 38 0x01 -42
1402048639.376394 45 38 0x02 -34
1402048639.465414 45 37 0x01 -42
1402048639.483157 45 38 0x02 -35
1402048639.568106 45 37 0x01 -42
1402048639.669996 45 37 0x01 -42
1402048639.691280 45 37 0x02 -36
1402048639.772482 45 39 0x01 -42
1402048639.799212 45 37 0x02 -36
1402048639.976245 45 38 0x01 -43
1402048640.026434 46 39 0x02 -33
1402048640.078133 46 38 0x01 -43
1402048640.118608 46 39 0x02 -33
1402048640.290014 46 37 0x01 -42
1402048640.392537 46 37 0x01 -42
1402048640.432426 46 38 0x02 -35
1402048640.495323 46 39 0x01 -42
1402048640.538431 46 37 0x02 -36
1402048640.598730 46 39 0x01 -41
1402048640.639831 46 37 0x02 -35
1402048640.746911 46 39 0x02 -33
1402048640.809979 46 38 0x01 -43
1402048640.849484 46 39 0x02 -33
1402048640.912552 46 38 0x01 -44
1402048640.957665 46 39 0x02 -34
1402048641.026498 47 37 0x01 -42
1402048641.122167 47 37 0x01 -42
1402048641.160850 47 38 0x02 -36
1402048641.333256 47 39 0x01 -42
1402048641.367929 47 37 0x02 -36
1402048641.438323 47 39 0x01 -41
1402048641.473649 47 37 0x02 -36
1402048641.645161 47 38 0x01 -44
1402048641.752502 47 38 0x01 -43
1402048641.784177 47 38 0x02 -35
1402048641.856271 47 37 0x01 -42
1402048641.891753 47 38 0x02 -35
1402048641.961454 47 37 0x01 -43
1402048642.080719 48 37 0x01 -42
1402048642.177700 48 39 0x01 -42
1402048642.203805 48 37 0x02 -36
1402048642.413614 48 39 0x02 -33
1402048642.489152 48 38 0x01 -42
1402048642.520495 48 39 0x02 -33
1402048642.591330 48 38 0x01 -44
1402048642.697464 48 37 0x01 -42
1402048642.726358 48 38 0x02 -35
1402048642.803247 48 37 0x01 -42
1402048642.831062 48 38 0x02 -35
1402048642.908116 48 39 0x01 -41
1402048642.936766 48 37 0x02 -35
1402048643.024911 49 39 0x01 -42
1402048643.055965 49 37 0x02 -36
1402048643.122410 49 39 0x01 -42
1402048643.149376 49 37 0x02 -35
1402048643.252769 49 39 0x02 -33
1402048643.330448 49 38 0x01 -44
1402048643.356607 49 39 0x02 -34
1402048643.440337 49 38 0x01 -43
1402048643.568471 49 38 0x02 -35
1402048643.649698 49 37 0x01 -42
1402048643.670199 49 38 0x02 -35
1402048643.753149 49 37 0x01 -42
1402048643.773062 49 37 0x02 -36
1402048643.876203 49 37 0x02 -35
1402048643.984320 49 39 0x02 -33
1402048644.084267 50 39 0x01 -42
1402048644.113442 50 39 0x02 -33
1402048644.173982 50 38 0x01 -43
1402048644.199246 50 39 0x02 -33
1402048644.280500 50 38 0x01 -42
1402048644.408637 50 38 0x02 -35
1402048644.494838 50 37 0x01 -42
1402048644.515841 50 38 0x02 -35
1402048644.596747 50 37 0x01 -43
1402048644.618670 50 37 0x02 -35
1402048644.701411 50 39 0x01 -42
1402048644.721997 50 37 0x02 -36
1402048644.808797 50 38 0x01 -43
1402048644.914315 50 38 0x01 -43
1402048644.928791 50 38 0x02 -35
1402048645.028111 51 37 0x01 -42
1402048645.057123 51 38 0x02 -34
1402048645.121905 51 37 0x01 -42
1402048645.247128 51 37 0x02 -36
1402048645.332534 51 39 0x01 -42
1402048645.435583 51 39 0x01 -42
1402048645.452299 51 39 0x02 -33
1402048645.560845 51 39 0x02 -33
1402048645.646377 51 38 0x01 -44
1402048645.752815 51 38 0x01 -43
1402048645.770836 51 38 0x02 -35
1402048645.860136 51 37 0x01 -42
1402048645.962628 51 37 0x01 -44
1402048645.977572 51 37 0x02 -36
1402048646.097611 52 37 0x02 -36
1402048646.170559 52 39 0x01 -42
1402048646.190159 52 37 0x02 -36
1402048646.293493 52 39 0x02 -33
1402048646.372597 52 38 0x01 -44
1402048646.399733 52 39 0x02 -33
1402048646.609133 52 38 0x02 -35
1402048646.687758 52 37 0x01 -41
1402048646.717056 52 38 0x02 -35
1402048646.790159 52 37 0x01 -42
1402048646.895591 52 39 0x01 -42
1402048646.925201 52 37 0x02 -36
1402048647.011389 53 39 0x01 -42
1402048647.040580 53 37 0x02 -36
1402048647.139887 53 39 0x02 -33
1402048647.206641 53 38 0x01 -43
1402048647.245849 53 39 0x02 -34
1402048647.312505 53 38 0x01 -44
1402048647.353948 53 39 0x02 -33
1402048647.461226 53 38 0x02 -35
1402048647.526381 53 37 0x01 -42
1402048647.564083 53 38 0x02 -35
1402048647.628541 53 37 0x01 -42
1402048647.668311 53 38 0x02 -35
1402048647.776371 53 37 0x02 -36
1402048647.837776 53 39 0x01 -42
1402048647.882164 53 37 0x02 -35
1402048648.055053 54 38 0x01 -43
1402048648.093495 54 39 0x02 -33
1402048648.149032 54 38 0x01 -44
1402048648.196589 54 39 0x02 -33
1402048648.256875 54 37 0x01 -42
1402048648.305214 54 38 0x02 -35
1402048648.363160 54 37 0x01 -42
1402048648.408946 54 38 0x02 -35
1402048648.472419 54 37 0x01 -42
1402048648.514984 54 38 0x02 -35
1402048648.685515 54 39 0x01 -42
1402048648.792604 54 39 0x01 -42
1402048648.895855 54 38 0x01 -43
1402048648.928344 54 39 0x02 -33
1402048649.012475 55 38 0x01 -45
1402048649.041118 55 39 0x02 -33
1402048649.101602 55 37 0x01 -42
1402048649.208831 55 37 0x01 -43
1402048649.238951 55 38 0x02 -35
1402048649.309764 55 37 0x01 -42
1402048649.411541 55 39 0x01 -42
1402048649.450693 55 37 0x02 -36
1402048649.520030 55 39 0x01 -42
1402048649.554007 55 37 0x02 -36
1402048649.726868 55 38 0x01 -43
1402048649.767765 55 39 0x02 -34
1402048649.831452 55 38 0x01 -43
1402048649.870446 55 39 0x02 -33
1402048649.971687 55 38 0x02 -35
1402048650.050949 56 37 0x01 -42
1402048650.243867 56 39 0x01 -42
1402048650.291488 56 37 0x02 -36
1402048650.348964 56 39 0x01 -41
1402048650.395391 56 37 0x02 -36
1402048650.455907 56 38 0x01 -43
1402048650.562160 56 38 0x01 -44
1402048650.608512 56 39 0x02 -33
1402048650.668242 56 38 0x01 -44
1402048650.711715 56 39 0x02 -35
1402048650.771568 56 37 0x01 -42
1402048650.815900 56 38 0x02 -35
1402048650.878812 56 37 0x01 -42
1402048650.916997 56 38 0x02 -35
1402048650.987259 56 37 0x01 -42
1402048651.108418 57 39 0x01 -42
1402048651.137396 57 37 0x02 -36
1402048651.204273 57 39 0x01 -42
1402048651.226589 57 37 0x02 -36
1402048651.312770 57 39 0x01 -41
1402048651.335258 57 39 0x02 -33
1402048651.440284 57 39 0x02 -33
1402048651.524014 57 38 0x01 -43
1402048651.547774 57 39 0x02 -34
1402048651.627832 57 38 0x01 -44
1402048651.654726 57 38 0x02 -35
1402048651.728250 57 37 0x01 -42
1402048651.756761 57 38 0x02 -36
1402048651.968468 57 37 0x02 -36
1402048652.081990 58 37 0x02 -35
1402048652.148033 58 39 0x01 -41
1402048652.249041 58 38 0x01 -44
1402048652.288235 58 39 0x02 -33
1402048652.350364 58 38 0x01 -44
1402048652.396123 58 39 0x02 -34
1402048652.451752 58 37 0x01 -43
1402048652.497726 58 38 0x02 -35
1402048652.601306 58 38 0x02 -35
1402048652.807774 58 37 0x02 -36
1402048652.878469 58 39 0x01 -42
1402048652.909002 58 37 0x02 -36
1402048652.985473 58 39 0x01 -42
1402048653.021925 59 39 0x02 -34
1402048653.090933 59 38 0x01 -44
1402048653.111651 59 39 0x02 -33
1402048653.198575 59 38 0x01 -43
1402048653.211566 59 38 0x02 -36
1402048653.307354 59 38 0x01 -44
1402048653.315693 59 38 0x02 -36
1402048653.413007 59 37 0x01 -42
1402048653.522224 59 37 0x01 -42
1402048653.528269 59 37 0x02 -36
1402048653.626693 59 37 0x01 -42
1402048653.636498 59 37 0x02 -35
1402048653.842868 59 39 0x01 -41
1402048653.845081 59 39 0x02 -34
1402048653.946049 59 39 0x01 -42
1402048653.951473 59 39 0x02 -33
1402048654.058590 60 38 0x01 -43
1402048654.150441 60 38 0x01 -43
1402048654.164103 60 38 0x02 -35
1402048654.359147 60 37 0x01 -42
1402048654.374080 60 37 0x02 -36
1402048654.475651 60 37 0x02 -35
1402048654.584078 60 37 0x02 -36
1402048654.668509 60 39 0x01 -42
1402048654.688981 60 39 0x02 -34
1402048654.795382 60 37 0x02 -36
1402048655.017300 61 39 0x02 -33
1402048655.078861 61 38 0x01 -43
1402048655.286400 61 37 0x01 -42
1402048655.325522 61 38 0x02 -36
1402048655.390413 61 37 0x01 -42
1402048655.427018 61 38 0x02 -35
1402048655.496611 61 39 0x01 -42
1402048655.599215 61 39 0x01 -43
1402048655.639095 61 37 0x02 -36
1402048655.806658 61 38 0x01 -43
1402048655.852378 61 39 0x02 -33
1402048655.911030 61 38 0x01 -44
1402048655.956008 61 39 0x02 -33
1402048656.134117 62 37 0x01 -43
1402048656.163976 62 38 0x02 -35
1402048656.227588 62 37 0x01 -42
1402048656.439503 62 39 0x01 -42
1402048656.476409 62 37 0x02 -35
1402048656.688232 62 39 0x02 -34
1402048656.760822 62 38 0x01 -45
1402048656.796611 62 39 0x02 -34
1402048656.866046 62 38 0x01 -44
1402048656.903607 62 39 0x02 -33
1402048657.088042 63 37 0x01 -42
1402048657.223738 63 38 0x02 -35
1402048657.286507 63 39 0x01 -41
1402048657.394285 63 39 0x01 -42
1402048657.435538 63 37 0x02 -36
1402048657.495877 63 38 0x01 -44
1402048657.597303 63 38 0x01 -43
1402048657.648989 63 39 0x02 -33
1402048657.756534 63 39 0x02 -34
1402048657.806851 63 37 0x01 -42
1402048657.910402 63 37 0x01 -42
1402048657.965372 63 38 0x02 -36
1402048658.079268 64 38 0x02 -36
1402048658.120600 64 39 0x01 -41
1402048658.279536 64 37 0x02 -35
1402048658.434532 64 38 0x01 -43
1402048658.487955 64 39 0x02 -34
1402048658.594679 64 39 0x02 -34
1402048658.643154 64 37 0x01 -43
1402048658.750969 64 37 0x01 -42
1402048658.913931 64 38 0x02 -35
1402048659.074090 65 39 0x01 -41
1402048659.121023 65 37 0x02 -36
1402048659.169251 65 38 0x01 -43
1402048659.227952 65 37 0x02 -36
1402048659.276537 65 38 0x01 -42
1402048659.332860 65 39 0x02 -34
1402048659.435422 65 39 0x02 -33
1402048659.481606 65 37 0x01 -42
1402048659.590457 65 37 0x01 -42
1402048659.637813 65 38 0x02 -36
1402048659.745508 65 38 0x02 -35
1402048659.799536 65 39 0x01 -42
1402048659.846158 65 37 0x02 -36
1402048659.951452 65 37 0x02 -36
1402048660.128758 66 38 0x01 -43
1402048660.160479 66 39 0x02 -33
1402048660.326696 66 37 0x01 -42
1402048660.427025 66 37 0x01 -42
1402048660.480554 66 38 0x02 -35
1402048660.529288 66 39 0x01 -41
1402048660.583665 66 38 0x02 -35
1402048660.632931 66 39 0x01 -41
1402048660.689068 66 37 0x02 -35
1402048660.797207 66 37 0x02 -36
1402048660.845628 66 38 0x01 -43
1402048660.951066 66 38 0x01 -43
1402048661.015525 67 39 0x02 -33
1402048661.110635 67 39 0x02 -34
1402048661.159105 67 37 0x01 -42
1402048661.214588 67 38 0x02 -34
1402048661.318115 67 38 0x02 -35
1402048661.366709 67 39 0x01 -41
1402048661.424966 67 38 0x02 -35
1402048661.528746 67 37 0x02 -35
1402048661.634297 67 37 0x02 -36
1402048661.679131 67 38 0x01 -44
1402048661.784108 67 38 0x01 -42
1402048661.846531 67 39 0x02 -33
1402048661.890720 67 37 0x01 -42
1402048661.952425 67 39 0x02 -33
1402048661.993374 67 37 0x01 -42
1402048662.108197 68 39 0x01 -41
1402048662.199319 68 39 0x01 -41
1402048662.270525 68 38 0x02 -36
1402048662.306065 68 39 0x01 -42
1402048662.407560 68 38 0x01 -43
1402048662.482982 68 37 0x02 -36
1402048662.513015 68 38 0x01 -44
1402048662.590085 68 37 0x02 -36
1402048662.615714 68 37 0x01 -42
1402048662.699338 68 39 0x02 -33
1402048662.721996 68 37 0x01 -43
1402048662.804296 68 39 0x02 -33
1402048662.823956 68 37 0x01 -42
1402048662.907912 68 39 0x02 -34
1402048662.928013 68 39 0x01 -42
1402048663.040558 69 39 0x01 -43
1402048663.122015 69 38 0x02 -36
1402048663.226988 69 38 0x02 -36
1402048663.234222 69 38 0x01 -44
1402048663.332213 69 37 0x02 -36
1402048663.342570 69 38 0x01 -43
1402048663.439681 69 37 0x02 -36
1402048663.449805 69 37 0x01 -42
1402048663.542412 69 37 0x02 -36
1402048663.552862 69 37 0x01 -42
1402048663.647893 69 39 0x02 -34
1402048663.660481 69 37 0x01 -42
1402048663.754153 69 39 0x02 -34
1402048663.769949 69 39 0x01 -42
1402048663.861389 69 39 0x02 -33
1402048663.962201 69 38 0x02 -36
1402048664.078300 70 38 0x02 -34
1402048664.110980 70 38 0x01 -43
1402048664.192731 70 38 0x01 -43
1402048664.274180 70 37 0x02 -35
1402048664.382841 70 37 0x02 -36
1402048664.401857 70 37 0x01 -42
1402048664.490031 70 39 0x02 -34
1402048664.510595 70 37 0x01 -42
1402048664.590948 70 39 0x02 -33
1402048664.726875 70 39 0x01 -42
1402048664.797688 70 37 0x02 -36
1402048664.830448 70 38 0x01 -44
1402048665.016575 71 39 0x02 -34
1402048665.043031 71 37 0x01 -42
1402048665.111810 71 39 0x02 -34
1402048665.144018 71 37 0x01 -42
1402048665.323048 71 38 0x02 -35
1402048665.353941 71 39 0x01 -41
1402048665.424136 71 38 0x02 -35
1402048665.462881 71 39 0x01 -41
1402048665.526792 71 37 0x02 -36
1402048665.567901 71 38 0x01 -42
1402048665.630120 71 37 0x02 -36
1402048665.731853 71 39 0x02 -33
1402048665.836385 71 39 0x02 -33
1402048665.885633 71 37 0x01 -42
1402048665.943339 71 39 0x02 -34
1402048665.993939 71 37 0x01 -42
1402048666.060804 72 38 0x02 -35
1402048666.151824 72 38 0x02 -35
1402048666.202370 72 39 0x01 -41
1402048666.355181 72 37 0x02 -36
1402048666.480363 72 37 0x01 -42
1402048666.562613 72 39 0x02 -33
1402048666.583075 72 37 0x01 -42
1402048666.666694 72 39 0x02 -33
1402048666.689328 72 39 0x01 -41
1402048666.767535 72 38 0x02 -36
1402048666.797936 72 39 0x01 -41
1402048666.901114 72 39 0x01 -41
1402048667.015143 73 38 0x01 -44
1402048667.080267 73 37 0x02 -35
1402048667.112357 73 38 0x01 -43
1402048667.181973 73 37 0x02 -36
1402048667.319369 73 37 0x01 -42
1402048667.395636 73 39 0x02 -33
1402048667.425888 73 37 0x01 -41
1402048667.503786 73 39 0x02 -33
1402048667.640663 73 39 0x01 -42
1402048667.708524 73 38 0x02 -36
1402048667.749446 73 39 0x01 -41
1402048667.917368 73 37 0x02 -36
1402048667.956513 73 38 0x01 -43
1402048668.031751 74 37 0x02 -36
1402048668.128349 74 39 0x02 -33
1402048668.166858 74 37 0x01 -42
1402048668.235461 74 39 0x02 -34
1402048668.272962 74 37 0x01 -42
1402048668.340872 74 39 0x02 -34
1402048668.380484 74 37 0x01 -43
1402048668.443735 74 38 0x02 -36
1402048668.486911 74 39 0x01 -41
1402048668.594877 74 39 0x01 -41
1402048668.703167 74 39 0x01 -41
1402048668.759307 74 37 0x02 -36
1402048668.806472 74 38 0x01 -44
1402048668.913075 74 38 0x01 -44
1402048668.928060 74 38 0x02 -35
1402048669.033854 75 38 0x01 -43
1402048669.059437 75 38 0x02 -35
1402048669.126866 75 37 0x01 -42
1402048669.139676 75 38 0x02 -34
1402048669.233355 75 37 0x01 -42
1402048669.240793 75 37 0x02 -36
1402048669.349761 75 37 0x02 -36
1402048669.440478 75 39 0x01 -43
1402048669.547942 75 39 0x01 -41
1402048669.669081 75 39 0x02 -33
1402048669.756795 75 38 0x01 -44
1402048669.885135 75 38 0x02 -35
1402048670.082692 76 37 0x01 -42
1402048670.179564 76 37 0x01 -42
1402048670.200581 76 37 0x02 -35
1402048670.282677 76 39 0x01 -42
1402048670.308603 76 37 0x02 -36
1402048670.389357 76 39 0x01 -41
1402048670.494011 76 38 0x01 -44
1402048670.516741 76 39 0x02 -33
1402048670.599884 76 38 0x01 -44
1402048670.623421 76 39 0x02 -34
1402048670.705722 76 38 0x01 -44
1402048670.724412 76 38 0x02 -36
1402048670.827881 76 38 0x02 -36
1402048670.916060 76 37 0x01 -43
1402048671.029825 77 37 0x01 -43
1402048671.058092 77 37 0x02 -36
1402048671.123214 77 39 0x01 -42
1402048671.140264 77 37 0x02 -36
1402048671.229988 77 39 0x01 -41
1402048671.244247 77 39 0x02 -33
1402048671.349452 77 39 0x02 -33
1402048671.439796 77 38 0x01 -42
1402048671.450594 77 38 0x02 -35
1402048671.545267 77 38 0x01 -44
1402048671.552373 77 38 0x02 -35
1402048671.645848 77 37 0x01 -42
1402048671.660859 77 38 0x02 -35
1402048671.748114 77 37 0x01 -42
1402048671.768099 77 37 0x02 -36
1402048671.871254 77 37 0x02 -36
1402048671.959473 77 39 0x01 -42
1402048671.979323 77 37 0x02 -36
1402048672.076004 78 39 0x01 -44
1402048672.110213 78 39 0x02 -34
1402048672.187879 78 39 0x02 -37
1402048672.292840 78 38 0x02 -52
1402048672.380356 78 38 0x01 -53
1402048672.395008 78 38 0x02 -46
1402048672.488323 78 37 0x01 -54
1402048672.499344 78 38 0x02 -47
1402048672.590675 78 37 0x01 -59
1402048672.604829 78 37 0x02 -49
1402048672.713723 78 37 0x02 -47
1402048672.818383 78 37 0x02 -46
1402048672.899985 78 39 0x01 -58
1402048672.925632 78 39 0x02 -50
1402048673.013845 79 38 0x01 -55
1402048673.042519 79 39 0x02 -50
1402048673.104756 79 38 0x01 -56
1402048673.240674 79 38 0x02 -47
1402048673.315851 79 37 0x01 -58
1402048673.345866 79 38 0x02 -48
1402048673.417247 79 37 0x01 -59
1402048673.555904 79 37 0x02 -47
1402048673.660918 79 37 0x02 -54
1402048673.831504 79 38 0x01 -47
1402048673.871280 79 39 0x02 -35
1402048673.936995 79 38 0x01 -45
1402048674.055744 80 37 0x01 -44
1402048674.083253 80 38 0x02 -33
1402048674.145318 80 37 0x01 -44
1402048674.180970 80 38 0x02 -34
