1402047961.933741 0 37 0x02 -36
1402047961.982111 0 39 0x01 -37
1402047962.084174 1 37 0x03 -32
1402047962.123717 1 39 0x02 -36
1402047962.157943 1 37 0x03 -32
1402047962.198530 1 38 0x01 -39
1402047962.307405 1 38 0x01 -40
1402047962.365306 1 39 0x03 -33
1402047962.443672 1 38 0x02 -37
1402047962.471410 1 39 0x03 -33
1402047962.512294 1 37 0x01 -39
1402047962.579367 1 38 0x03 -33
1402047962.649777 1 37 0x02 -36
1402047962.727740 1 39 0x01 -37
1402047962.754632 1 37 0x02 -36
1402047962.832539 1 39 0x01 -37
1402047962.967595 1 39 0x02 -36
1402047962.999746 1 37 0x03 -32
1402047963.051146 2 38 0x01 -40
1402047963.075928 2 39 0x02 -36
1402047963.105548 2 37 0x03 -32
1402047963.148230 2 38 0x01 -40
1402047963.175750 2 38 0x02 -37
1402047963.280888 2 38 0x02 -37
1402047963.363899 2 37 0x01 -39
1402047963.388729 2 38 0x02 -37
1402047963.425122 2 39 0x03 -33
1402047963.472598 2 37 0x01 -39
1402047963.533590 2 38 0x03 -32
1402047963.599202 2 37 0x02 -36
1402047963.637740 2 38 0x03 -33
1402047963.685967 2 39 0x01 -37
1402047963.705668 2 37 0x02 -36
1402047963.794700 2 39 0x01 -37
1402047963.847947 2 37 0x03 -32
1402047963.955981 2 37 0x03 -32
1402047964.012190 3 38 0x01 -40
1402047964.110274 3 38 0x01 -39
1402047964.122941 3 38 0x02 -37
1402047964.162347 3 39 0x03 -33
1402047964.228538 3 38 0x02 -37
1402047964.263808 3 39 0x03 -33
1402047964.320387 3 37 0x01 -39
1402047964.427777 3 37 0x01 -39
1402047964.440182 3 37 0x02 -36
1402047964.536858 3 39 0x01 -37
1402047964.544983 3 37 0x02 -36
1402047964.638865 3 39 0x01 -37
1402047964.649260 3 39 0x02 -36
1402047964.682846 3 37 0x03 -32
1402047964.746568 3 39 0x01 -37
1402047964.752808 3 39 0x02 -36
1402047964.787824 3 37 0x03 -32
1402047964.847781 3 38 0x01 -39
1402047964.959048 3 38 0x02 -37
1402047965.009709 4 39 0x03 -33
1402047965.063715 4 38 0x01 -40
1402047965.163374 4 37 0x02 -36
1402047965.166500 4 37 0x01 -39
1402047965.264042 4 37 0x02 -36
1402047965.275103 4 37 0x01 -39
1402047965.366442 4 39 0x02 -36
1402047965.469391 4 39 0x02 -36
1402047965.487577 4 39 0x01 -38
1402047965.532554 4 37 0x03 -33
1402047965.594915 4 39 0x01 -37
1402047965.640523 4 37 0x03 -32
1402047965.684924 4 38 0x02 -37
1402047965.747752 4 37 0x03 -32
1402047965.786173 4 38 0x02 -37
1402047965.802034 4 38 0x01 -40
1402047965.894869 4 37 0x02 -36
1402047965.908940 4 38 0x01 -40
1402047965.952907 4 39 0x03 -33
1402047966.008697 5 37 0x02 -35
1402047966.110575 5 37 0x02 -36
1402047966.126162 5 37 0x01 -39
1402047966.235578 5 37 0x01 -39
1402047966.323880 5 39 0x02 -36
1402047966.344919 5 37 0x01 -39
1402047966.363435 5 37 0x01 -39
1402047966.430783 5 39 0x02 -36
1402047966.470981 5 37 0x01 -39
1402047966.476604 5 37 0x03 -32
1402047966.583938 5 37 0x03 -32
1402047966.635096 5 38 0x02 -37
1402047966.684088 5 39 0x01 -37
1402047966.686348 5 39 0x03 -32
1402047966.792177 5 39 0x01 -37
1402047966.843553 5 37 0x02 -36
1402047966.949869 5 37 0x02 -36
1402047966.995991 5 38 0x03 -33
1402047967.012176 6 38 0x01 -39
1402047967.112465 6 38 0x01 -40
1402047967.165767 6 39 0x02 -36
1402047967.200549 6 37 0x03 -32
1402047967.271787 6 39 0x02 -36
1402047967.306866 6 37 0x03 -32
1402047967.323369 6 37 0x01 -40
1402047967.427103 6 37 0x01 -39
1402047967.485076 6 38 0x02 -37
1402047967.623797 6 39 0x03 -33
1402047967.637869 6 39 0x01 -37
1402047967.696080 6 37 0x02 -36
1402047967.804792 6 37 0x02 -36
1402047967.842028 6 38 0x01 -40
1402047967.912695 6 37 0x02 -36
1402047967.950335 6 38 0x01 -39
1402047968.047563 7 37 0x03 -32
1402047968.069896 7 37 0x01 -39
1402047968.123398 7 39 0x02 -37
1402047968.144112 7 37 0x03 -32
1402047968.157543 7 37 0x01 -39
1402047968.231747 7 39 0x02 -36
1402047968.246630 7 39 0x03 -33
1402047968.355325 7 39 0x03 -33
1402047968.364809 7 39 0x01 -37
1402047968.463840 7 39 0x03 -33
1402047968.469770 7 39 0x01 -37
1402047968.547676 7 38 0x02 -36
1402047968.652770 7 37 0x02 -36
1402047968.679548 7 38 0x01 -40
1402047968.755506 7 37 0x02 -36
1402047968.783701 7 38 0x01 -40
1402047968.863578 7 37 0x02 -36
1402047968.881949 7 37 0x03 -33
1402047968.891686 7 37 0x01 -39
1402047968.918563 7 38 0x02 -37
1402047968.985396 7 37 0x03 -33
1402047969.029699 8 38 0x02 -36
1402047969.101809 8 37 0x01 -39
1402047969.130518 8 37 0x02 -36
1402047969.209921 8 39 0x03 -33
1402047969.210725 8 39 0x01 -37
1402047969.233041 8 37 0x02 -36
1402047969.339372 8 39 0x02 -36
1402047969.440883 8 39 0x02 -36
1402047969.511072 8 38 0x03 -33
1402047969.526437 8 38 0x01 -40
1402047969.632108 8 38 0x01 -40
1402047969.719392 8 37 0x03 -33
1402047969.765410 8 38 0x02 -37
1402047969.823962 8 37 0x03 -34
1402047969.839161 8 37 0x01 -39
1402047969.867720 8 38 0x02 -36
1402047969.927310 8 39 0x03 -32
1402047969.943656 8 37 0x01 -39
1402047970.041016 9 39 0x03 -32
1402047970.075755 9 37 0x02 -36
1402047970.152986 9 39 0x01 -37
1402047970.184580 9 37 0x02 -36
1402047970.291986 9 39 0x02 -36
1402047970.361744 9 38 0x01 -40
1402047970.399843 9 39 0x02 -36
1402047970.467793 9 38 0x01 -39
1402047970.560505 9 37 0x03 -32
1402047970.568805 9 37 0x01 -39
1402047970.666546 9 37 0x03 -32
1402047970.677830 9 37 0x01 -39
1402047970.718007 9 38 0x02 -37
1402047970.770294 9 39 0x03 -32
1402047970.784159 9 37 0x01 -39
1402047970.823649 9 38 0x02 -37
1402047970.877691 9 39 0x03 -33
1402047970.890381 9 39 0x01 -37
1402047970.980881 9 39 0x03 -33
1402047970.994836 9 39 0x01 -37
1402047971.045611 10 37 0x02 -36
1402047971.145223 10 37 0x02 -36
1402047971.312153 10 38 0x01 -40
1402047971.357086 10 39 0x02 -36
1402047971.524612 10 37 0x01 -39
1402047971.626291 10 37 0x01 -39
1402047971.671590 10 38 0x02 -37
1402047971.722818 10 39 0x03 -32
1402047971.736502 10 39 0x01 -37
1402047971.830146 10 39 0x03 -33
1402047971.836937 10 39 0x01 -37
1402047971.880245 10 37 0x02 -36
1402047971.941603 10 38 0x01 -40
1402047971.987831 10 39 0x02 -36
1402047972.051233 11 37 0x03 -32
1402047972.072427 11 37 0x01 -39
1402047972.144925 11 37 0x03 -32
1402047972.156768 11 37 0x01 -39
1402047972.194353 11 38 0x02 -36
1402047972.260719 11 37 0x01 -39
1402047972.355937 11 39 0x03 -33
1402047972.364242 11 39 0x01 -37
1402047972.398259 11 37 0x02 -36
1402047972.462510 11 39 0x03 -33
1402047972.468675 11 39 0x01 -37
1402047972.504036 11 37 0x02 -36
1402047972.681746 11 38 0x01 -39
1402047972.713963 11 39 0x02 -36
1402047972.818700 11 39 0x02 -36
1402047972.876587 11 37 0x03 -33
1402047972.924216 11 38 0x02 -37
1402047972.983162 11 37 0x03 -33
1402047972.996445 11 37 0x01 -39
1402047973.094937 12 39 0x03 -33
1402047973.190820 12 39 0x03 -32
1402047973.237855 12 37 0x02 -36
1402047973.307201 12 39 0x01 -37
1402047973.347096 12 37 0x02 -36
1402047973.410342 12 38 0x01 -40
1402047973.555502 12 39 0x02 -35
1402047973.620965 12 38 0x01 -40
1402047973.659213 12 39 0x02 -37
1402047973.712977 12 37 0x03 -32
1402047973.726149 12 37 0x01 -39
1402047973.766576 12 38 0x02 -37
1402047973.829222 12 37 0x01 -39
1402047973.873033 12 38 0x02 -36
1402047973.916832 12 39 0x03 -32
1402047973.938580 12 37 0x01 -39
1402047974.028154 13 39 0x03 -33
1402047974.081928 13 37 0x02 -36
1402047974.154342 13 39 0x01 -37
1402047974.186282 13 37 0x02 -36
1402047974.366190 13 38 0x01 -40
1402047974.392217 13 39 0x02 -36
1402047974.439266 13 37 0x03 -33
1402047974.473201 13 38 0x01 -38
1402047974.545937 13 37 0x03 -33
1402047974.596884 13 38 0x02 -37
1402047974.760499 13 39 0x03 -32
1402047974.780952 13 37 0x01 -39
1402047974.864982 13 39 0x03 -33
1402047974.883686 13 39 0x01 -37
1402047974.917581 13 37 0x02 -36
1402047974.984693 13 39 0x01 -37
1402047975.030128 14 37 0x02 -36
1402047975.067808 14 38 0x03 -33
1402047975.089160 14 38 0x01 -38
1402047975.125947 14 39 0x02 -36
1402047975.195430 14 38 0x01 -40
1402047975.278770 14 37 0x03 -32
1402047975.301489 14 38 0x01 -40
1402047975.383407 14 37 0x03 -32
1402047975.405557 14 37 0x01 -39
1402047975.445339 14 38 0x02 -37
1402047975.486016 14 39 0x03 -32
1402047975.510550 14 37 0x01 -39
1402047975.551490 14 38 0x02 -37
1402047975.586615 14 39 0x03 -32
1402047975.688184 14 38 0x03 -33
1402047975.724179 14 39 0x01 -37
1402047975.757960 14 37 0x02 -36
1402047975.830585 14 39 0x01 -37
1402047975.864682 14 37 0x02 -36
1402047975.901286 14 38 0x03 -33
1402047975.935473 14 38 0x01 -39
1402047976.015548 15 37 0x03 -32
1402047976.043988 15 38 0x01 -39
1402047976.075680 15 39 0x02 -36
1402047976.113076 15 37 0x03 -32
1402047976.184156 15 39 0x02 -36
1402047976.221295 15 37 0x03 -32
1402047976.259776 15 38 0x01 -40
1402047976.286792 15 38 0x02 -37
1402047976.328627 15 39 0x03 -32
1402047976.368268 15 37 0x01 -39
1402047976.392135 15 38 0x02 -37
1402047976.437793 15 39 0x03 -33
1402047976.473186 15 37 0x01 -39
1402047976.545376 15 39 0x03 -32
1402047976.602112 15 37 0x02 -36
1402047976.686245 15 39 0x01 -37
1402047976.708377 15 37 0x02 -36
1402047976.793513 15 39 0x01 -38
1402047976.918856 15 39 0x02 -36
1402047976.965521 15 37 0x03 -33
1402047976.995579 15 38 0x01 -40
1402047977.030207 16 39 0x02 -36
1402047977.101918 16 38 0x01 -40
1402047977.129316 16 38 0x02 -37
1402047977.203272 16 37 0x01 -40
1402047977.237486 16 38 0x02 -37
1402047977.279845 16 39 0x03 -33
1402047977.311816 16 37 0x01 -39
1402047977.339271 16 38 0x02 -37
1402047977.381845 16 39 0x03 -33
1402047977.440620 16 37 0x02 -36
1402047977.486642 16 38 0x03 -33
1402047977.524636 16 39 0x01 -37
1402047977.542865 16 37 0x02 -36
1402047977.630009 16 39 0x01 -37
1402047977.650771 16 39 0x02 -36
1402047977.698564 16 38 0x03 -33
1402047977.731527 16 38 0x01 -40
1402047977.752559 16 39 0x02 -36
1402047977.807076 16 37 0x03 -33
1402047977.832849 16 38 0x01 -40
1402047977.941264 16 38 0x01 -40
1402047977.958845 16 38 0x02 -37
1402047978.052047 17 37 0x01 -39
1402047978.073148 17 38 0x02 -37
1402047978.121944 17 39 0x03 -33
1402047978.151016 17 37 0x01 -39
1402047978.225135 17 39 0x03 -33
1402047978.269481 17 37 0x02 -36
1402047978.361857 17 39 0x01 -37
1402047978.465483 17 39 0x01 -37
1402047978.483848 17 39 0x02 -36
1402047978.586883 17 39 0x02 -36
1402047978.640633 17 37 0x03 -32
1402047978.671734 17 38 0x01 -40
1402047978.749204 17 37 0x03 -32
1402047978.791644 17 38 0x02 -37
1402047978.884258 17 37 0x01 -40
1402047978.960097 17 39 0x03 -33
1402047978.992848 17 37 0x01 -40
1402047978.996703 17 37 0x02 -36
1402047979.074680 18 39 0x03 -32
1402047979.098860 18 37 0x01 -39
1402047979.102823 18 37 0x02 -36
1402047979.280265 18 38 0x03 -33
1402047979.312108 18 39 0x01 -40
1402047979.315112 18 39 0x02 -36
1402047979.420586 18 39 0x02 -36
1402047979.517603 18 38 0x01 -41
1402047979.520967 18 38 0x02 -37
1402047979.593865 18 37 0x03 -32
1402047979.621978 18 38 0x01 -41
1402047979.629311 18 38 0x02 -36
1402047979.700607 18 37 0x03 -33
1402047979.831942 18 37 0x02 -36
1402047979.837082 18 37 0x01 -40
1402047979.908133 18 39 0x03 -33
1402047979.937546 18 37 0x02 -36
1402047979.942318 18 37 0x01 -40
1402047980.048944 19 39 0x02 -36
1402047980.071073 19 39 0x01 -38
1402047980.144442 19 39 0x02 -36
1402047980.154879 19 39 0x01 -38
1402047980.248877 19 38 0x02 -37
1402047980.260198 19 39 0x01 -38
1402047980.431027 19 37 0x03 -36
1402047980.469808 19 38 0x01 -39
1402047980.561674 19 37 0x02 -35
1402047980.579274 19 38 0x01 -39
1402047980.645035 19 39 0x03 -36
1402047980.668418 19 37 0x02 -36
1402047980.686891 19 37 0x01 -39
1402047980.752280 19 39 0x03 -37
1402047980.795704 19 37 0x01 -39
1402047980.880448 19 39 0x02 -36
1402047980.955027 19 38 0x03 -37
1402047980.985428 19 39 0x02 -36
1402047981.069665 20 38 0x03 -37
1402047981.107817 20 39 0x01 -37
1402047981.111592 20 39 0x03 -36
1402047981.218265 20 39 0x03 -36
1402047981.321683 20 38 0x03 -37
1402047981.424227 20 38 0x01 -39
1402047981.427728 20 38 0x03 -37
1402047981.515126 20 37 0x02 -36
1402047981.619110 20 37 0x02 -35
1402047981.639109 20 37 0x01 -39
1402047981.643255 20 37 0x03 -36
1402047981.844256 20 39 0x01 -37
1402047981.852609 20 39 0x03 -36
1402047981.937592 20 38 0x02 -36
1402047981.952652 20 38 0x01 -39
1402047982.052189 21 37 0x02 -36
1402047982.073379 21 38 0x01 -39
1402047982.147781 21 37 0x02 -36
1402047982.271768 21 37 0x01 -40
1402047982.275003 21 37 0x03 -36
1402047982.356196 21 39 0x02 -35
1402047982.384230 21 37 0x03 -36
1402047982.461943 21 39 0x02 -36
1402047982.480471 21 39 0x01 -38
1402047982.569295 21 38 0x02 -36
1402047982.588662 21 39 0x01 -36
1402047982.597350 21 39 0x03 -36
1402047982.670224 21 38 0x02 -36
1402047982.702268 21 39 0x03 -36
1402047982.793961 21 38 0x01 -39
1402047982.879433 21 37 0x02 -36
1402047982.916958 21 38 0x03 -37
1402047982.984543 21 37 0x02 -36
1402047982.998857 21 37 0x01 -39
1402047983.133707 22 37 0x03 -36
1402047983.200900 22 39 0x02 -35
1402047983.234078 22 37 0x03 -36
1402047983.304512 22 39 0x02 -36
1402047983.314958 22 39 0x01 -36
1402047983.341694 22 37 0x03 -36
1402047983.418912 22 39 0x01 -37
1402047983.511944 22 38 0x02 -36
1402047983.521934 22 38 0x01 -40
1402047983.553433 22 39 0x03 -36
1402047983.618938 22 38 0x02 -36
1402047983.623594 22 38 0x01 -40
1402047983.725142 22 37 0x02 -35
1402047983.828869 22 37 0x01 -39
1402047983.832437 22 37 0x02 -36
1402047983.868886 22 38 0x03 -37
1402047984.047290 23 39 0x01 -37
1402047984.070104 23 39 0x02 -36
1402047984.076181 23 37 0x03 -36
1402047984.147159 23 39 0x01 -37
1402047984.151033 23 39 0x02 -35
1402047984.181479 23 37 0x03 -36
1402047984.355515 23 38 0x02 -36
1402047984.396525 23 39 0x03 -36
1402047984.458215 23 38 0x01 -40
1402047984.462021 23 38 0x02 -36
1402047984.505140 23 39 0x03 -36
1402047984.559078 23 37 0x01 -39
1402047984.566727 23 37 0x02 -36
1402047984.664670 23 37 0x01 -39
1402047984.671484 23 37 0x02 -36
1402047984.714411 23 38 0x03 -37
1402047984.767950 23 39 0x01 -37
1402047984.776992 23 37 0x02 -36
1402047984.819296 23 38 0x03 -37
1402047984.869305 23 39 0x01 -37
1402047984.884578 23 39 0x02 -35
1402047984.922334 23 37 0x03 -36
1402047984.971538 23 38 0x01 -40
1402047984.990650 23 39 0x02 -36
1402047985.038430 24 37 0x03 -36
1402047985.072487 24 38 0x01 -39
1402047985.181646 24 38 0x01 -40
1402047985.195367 24 38 0x02 -37
1402047985.242398 24 39 0x03 -36
1402047985.285100 24 37 0x01 -39
1402047985.303000 24 38 0x02 -36
1402047985.345572 24 39 0x03 -37
1402047985.388989 24 37 0x01 -39
1402047985.406589 24 37 0x02 -36
1402047985.497199 24 37 0x01 -39
1402047985.605336 24 39 0x01 -37
1402047985.613948 24 39 0x02 -36
1402047985.658159 24 38 0x03 -37
1402047985.714028 24 39 0x01 -37
1402047985.716199 24 39 0x02 -36
1402047985.758600 24 37 0x03 -36
1402047985.862986 24 37 0x03 -36
1402047985.919672 24 38 0x02 -37
1402047985.925759 24 38 0x01 -40
1402047986.034415 25 38 0x02 -36
1402047986.056289 25 38 0x01 -40
1402047986.076952 25 39 0x03 -36
1402047986.135178 25 37 0x02 -36
1402047986.136435 25 38 0x01 -40
1402047986.184279 25 39 0x03 -36
1402047986.237475 25 37 0x02 -35
1402047986.243266 25 37 0x01 -39
1402047986.339065 25 37 0x02 -36
1402047986.351847 25 37 0x01 -39
1402047986.363527 25 37 0x01 -39
1402047986.399447 25 38 0x03 -37
1402047986.441468 25 39 0x02 -36
1402047986.472184 25 37 0x01 -39
1402047986.548925 25 39 0x02 -35
1402047986.578485 25 37 0x01 -39
1402047986.613775 25 37 0x03 -36
1402047986.657149 25 39 0x02 -36
1402047986.682988 25 39 0x01 -37
1402047986.715889 25 37 0x03 -36
1402047986.786243 25 39 0x01 -37
1402047986.821926 25 37 0x03 -36
1402047986.868655 25 38 0x02 -36
1402047986.889379 25 38 0x01 -39
1402047986.925395 25 39 0x03 -36
1402047986.996231 25 38 0x01 -40
1402047987.040345 26 39 0x03 -36
1402047987.078404 26 37 0x02 -36
1402047987.097885 26 38 0x01 -40
1402047987.139953 26 39 0x03 -36
1402047987.187717 26 37 0x02 -36
1402047987.202716 26 37 0x01 -39
1402047987.242031 26 38 0x03 -37
1402047987.398359 26 39 0x02 -36
1402047987.500026 26 39 0x02 -36
1402047987.521636 26 39 0x01 -36
1402047987.555608 26 37 0x03 -36
1402047987.626014 26 39 0x01 -38
1402047987.662050 26 37 0x03 -36
1402047987.707953 26 38 0x02 -37
1402047987.840006 26 38 0x01 -40
1402047987.873294 26 39 0x03 -36
1402047987.922051 26 37 0x02 -36
1402047987.943699 26 38 0x01 -40
1402047987.979581 26 39 0x03 -36
1402047988.033316 27 37 0x02 -36
1402047988.154316 27 37 0x01 -39
1402047988.242859 27 39 0x02 -36
1402047988.258377 27 37 0x01 -39
1402047988.300440 27 38 0x03 -37
1402047988.347452 27 39 0x02 -36
1402047988.360679 27 39 0x01 -37
1402047988.462189 27 39 0x01 -37
1402047988.557218 27 38 0x02 -36
1402047988.619041 27 37 0x03 -36
1402047988.664926 27 38 0x02 -36
1402047988.677730 27 38 0x01 -39
1402047988.724150 27 39 0x03 -36
1402047988.780898 27 38 0x01 -40
1402047988.829815 27 39 0x03 -36
1402047988.870297 27 37 0x02 -36
1402047988.938195 27 39 0x03 -36
1402047988.998713 27 37 0x01 -39
1402047989.027588 28 38 0x02 -36
1402047989.124915 28 37 0x02 -36
1402047989.233484 28 37 0x02 -36
1402047989.320653 28 39 0x01 -37
1402047989.339013 28 37 0x02 -36
1402047989.353216 28 37 0x03 -36
1402047989.447824 28 39 0x02 -35
1402047989.457856 28 37 0x03 -36
1402047989.530891 28 38 0x01 -40
1402047989.551722 28 39 0x02 -36
1402047989.561962 28 39 0x03 -36
1402047989.632354 28 38 0x01 -40
1402047989.668650 28 39 0x03 -36
1402047989.741581 28 38 0x01 -39
1402047989.757132 28 38 0x02 -36
1402047989.842867 28 37 0x01 -39
1402047989.861938 28 38 0x02 -36
1402047989.876828 28 38 0x03 -37
1402047989.948110 28 37 0x01 -39
1402047989.964382 28 37 0x02 -36
1402047990.072874 29 37 0x02 -36
1402047990.098399 29 37 0x03 -37
1402047990.162262 29 39 0x01 -37
1402047990.189808 29 37 0x03 -36
1402047990.269815 29 39 0x01 -37
1402047990.275735 29 39 0x02 -36
1402047990.298366 29 37 0x03 -37
1402047990.384445 29 39 0x02 -36
1402047990.402497 29 39 0x03 -36
1402047990.473712 29 38 0x01 -38
1402047990.507007 29 39 0x03 -36
1402047990.595771 29 38 0x02 -36
1402047990.789099 29 37 0x01 -39
1402047990.800910 29 37 0x02 -36
1402047990.919812 29 37 0x03 -36
1402047990.996261 29 39 0x01 -37
1402047991.029648 30 37 0x03 -36
1402047991.100488 30 39 0x01 -37
1402047991.115907 30 39 0x02 -36
1402047991.126649 30 39 0x03 -36
1402047991.224539 30 39 0x02 -36
1402047991.227655 30 39 0x03 -36
1402047991.308360 30 38 0x01 -39
1402047991.435868 30 38 0x02 -36
1402047991.517827 30 37 0x01 -39
1402047991.533474 30 37 0x03 -36
1402047991.543500 30 38 0x02 -37
1402047991.625796 30 37 0x01 -39
1402047991.638857 30 37 0x03 -36
1402047991.728350 30 39 0x01 -37
1402047991.742106 30 37 0x03 -36
1402047991.758786 30 37 0x02 -36
1402047991.832392 30 39 0x01 -37
1402047991.845117 30 39 0x03 -36
1402047991.867268 30 37 0x02 -35
1402047992.046878 31 37 0x01 -39
1402047992.078237 31 38 0x02 -36
1402047992.144025 31 37 0x01 -39
1402047992.159717 31 37 0x03 -36
1402047992.180830 31 38 0x02 -37
1402047992.263218 31 37 0x03 -36
1402047992.284749 31 37 0x02 -36
1402047992.354134 31 39 0x01 -37
1402047992.366530 31 39 0x03 -36
1402047992.389202 31 37 0x02 -36
1402047992.462019 31 39 0x01 -37
1402047992.468859 31 39 0x03 -36
1402047992.497171 31 37 0x02 -36
1402047992.604872 31 39 0x02 -36
1402047992.669611 31 38 0x01 -40
1402047992.680759 31 38 0x03 -37
1402047992.779159 31 38 0x01 -40
1402047992.787902 31 38 0x03 -37
1402047992.817428 31 39 0x02 -36
1402047992.879516 31 37 0x01 -40
1402047992.924461 31 38 0x02 -36
1402047992.997185 31 37 0x03 -36
1402047993.038654 32 38 0x02 -36
1402047993.102722 32 37 0x03 -36
1402047993.138871 32 38 0x02 -36
1402047993.192327 32 39 0x01 -37
1402047993.293675 32 38 0x01 -39
1402047993.318395 32 39 0x03 -36
1402047993.354120 32 37 0x02 -36
1402047993.398427 32 38 0x01 -40
1402047993.422216 32 39 0x03 -36
1402047993.460501 32 37 0x02 -36
1402047993.507215 32 38 0x01 -39
1402047993.525948 32 38 0x03 -36
1402047993.565749 32 39 0x02 -36
1402047993.631948 32 38 0x03 -37
1402047993.667933 32 39 0x02 -36
1402047993.717194 32 37 0x01 -39
1402047993.823361 32 37 0x01 -39
1402047993.843292 32 37 0x03 -36
1402047993.880031 32 38 0x02 -37
1402047993.928937 32 39 0x01 -37
1402047993.948625 32 37 0x03 -37
1402047993.985571 32 38 0x02 -37
1402047994.042797 33 39 0x01 -37
1402047994.068188 33 37 0x03 -36
1402047994.087638 33 37 0x02 -36
1402047994.142256 33 39 0x01 -37
1402047994.160407 33 39 0x03 -36
1402047994.192569 33 37 0x02 -36
1402047994.246999 33 38 0x01 -40
1402047994.299740 33 37 0x02 -36
1402047994.348527 33 38 0x01 -40
1402047994.405931 33 39 0x02 -36
1402047994.475503 33 38 0x03 -37
1402047994.557008 33 37 0x01 -39
1402047994.617638 33 39 0x02 -36
1402047994.658036 33 37 0x01 -39
1402047994.719457 33 38 0x02 -37
1402047994.760971 33 39 0x01 -37
1402047994.798341 33 37 0x03 -35
1402047994.868885 33 39 0x01 -37
1402047994.902060 33 37 0x03 -36
1402047994.926476 33 37 0x02 -36
1402047995.017961 34 39 0x03 -36
1402047995.042941 34 37 0x02 -36
1402047995.075883 34 38 0x01 -39
1402047995.119338 34 39 0x03 -36
1402047995.134887 34 39 0x02 -35
1402047995.183738 34 38 0x01 -39
1402047995.227123 34 39 0x03 -36
1402047995.237895 34 39 0x02 -36
1402047995.341216 34 39 0x02 -36
1402047995.394254 34 37 0x01 -39
1402047995.437004 34 38 0x03 -37
1402047995.441612 34 38 0x02 -36
1402047995.499594 34 37 0x01 -39
1402047995.542028 34 38 0x03 -37
1402047995.547479 34 38 0x02 -35
1402047995.753418 34 37 0x03 -36
1402047995.756994 34 37 0x02 -36
1402047995.858444 34 37 0x03 -37
1402047995.860584 34 37 0x02 -36
1402047995.960846 34 39 0x03 -36
1402047995.962834 34 39 0x02 -36
1402047996.030136 35 38 0x01 -39
1402047996.063453 35 39 0x03 -36
1402047996.068879 35 39 0x02 -36
1402047996.124853 35 37 0x01 -40
1402047996.232387 35 37 0x01 -39
1402047996.282291 35 38 0x02 -37
1402047996.337593 35 37 0x01 -39
1402047996.381005 35 38 0x03 -37
1402047996.384822 35 38 0x02 -36
1402047996.442652 35 39 0x01 -37
1402047996.488264 35 37 0x03 -37
1402047996.544684 35 39 0x01 -38
1402047996.646768 35 38 0x01 -40
1402047996.702301 35 37 0x03 -36
1402047996.705866 35 37 0x02 -36
1402047996.752108 35 38 0x01 -39
1402047996.917739 35 39 0x02 -35
1402047996.956254 35 37 0x01 -39
1402047997.031896 36 39 0x02 -36
1402047997.059361 36 37 0x01 -40
1402047997.125595 36 38 0x03 -37
1402047997.130634 36 38 0x02 -35
1402047997.161890 36 39 0x01 -37
1402047997.226193 36 38 0x03 -38
1402047997.235189 36 38 0x02 -35
1402047997.267273 36 39 0x01 -37
1402047997.341692 36 38 0x02 -36
1402047997.434617 36 37 0x03 -35
1402047997.445003 36 37 0x02 -37
1402047997.473990 36 38 0x01 -40
1402047997.542385 36 37 0x03 -35
1402047997.547337 36 37 0x02 -37
1402047997.579025 36 38 0x01 -41
1402047997.682327 36 37 0x01 -40
1402047997.756773 36 39 0x03 -35
1402047997.758395 36 39 0x02 -36
1402047997.789849 36 37 0x01 -40
1402047997.859673 36 39 0x03 -32
1402047997.866379 36 39 0x02 -34
1402047997.897013 36 37 0x01 -39
1402047997.968593 36 38 0x02 -34
1402047998.010462 37 39 0x01 -37
1402047998.074846 37 38 0x02 -33
1402047998.315072 37 38 0x01 -41
1402047998.388754 37 37 0x02 -32
1402047998.393899 37 37 0x03 -34
1402047998.416332 37 38 0x01 -41
1402047998.496050 37 37 0x02 -31
1402047998.498619 37 37 0x03 -34
1402047998.518734 37 37 0x01 -40
1402047998.599946 37 39 0x02 -32
1402047998.605454 37 39 0x03 -32
1402047998.622348 37 37 0x01 -44
1402047998.731532 37 39 0x01 -45
1402047998.818526 37 39 0x03 -33
1402047998.836625 37 39 0x01 -45
1402047998.915057 37 38 0x02 -33
1402047998.938658 37 39 0x01 -38
1402047999.031414 38 38 0x02 -35
1402047999.052162 38 38 0x01 -40
1402047999.227896 38 37 0x02 -34
1402047999.239860 38 37 0x03 -33
1402047999.254894 38 38 0x01 -40
1402047999.335250 38 37 0x02 -33
1402047999.344826 38 37 0x03 -33
1402047999.362266 38 37 0x01 -39
1402047999.443561 38 39 0x02 -33
1402047999.463755 38 37 0x01 -40
1402047999.549241 38 39 0x02 -33
1402047999.553506 38 39 0x03 -34
1402047999.672548 38 39 0x01 -41
1402047999.752152 38 38 0x02 -37
1402047999.755341 38 38 0x03 -37
1402047999.774712 38 39 0x01 -42
1402047999.854982 38 38 0x02 -37
1402047999.860237 38 38 0x03 -36
1402047999.879815 38 38 0x01 -45
1402047999.956075 38 37 0x02 -37
1402047999.965767 38 37 0x03 -37
1402047999.982402 38 38 0x01 -49
1402048000.066463 39 37 0x02 -40
1402048000.088921 39 37 0x03 -38
1402048000.163439 39 39 0x02 -38
1402048000.175939 39 37 0x03 -38
1402048000.197766 39 37 0x01 -49
1402048000.271808 39 39 0x02 -36
1402048000.281059 39 39 0x03 -37
1402048000.306553 39 37 0x01 -46
1402048000.380030 39 39 0x02 -34
1402048000.389765 39 39 0x03 -34
1402048000.481392 39 38 0x02 -34
1402048000.588723 39 38 0x02 -33
1402048000.616461 39 39 0x01 -41
1402048000.724400 39 38 0x01 -42
1402048000.793209 39 37 0x02 -34
1402048000.829695 39 38 0x01 -42
1402048000.900951 39 37 0x02 -34
1402048001.032331 40 37 0x03 -34
1402048001.058223 40 37 0x01 -44
1402048001.116278 40 39 0x02 -34
1402048001.141003 40 37 0x01 -44
1402048001.219440 40 39 0x02 -34
1402048001.220361 40 39 0x03 -34
1402048001.243480 40 39 0x01 -40
1402048001.346321 40 39 0x01 -41
1402048001.426926 40 38 0x02 -34
1402048001.431109 40 38 0x03 -34
1402048001.455257 40 39 0x01 -40
1402048001.556785 40 38 0x01 -43
1402048001.636175 40 37 0x02 -34
1402048001.664944 40 38 0x01 -44
1402048001.739773 40 37 0x02 -33
1402048001.744378 40 37 0x03 -36
1402048001.774360 40 38 0x01 -45
1402048001.878488 40 37 0x01 -47
1402048001.981186 40 39 0x01 -44
1402048002.061347 41 38 0x03 -33
1402048002.085489 41 38 0x01 -44
1402048002.157714 41 37 0x03 -31
1402048002.162754 41 37 0x02 -33
1402048002.192555 41 38 0x01 -44
1402048002.260211 41 37 0x03 -30
1402048002.267284 41 37 0x02 -33
1402048002.295211 41 38 0x01 -43
1402048002.364359 41 39 0x03 -31
1402048002.401169 41 37 0x01 -41
1402048002.470848 41 39 0x03 -31
1402048002.477102 41 39 0x02 -32
1402048002.506009 41 37 0x01 -41
1402048002.583984 41 39 0x02 -34
1402048002.679746 41 38 0x03 -33
1402048002.721588 41 39 0x01 -39
1402048002.792476 41 38 0x02 -35
1402048002.825360 41 39 0x01 -39
1402048002.888676 41 37 0x03 -34
1402048002.895052 41 38 0x02 -35
1402048002.926598 41 38 0x01 -42
1402048002.992541 41 37 0x03 -34
1402048002.998219 41 37 0x02 -35
1402048003.036739 42 38 0x01 -42
1402048003.233824 42 37 0x01 -41
1402048003.314692 42 39 0x03 -36
1402048003.315591 42 39 0x02 -34
1402048003.342787 42 37 0x01 -43
1402048003.417335 42 39 0x03 -36
1402048003.423484 42 39 0x02 -34
1402048003.448844 42 39 0x01 -41
1402048003.531020 42 38 0x02 -34
1402048003.557658 42 39 0x01 -41
1402048003.635600 42 38 0x02 -34
1402048003.663609 42 39 0x01 -41
1402048003.832168 42 37 0x03 -30
1402048003.876680 42 38 0x01 -43
1402048003.937436 42 37 0x03 -30
1402048003.953597 42 37 0x02 -35
1402048003.985135 42 38 0x01 -41
1402048004.051818 43 39 0x03 -31
1402048004.073887 43 37 0x02 -35
1402048004.147924 43 39 0x03 -32
1402048004.170047 43 39 0x02 -34
1402048004.187615 43 37 0x01 -41
1402048004.273048 43 39 0x02 -34
1402048004.349904 43 38 0x03 -34
1402048004.378702 43 39 0x02 -35
1402048004.397450 43 39 0x01 -39
1402048004.485128 43 38 0x02 -35
1402048004.499914 43 39 0x01 -39
1402048004.559994 43 37 0x03 -35
1402048004.664781 43 37 0x03 -35
1402048004.696326 43 38 0x02 -35
1402048004.801969 43 37 0x02 -34
1402048004.818791 43 38 0x01 -42
1402048004.879175 43 39 0x03 -35
1402048004.905993 43 37 0x02 -33
1402048004.980803 43 39 0x03 -35
1402048005.038835 44 37 0x01 -44
1402048005.114012 44 39 0x02 -32
1402048005.192959 44 38 0x03 -33
1402048005.217943 44 39 0x02 -32
1402048005.241317 44 39 0x01 -40
1402048005.346211 44 39 0x01 -39
1402048005.397476 44 37 0x03 -32
1402048005.421670 44 38 0x02 -34
1402048005.449570 44 38 0x01 -42
1402048005.501009 44 37 0x03 -33
1402048005.551260 44 38 0x01 -41
1402048005.633445 44 37 0x02 -35
1402048005.656004 44 38 0x01 -41
1402048005.709130 44 39 0x03 -35
1402048005.757418 44 37 0x01 -42
1402048005.816468 44 39 0x03 -36
1402048005.842220 44 39 0x02 -35
1402048005.861228 44 37 0x01 -41
1402048005.922492 44 38 0x03 -37
1402048005.945003 44 39 0x02 -36
1402048006.034906 45 38 0x03 -37
1402048006.069451 45 39 0x01 -40
1402048006.149255 45 38 0x02 -37
1402048006.174455 45 39 0x01 -41
1402048006.239868 45 37 0x03 -38
1402048006.281760 45 38 0x01 -45
1402048006.348179 45 37 0x03 -38
1402048006.363739 45 37 0x01 -44
1402048006.455726 45 37 0x02 -37
1402048006.464995 45 37 0x01 -45
1402048006.563550 45 39 0x02 -36
1402048006.563986 45 39 0x03 -39
1402048006.670858 45 39 0x02 -35
1402048006.672260 45 39 0x03 -38
1402048006.676224 45 39 0x01 -43
1402048006.775113 45 39 0x03 -36
1402048006.778758 45 39 0x02 -36
1402048006.876235 45 38 0x03 -36
1402048006.881157 45 38 0x01 -43
1402048006.982620 45 38 0x03 -35
1402048006.986204 45 38 0x01 -43
1402048007.091943 46 37 0x02 -38
1402048007.192131 46 37 0x02 -38
1402048007.195261 46 37 0x03 -36
1402048007.296018 46 37 0x02 -38
1402048007.298870 46 37 0x01 -42
1402048007.505766 46 39 0x01 -41
1402048007.506856 46 39 0x03 -37
1402048007.513165 46 39 0x02 -36
1402048007.615695 46 39 0x03 -37
1402048007.617169 46 39 0x02 -37
1402048007.726075 46 38 0x02 -38
1402048007.828868 46 38 0x02 -37
1402048007.938221 46 38 0x02 -37
1402048008.034969 47 37 0x01 -44
1402048008.057635 47 37 0x03 -38
1402048008.057913 47 37 0x02 -36
1402048008.134362 47 37 0x01 -44
1402048008.138494 47 37 0x03 -38
1402048008.145549 47 37 0x02 -35
1402048008.237520 47 39 0x01 -42
1402048008.244895 47 39 0x03 -37
1402048008.347672 47 39 0x03 -34
1402048008.355164 47 39 0x02 -35
1402048008.460696 47 39 0x02 -35
1402048008.563084 47 38 0x02 -37
1402048008.662492 47 38 0x01 -44
1402048008.667697 47 38 0x02 -38
1402048008.761273 47 37 0x03 -35
1402048008.763205 47 37 0x01 -42
1402048008.775280 47 38 0x02 -38
1402048008.877899 47 37 0x02 -38
1402048009.031419 48 38 0x02 -38
1402048009.073115 48 39 0x01 -40
1402048009.078301 48 39 0x03 -36
1402048009.124867 48 37 0x02 -38
1402048009.180558 48 39 0x01 -40
1402048009.184175 48 39 0x03 -37
1402048009.231744 48 37 0x02 -38
1402048009.335274 48 37 0x02 -38
1402048009.395168 48 38 0x01 -43
1402048009.398238 48 38 0x03 -38
1402048009.440402 48 39 0x02 -37
1402048009.544141 48 39 0x02 -37
1402048009.601307 48 37 0x01 -42
1402048009.710413 48 37 0x01 -43
1402048009.716352 48 37 0x03 -37
1402048009.759517 48 38 0x02 -37
1402048009.814958 48 37 0x01 -43
1402048009.823842 48 37 0x03 -37
1402048009.862335 48 38 0x02 -36
1402048009.918302 48 39 0x01 -42
1402048009.928782 48 39 0x03 -37
1402048010.029065 49 39 0x01 -41
1402048010.053727 49 39 0x03 -36
1402048010.075944 49 37 0x02 -37
1402048010.123905 49 38 0x01 -43
1402048010.132624 49 39 0x03 -34
1402048010.178269 49 37 0x02 -37
1402048010.232583 49 38 0x01 -43
1402048010.240219 49 38 0x03 -34
1402048010.281278 49 39 0x02 -36
1402048010.340481 49 38 0x01 -43
1402048010.344371 49 38 0x03 -35
1402048010.388831 49 39 0x02 -36
1402048010.552834 49 37 0x03 -36
1402048010.555855 49 37 0x01 -42
1402048010.598577 49 38 0x02 -38
1402048010.653866 49 37 0x03 -36
1402048010.663397 49 37 0x01 -42
1402048010.757635 49 39 0x03 -37
1402048010.768412 49 39 0x01 -40
1402048010.865003 49 39 0x03 -37
1402048010.876274 49 39 0x01 -40
1402048010.915206 49 37 0x02 -38
1402048010.981031 49 39 0x01 -40
1402048011.026296 50 37 0x02 -38
1402048011.122899 50 39 0x02 -36
1402048011.183703 50 38 0x03 -38
1402048011.188971 50 38 0x01 -43
1402048011.225442 50 39 0x02 -36
1402048011.329423 50 38 0x02 -37
1402048011.394513 50 37 0x03 -37
1402048011.401308 50 37 0x01 -43
1402048011.430451 50 38 0x02 -36
1402048011.497010 50 37 0x03 -36
1402048011.507698 50 37 0x01 -43
1402048011.532637 50 38 0x02 -36
1402048011.640863 50 37 0x02 -36
1402048011.712486 50 39 0x03 -36
1402048011.720011 50 39 0x01 -41
1402048011.745074 50 37 0x02 -37
1402048011.820972 50 39 0x03 -35
1402048011.826299 50 39 0x01 -41
1402048011.921630 50 37 0x03 -36
1402048011.931764 50 38 0x01 -44
1402048011.958284 50 38 0x02 -37
1402048012.043826 51 37 0x01 -42
1402048012.068914 51 38 0x02 -37
1402048012.135160 51 37 0x03 -35
1402048012.138344 51 37 0x01 -42
1402048012.161141 51 37 0x02 -38
1402048012.241430 51 39 0x01 -40
1402048012.244240 51 39 0x03 -35
1402048012.267033 51 37 0x02 -37
1402048012.349079 51 39 0x01 -40
1402048012.375318 51 37 0x02 -37
1402048012.477370 51 39 0x02 -36
1402048012.559106 51 38 0x01 -42
1402048012.579717 51 39 0x02 -36
1402048012.664850 51 38 0x01 -43
1402048012.668874 51 38 0x03 -37
1402048012.771344 51 38 0x01 -43
1402048012.777603 51 38 0x03 -37
1402048012.787181 51 38 0x02 -38
1402048012.872636 51 37 0x01 -42
1402048012.893889 51 38 0x02 -38
1402048012.979327 51 37 0x01 -43
1402048012.985555 51 37 0x03 -37
1402048012.993946 51 37 0x02 -37
1402048013.098721 52 37 0x03 -36
1402048013.194091 52 39 0x03 -38
1402048013.203093 52 39 0x02 -35
1402048013.296695 52 39 0x03 -37
1402048013.414669 52 39 0x02 -35
1402048013.510572 52 38 0x01 -43
1402048013.521875 52 38 0x02 -37
1402048013.611884 52 38 0x03 -34
1402048013.617384 52 38 0x01 -42
1402048013.627588 52 38 0x02 -37
1402048013.713113 52 37 0x03 -34
1402048013.816825 52 37 0x03 -35
1402048013.824006 52 37 0x01 -41
1402048013.837800 52 37 0x02 -37
1402048013.920280 52 39 0x03 -35
1402048013.943691 52 37 0x02 -37
1402048014.032775 53 39 0x03 -38
1402048014.056554 53 39 0x01 -36
1402048014.056843 53 39 0x02 -35
1402048014.142635 53 39 0x01 -36
1402048014.156457 53 39 0x02 -33
1402048014.259234 53 39 0x02 -33
1402048014.333197 53 38 0x03 -34
1402048014.353678 53 38 0x01 -37
1402048014.359932 53 38 0x02 -33
1402048014.433407 53 37 0x03 -34
1402048014.535572 53 37 0x03 -34
1402048014.643165 53 39 0x03 -34
1402048014.673640 53 37 0x01 -37
1402048014.677278 53 37 0x02 -33
1402048014.751113 53 39 0x03 -34
1402048014.781267 53 37 0x01 -37
1402048014.783448 53 37 0x02 -33
1402048014.853916 53 39 0x03 -34
1402048014.954956 53 38 0x03 -34
1402048014.989769 53 39 0x02 -33
1402048014.994010 53 39 0x01 -34
