1402048034.305804 0 37 0x01 -37
1402048034.327037 0 38 0x04 -35
1402048034.374725 0 39 0x05 -39
1402048034.400197 0 37 0x01 -37
1402048034.417311 0 37 0x04 -37
1402048034.425405 0 37 0x03 -34
1402048034.471550 0 39 0x05 -40
1402048034.487384 0 39 0x02 -31
1402048034.518521 0 37 0x04 -36
1402048034.527015 0 37 0x03 -34
1402048034.574444 0 38 0x05 -39
1402048034.616845 0 39 0x01 -34
1402048034.633778 0 37 0x03 -34
1402048034.695923 0 38 0x02 -33
1402048034.722210 0 39 0x01 -34
1402048034.735781 0 39 0x04 -34
1402048034.742994 0 39 0x03 -34
1402048034.781831 0 37 0x05 -39
1402048034.805155 0 38 0x02 -33
1402048034.843057 0 39 0x04 -34
1402048034.849701 0 39 0x03 -34
1402048034.887238 0 37 0x05 -40
1402048034.912018 0 38 0x02 -33
1402048034.936757 0 38 0x01 -38
1402048035.023501 1 37 0x02 -34
1402048035.054683 1 38 0x04 -37
1402048035.056642 1 38 0x03 -36
1402048035.093957 1 39 0x05 -43
1402048035.119823 1 37 0x02 -34
1402048035.146312 1 37 0x01 -37
1402048035.161414 1 38 0x04 -40
1402048035.197696 1 39 0x05 -46
1402048035.251224 1 37 0x01 -36
1402048035.305965 1 38 0x05 -43
1402048035.335582 1 39 0x02 -35
1402048035.356748 1 37 0x01 -40
1402048035.372695 1 37 0x03 -37
1402048035.377061 1 37 0x04 -35
1402048035.409717 1 38 0x05 -42
1402048035.441274 1 39 0x02 -38
1402048035.516409 1 38 0x05 -40
1402048035.570948 1 39 0x01 -40
1402048035.655759 1 38 0x02 -38
1402048035.674891 1 39 0x01 -40
1402048035.697642 1 39 0x04 -35
1402048035.728375 1 37 0x05 -40
1402048035.757248 1 38 0x02 -38
1402048035.776326 1 38 0x01 -41
1402048035.805991 1 39 0x04 -36
1402048035.832562 1 37 0x05 -42
1402048035.862196 1 37 0x02 -37
1402048035.913515 1 39 0x04 -35
1402048035.936112 1 39 0x05 -38
1402048035.970544 1 37 0x02 -37
1402048035.994570 1 38 0x03 -38
1402048036.022234 2 38 0x04 -35
1402048036.049464 2 39 0x05 -39
1402048036.077128 2 37 0x02 -39
1402048036.091347 2 37 0x01 -46
1402048036.094491 2 37 0x03 -36
1402048036.119732 2 38 0x04 -34
1402048036.195022 2 37 0x03 -36
1402048036.197726 2 37 0x01 -46
1402048036.249294 2 38 0x05 -39
1402048036.285992 2 39 0x02 -39
1402048036.300795 2 39 0x01 -46
1402048036.333086 2 37 0x04 -35
1402048036.353072 2 38 0x05 -37
1402048036.402306 2 39 0x01 -42
1402048036.404064 2 39 0x03 -34
1402048036.440715 2 37 0x04 -32
1402048036.492685 2 38 0x02 -36
1402048036.564605 2 37 0x05 -36
1402048036.599797 2 38 0x02 -36
1402048036.609883 2 38 0x01 -46
1402048036.647681 2 39 0x04 -31
1402048036.670460 2 37 0x05 -36
1402048036.710704 2 38 0x01 -49
1402048036.808313 2 37 0x02 -37
1402048036.811049 2 37 0x03 -33
1402048036.816339 2 37 0x01 -50
1402048036.858089 2 38 0x04 -31
1402048036.886264 2 39 0x05 -35
1402048036.911852 2 37 0x03 -32
1402048036.916009 2 37 0x02 -37
1402048036.922250 2 37 0x01 -49
1402048036.994377 2 39 0x05 -35
1402048037.023422 3 39 0x03 -31
1402048037.047550 3 37 0x01 -46
1402048037.101627 3 38 0x05 -37
1402048037.121029 3 39 0x03 -32
1402048037.124006 3 39 0x02 -32
1402048037.136784 3 39 0x01 -39
1402048037.169840 3 37 0x04 -33
1402048037.202949 3 38 0x05 -39
1402048037.237783 3 39 0x01 -37
1402048037.275916 3 37 0x04 -32
1402048037.329556 3 38 0x02 -33
1402048037.339713 3 38 0x01 -38
1402048037.414846 3 37 0x05 -42
1402048037.434643 3 38 0x02 -34
1402048037.436681 3 38 0x03 -34
1402048037.447863 3 38 0x01 -38
1402048037.489932 3 39 0x04 -32
1402048037.538530 3 37 0x02 -34
1402048037.544936 3 37 0x03 -33
1402048037.556523 3 38 0x01 -39
1402048037.596905 3 39 0x04 -33
1402048037.641105 3 37 0x02 -34
1402048037.650204 3 37 0x03 -33
1402048037.726253 3 39 0x05 -41
1402048037.754771 3 37 0x03 -34
1402048037.766828 3 37 0x01 -39
1402048037.812512 3 38 0x04 -34
1402048037.832113 3 39 0x05 -41
1402048037.853868 3 39 0x02 -34
1402048037.874528 3 37 0x01 -39
1402048037.919871 3 38 0x04 -35
1402048037.939588 3 38 0x05 -43
1402048037.961446 3 39 0x02 -34
1402048037.965871 3 39 0x03 -36
1402048038.054046 4 38 0x05 -43
1402048038.075771 4 39 0x03 -35
1402048038.085585 4 39 0x01 -37
1402048038.124596 4 37 0x04 -35
1402048038.173397 4 38 0x02 -34
1402048038.175352 4 38 0x03 -35
1402048038.258544 4 37 0x05 -41
1402048038.295621 4 38 0x01 -39
1402048038.335526 4 39 0x04 -33
1402048038.359532 4 37 0x05 -40
1402048038.380381 4 37 0x02 -35
1402048038.399382 4 38 0x01 -41
1402048038.442275 4 39 0x04 -33
1402048038.488444 4 37 0x03 -34
1402048038.570905 4 39 0x05 -38
1402048038.595570 4 37 0x03 -33
1402048038.597976 4 37 0x02 -35
1402048038.672133 4 39 0x05 -37
1402048038.720855 4 37 0x01 -41
1402048038.777428 4 38 0x05 -38
1402048038.806437 4 39 0x02 -34
1402048038.810991 4 39 0x03 -34
1402048038.825174 4 39 0x01 -40
1402048038.909029 4 38 0x02 -35
1402048038.914028 4 39 0x03 -34
1402048038.928315 4 39 0x01 -41
1402048038.963573 4 37 0x04 -34
1402048039.020945 5 38 0x02 -35
1402048039.045824 5 38 0x03 -33
1402048039.046122 5 39 0x01 -41
1402048039.088106 5 37 0x05 -38
1402048039.118326 5 38 0x02 -34
1402048039.139643 5 38 0x01 -44
1402048039.169746 5 39 0x04 -33
1402048039.247231 5 38 0x01 -43
1402048039.277820 5 39 0x04 -33
1402048039.294856 5 39 0x05 -38
1402048039.396494 5 39 0x05 -39
1402048039.436428 5 37 0x03 -34
1402048039.440151 5 37 0x02 -34
1402048039.453012 5 37 0x01 -39
1402048039.497612 5 38 0x05 -40
1402048039.539059 5 39 0x03 -35
1402048039.543601 5 39 0x02 -34
1402048039.555783 5 37 0x01 -39
1402048039.604907 5 38 0x05 -40
1402048039.692303 5 37 0x04 -34
1402048039.751086 5 39 0x02 -36
1402048039.753061 5 39 0x03 -38
1402048039.771773 5 39 0x01 -40
1402048039.796101 5 37 0x04 -36
1402048039.807648 5 37 0x05 -45
1402048039.856889 5 38 0x02 -38
1402048039.858464 5 38 0x03 -38
1402048039.879743 5 39 0x01 -39
1402048039.901024 5 39 0x04 -33
1402048039.962399 5 38 0x02 -38
1402048040.014283 6 39 0x04 -34
1402048040.038780 6 39 0x05 -42
1402048040.114120 6 39 0x04 -36
1402048040.118646 6 39 0x05 -46
1402048040.172581 6 37 0x03 -33
1402048040.190952 6 38 0x01 -45
1402048040.216137 6 38 0x04 -38
1402048040.220696 6 38 0x05 -49
1402048040.273610 6 37 0x03 -31
1402048040.281240 6 37 0x02 -34
1402048040.299349 6 37 0x01 -45
1402048040.323792 6 38 0x04 -40
1402048040.327217 6 38 0x05 -53
1402048040.404059 6 37 0x01 -43
1402048040.432505 6 38 0x04 -42
1402048040.484812 6 39 0x03 -32
1402048040.492098 6 39 0x02 -33
1402048040.537474 6 37 0x04 -45
1402048040.540842 6 37 0x05 -55
1402048040.616794 6 39 0x01 -42
1402048040.644865 6 37 0x04 -46
1402048040.649454 6 37 0x05 -53
1402048040.699010 6 38 0x02 -34
1402048040.722548 6 39 0x01 -39
1402048040.753561 6 37 0x04 -43
1402048040.756554 6 37 0x05 -61
1402048040.802176 6 38 0x02 -34
1402048040.823356 6 38 0x01 -41
1402048040.927853 6 38 0x01 -43
1402048040.969593 6 39 0x04 -38
1402048040.974395 6 39 0x05 -47
1402048041.020198 7 37 0x03 -32
1402048041.045565 7 37 0x02 -34
1402048041.045862 7 38 0x01 -45
1402048041.071255 7 39 0x04 -36
1402048041.083174 7 39 0x05 -44
1402048041.111572 7 37 0x03 -33
1402048041.118733 7 37 0x02 -34
1402048041.135673 7 37 0x01 -45
1402048041.178481 7 38 0x04 -34
1402048041.192414 7 39 0x05 -42
1402048041.221002 7 39 0x03 -36
1402048041.242892 7 37 0x01 -44
1402048041.299645 7 38 0x05 -43
1402048041.327384 7 39 0x03 -37
1402048041.329765 7 39 0x02 -34
1402048041.405347 7 38 0x05 -43
1402048041.432331 7 39 0x02 -34
1402048041.435905 7 39 0x03 -37
1402048041.455868 7 39 0x01 -41
1402048041.497488 7 37 0x04 -34
1402048041.511923 7 38 0x05 -43
1402048041.556889 7 39 0x01 -41
1402048041.606620 7 37 0x04 -35
1402048041.613363 7 37 0x05 -43
1402048041.641615 7 38 0x02 -35
1402048041.660916 7 38 0x01 -42
1402048041.713389 7 37 0x04 -33
1402048041.721332 7 37 0x05 -41
1402048041.747129 7 37 0x02 -35
1402048041.763071 7 38 0x01 -43
1402048041.818519 7 39 0x04 -33
1402048041.851156 7 37 0x02 -35
1402048041.920533 7 39 0x04 -34
1402048041.940002 7 39 0x05 -41
1402048041.957400 7 37 0x02 -36
1402048041.966034 7 37 0x03 -34
1402048041.971206 7 37 0x01 -41
1402048042.056787 8 39 0x05 -41
1402048042.084404 8 37 0x01 -41
1402048042.130104 8 38 0x04 -37
1402048042.154712 8 39 0x05 -42
1402048042.167704 8 39 0x02 -34
1402048042.173422 8 39 0x03 -33
1402048042.256733 8 38 0x05 -46
1402048042.276570 8 39 0x02 -33
1402048042.278775 8 39 0x03 -32
1402048042.291841 8 39 0x01 -39
1402048042.340194 8 37 0x04 -40
1402048042.364054 8 38 0x05 -50
1402048042.395330 8 39 0x01 -40
1402048042.441620 8 37 0x04 -40
1402048042.501148 8 38 0x01 -42
1402048042.578023 8 37 0x05 -68
1402048042.597076 8 38 0x02 -34
1402048042.608660 8 38 0x01 -42
1402048042.651865 8 39 0x04 -39
1402048042.680126 8 37 0x05 -52
1402048042.699930 8 37 0x03 -32
1402048042.701667 8 37 0x02 -35
1402048042.713945 8 38 0x01 -41
1402048042.753105 8 39 0x04 -38
1402048042.803622 8 37 0x03 -32
1402048042.810322 8 37 0x02 -35
1402048042.817720 8 37 0x01 -42
1402048042.857092 8 38 0x04 -36
1402048042.889863 8 39 0x05 -42
1402048042.914852 8 37 0x02 -35
1402048042.923712 8 37 0x01 -42
1402048042.964806 8 38 0x04 -34
1402048042.998568 8 39 0x05 -40
1402048043.029668 9 39 0x02 -34
1402048043.051799 9 37 0x01 -43
1402048043.105830 9 38 0x05 -42
1402048043.119047 9 39 0x03 -36
1402048043.128420 9 39 0x02 -34
1402048043.213516 9 38 0x05 -41
1402048043.221157 9 38 0x03 -36
1402048043.232873 9 39 0x02 -35
1402048043.242394 9 39 0x01 -41
1402048043.286899 9 37 0x04 -35
1402048043.322603 9 38 0x05 -41
1402048043.344242 9 38 0x01 -43
1402048043.433669 9 38 0x03 -36
1402048043.447370 9 38 0x01 -43
1402048043.449907 9 38 0x02 -35
1402048043.498572 9 39 0x04 -34
1402048043.532554 9 37 0x05 -42
1402048043.534651 9 37 0x03 -36
1402048043.556141 9 38 0x01 -43
1402048043.558313 9 38 0x02 -36
1402048043.602599 9 39 0x04 -33
1402048043.640567 9 37 0x05 -42
1402048043.643641 9 37 0x03 -35
1402048043.658068 9 37 0x01 -41
1402048043.759130 9 37 0x01 -42
1402048043.767326 9 37 0x02 -35
1402048043.855059 9 39 0x05 -41
1402048043.871832 9 37 0x02 -36
1402048043.921836 9 38 0x04 -34
1402048043.961263 9 39 0x03 -36
1402048043.963807 9 39 0x05 -41
1402048043.968253 9 39 0x01 -41
1402048044.082089 10 39 0x01 -41
1402048044.105529 10 39 0x02 -35
1402048044.134924 10 37 0x04 -35
1402048044.172367 10 38 0x05 -41
1402048044.175942 10 38 0x01 -43
1402048044.177853 10 38 0x03 -35
1402048044.239371 10 37 0x04 -36
1402048044.394922 10 37 0x03 -35
1402048044.401464 10 37 0x02 -35
1402048044.492464 10 39 0x01 -41
1402048044.498389 10 39 0x03 -36
1402048044.562209 10 38 0x04 -34
1402048044.596039 10 39 0x01 -41
1402048044.611366 10 39 0x02 -35
1402048044.698097 10 38 0x01 -44
1402048044.703536 10 38 0x05 -39
1402048044.713789 10 39 0x02 -36
1402048044.778578 10 37 0x04 -35
1402048044.806741 10 38 0x01 -44
1402048044.809846 10 38 0x05 -40
1402048044.814356 10 38 0x02 -37
1402048044.910998 10 38 0x01 -44
1402048044.916912 10 38 0x05 -40
1402048044.917978 10 38 0x03 -38
1402048044.920725 10 38 0x02 -36
1402048045.023319 11 37 0x01 -44
1402048045.047481 11 37 0x02 -36
1402048045.117600 11 37 0x01 -43
1402048045.122141 11 37 0x02 -36
1402048045.126183 11 37 0x03 -37
1402048045.131456 11 37 0x05 -40
1402048045.140226 11 37 0x04 -34
1402048045.232414 11 37 0x05 -41
1402048045.242120 11 37 0x04 -34
1402048045.328231 11 39 0x01 -41
1402048045.330713 11 39 0x02 -35
1402048045.340041 11 39 0x03 -36
1402048045.431437 11 39 0x02 -35
1402048045.437420 11 39 0x01 -42
1402048045.443095 11 39 0x03 -35
1402048045.446855 11 39 0x05 -40
1402048045.454045 11 39 0x04 -36
1402048045.537005 11 38 0x02 -35
1402048045.554691 11 39 0x04 -37
1402048045.645303 11 38 0x02 -34
1402048045.648093 11 38 0x05 -48
1402048045.657479 11 38 0x03 -33
1402048045.659915 11 38 0x04 -39
1402048045.748210 11 37 0x01 -42
1402048045.753511 11 38 0x02 -34
1402048045.766786 11 38 0x03 -33
1402048045.854104 11 37 0x05 -47
1402048045.856517 11 37 0x01 -41
1402048045.960966 11 37 0x02 -35
1402048045.962529 11 37 0x01 -42
1402048045.975422 11 37 0x03 -32
1402048045.981154 11 37 0x04 -37
1402048046.178476 12 39 0x05 -40
1402048046.201913 12 39 0x01 -42
1402048046.202193 12 39 0x02 -35
1402048046.202367 12 37 0x04 -35
1402048046.277626 12 39 0x05 -40
1402048046.279369 12 39 0x01 -42
1402048046.285003 12 39 0x02 -34
1402048046.296790 12 39 0x03 -36
1402048046.301973 12 39 0x04 -33
1402048046.364358 12 38 0x01 -45
1402048046.392469 12 39 0x02 -34
1402048046.405365 12 39 0x03 -36
1402048046.407480 12 39 0x04 -33
1402048046.472987 12 38 0x01 -45
1402048046.489944 12 38 0x05 -42
1402048046.493719 12 38 0x02 -34
1402048046.514119 12 39 0x04 -32
1402048046.577312 12 37 0x01 -45
1402048046.596272 12 38 0x02 -34
1402048046.610814 12 38 0x03 -37
1402048046.698319 12 37 0x02 -34
1402048046.700436 12 37 0x05 -43
1402048046.714968 12 38 0x03 -37
1402048046.802473 12 37 0x05 -43
1402048046.804952 12 37 0x02 -34
1402048046.815921 12 37 0x03 -36
1402048046.822466 12 37 0x04 -33
1402048046.892614 12 39 0x01 -43
1402048046.911281 12 37 0x02 -34
1402048046.919514 12 37 0x03 -36
1402048046.930390 12 37 0x04 -33
1402048047.026423 13 39 0x02 -34
1402048047.049915 13 39 0x03 -37
1402048047.050205 13 37 0x04 -33
1402048047.098532 13 38 0x01 -46
1402048047.122601 13 39 0x05 -41
1402048047.123988 13 39 0x02 -34
1402048047.128712 13 39 0x03 -35
1402048047.134934 13 39 0x04 -33
1402048047.198812 13 38 0x01 -46
1402048047.233287 13 39 0x02 -34
1402048047.239885 13 39 0x04 -33
1402048047.299522 13 37 0x01 -44
1402048047.331378 13 38 0x05 -40
1402048047.341096 13 38 0x02 -34
1402048047.399869 13 37 0x01 -41
1402048047.432839 13 38 0x05 -39
1402048047.447294 13 38 0x02 -31
1402048047.453705 13 38 0x04 -35
1402048047.533723 13 37 0x05 -38
1402048047.610792 13 39 0x01 -37
1402048047.638771 13 37 0x05 -38
1402048047.651366 13 37 0x02 -31
1402048047.662403 13 37 0x04 -37
1402048047.716805 13 39 0x01 -36
1402048047.754218 13 37 0x02 -31
1402048047.769405 13 37 0x04 -37
1402048047.848279 13 39 0x05 -39
1402048047.858649 13 39 0x03 -32
1402048047.861197 13 39 0x02 -30
1402048047.872380 13 37 0x04 -36
1402048047.923505 13 38 0x01 -39
1402048047.954246 13 39 0x05 -40
1402048047.961424 13 39 0x02 -30
1402048047.964396 13 39 0x03 -31
1402048047.981448 13 39 0x04 -35
1402048048.065691 14 38 0x05 -38
1402048048.089552 14 39 0x04 -35
1402048048.125556 14 37 0x01 -41
1402048048.162289 14 38 0x05 -39
1402048048.191134 14 39 0x04 -35
1402048048.233016 14 37 0x01 -41
1402048048.338265 14 39 0x01 -38
1402048048.371642 14 37 0x05 -38
1402048048.372722 14 37 0x02 -31
1402048048.381696 14 37 0x03 -31
1402048048.404456 14 38 0x04 -35
1402048048.441992 14 39 0x01 -38
1402048048.474503 14 37 0x05 -38
1402048048.505719 14 37 0x04 -37
1402048048.611652 14 37 0x04 -37
1402048048.656632 14 38 0x01 -41
1402048048.692115 14 39 0x02 -30
1402048048.693583 14 39 0x03 -31
1402048048.717617 14 37 0x04 -36
1402048048.762980 14 38 0x01 -38
1402048048.796266 14 39 0x05 -39
1402048048.799262 14 39 0x02 -29
1402048048.820167 14 39 0x04 -35
1402048048.897284 14 38 0x05 -38
1402048048.904114 14 38 0x02 -30
1402048048.920026 14 39 0x02 -29
1402048048.924439 14 39 0x04 -35
1402048048.972590 14 37 0x01 -39
1402048049.008776 15 38 0x05 -38
1402048049.032640 15 38 0x02 -31
1402048049.032931 15 39 0x04 -35
1402048049.103427 15 37 0x05 -39
1402048049.115145 15 38 0x03 -32
1402048049.129602 15 38 0x02 -31
1402048049.211247 15 37 0x05 -39
1402048049.219440 15 37 0x03 -31
1402048049.237058 15 38 0x02 -31
1402048049.247155 15 38 0x04 -36
1402048049.293737 15 39 0x01 -37
1402048049.318541 15 37 0x05 -38
1402048049.326570 15 37 0x03 -31
1402048049.341487 15 37 0x02 -31
1402048049.398090 15 39 0x01 -37
1402048049.428000 15 39 0x05 -39
1402048049.431929 15 37 0x03 -31
1402048049.444890 15 37 0x02 -30
1402048049.457119 15 37 0x04 -36
1402048049.531277 15 39 0x05 -40
1402048049.562387 15 37 0x04 -37
1402048049.608645 15 38 0x01 -41
1402048049.637977 15 39 0x05 -39
1402048049.644511 15 39 0x03 -32
1402048049.656095 15 39 0x02 -30
1402048049.711277 15 38 0x01 -39
1402048049.738767 15 38 0x05 -38
1402048049.752965 15 39 0x03 -31
1402048049.762437 15 39 0x02 -29
1402048049.768820 15 39 0x04 -35
1402048049.811291 15 37 0x01 -39
1402048049.842244 15 38 0x05 -39
1402048049.876345 15 39 0x04 -35
1402048049.918652 15 37 0x01 -39
1402048049.961615 15 38 0x03 -32
1402048050.060756 16 37 0x05 -39
1402048050.087394 16 38 0x02 -31
1402048050.087720 16 38 0x04 -36
1402048050.126196 16 39 0x01 -39
1402048050.170081 16 37 0x03 -31
1402048050.181236 16 37 0x02 -31
1402048050.273818 16 37 0x03 -31
1402048050.291340 16 37 0x04 -37
1402048050.332776 16 38 0x01 -41
1402048050.367662 16 39 0x05 -40
1402048050.381428 16 39 0x03 -33
1402048050.393160 16 37 0x04 -38
1402048050.435667 16 38 0x01 -42
1402048050.474284 16 39 0x05 -39
1402048050.487539 16 39 0x03 -32
1402048050.492035 16 39 0x02 -29
1402048050.499784 16 39 0x04 -35
1402048050.538522 16 37 0x01 -39
1402048050.574574 16 38 0x05 -38
1402048050.596800 16 39 0x02 -29
1402048050.604896 16 39 0x04 -35
1402048050.644599 16 37 0x01 -38
1402048050.676310 16 38 0x05 -38
1402048050.697931 16 38 0x02 -31
1402048050.851519 16 39 0x01 -38
1402048050.903560 16 37 0x03 -31
1402048050.904846 16 37 0x02 -31
1402048050.915390 16 38 0x04 -36
1402048050.955564 16 39 0x01 -39
1402048050.991056 16 37 0x05 -38
1402048051.012652 17 37 0x03 -30
1402048051.035318 17 37 0x02 -31
1402048051.035604 17 37 0x04 -37
1402048051.096519 17 39 0x05 -39
1402048051.117533 17 37 0x02 -31
1402048051.121520 17 37 0x04 -37
1402048051.170434 17 38 0x01 -38
1402048051.200840 17 39 0x05 -39
1402048051.213298 17 39 0x03 -32
1402048051.219278 17 39 0x02 -30
1402048051.278686 17 38 0x01 -40
1402048051.302960 17 38 0x05 -39
1402048051.316793 17 39 0x03 -31
1402048051.324619 17 39 0x02 -30
1402048051.328415 17 39 0x04 -35
1402048051.379343 17 37 0x01 -39
1402048051.403684 17 38 0x05 -39
1402048051.504004 17 37 0x05 -39
1402048051.536943 17 38 0x02 -31
1402048051.592082 17 37 0x01 -39
1402048051.612475 17 37 0x05 -39
1402048051.633098 17 38 0x03 -32
1402048051.697728 17 39 0x01 -38
1402048051.713549 17 37 0x05 -39
1402048051.736454 17 37 0x03 -31
1402048051.816406 17 39 0x05 -39
1402048051.843720 17 37 0x03 -31
1402048051.852006 17 37 0x04 -37
1402048051.856029 17 37 0x02 -31
1402048051.922560 17 39 0x05 -39
1402048051.958795 17 37 0x04 -37
1402048051.961169 17 37 0x02 -31
1402048052.019655 18 38 0x01 -41
1402048052.042683 18 39 0x05 -39
1402048052.052947 18 39 0x03 -31
1402048052.134430 18 38 0x05 -38
1402048052.159815 18 39 0x03 -32
1402048052.177384 18 39 0x04 -36
1402048052.236835 18 38 0x05 -39
1402048052.273917 18 39 0x02 -29
1402048052.285253 18 39 0x04 -34
1402048052.331939 18 37 0x01 -39
1402048052.339649 18 37 0x05 -38
1402048052.436258 18 37 0x01 -39
1402048052.441834 18 37 0x05 -38
1402048052.475330 18 38 0x03 -30
1402048052.498278 18 38 0x04 -35
1402048052.579951 18 37 0x03 -30
1402048052.603876 18 38 0x04 -36
1402048052.644917 18 39 0x01 -39
1402048052.650121 18 39 0x05 -39
1402048052.692717 18 37 0x02 -31
1402048052.704893 18 37 0x04 -36
1402048052.750789 18 39 0x01 -38
1402048052.754796 18 39 0x05 -39
1402048052.796787 18 37 0x03 -31
1402048052.801419 18 37 0x02 -31
1402048052.807643 18 37 0x04 -37
1402048052.854822 18 38 0x01 -41
1402048052.860758 18 38 0x05 -38
1402048052.911370 18 37 0x04 -36
1402048052.957883 18 38 0x01 -39
1402048052.961376 18 38 0x05 -38
1402048053.019815 19 39 0x03 -32
1402048053.045212 19 39 0x02 -30
1402048053.059431 19 37 0x01 -40
1402048053.123362 19 39 0x02 -29
1402048053.167635 19 37 0x01 -40
1402048053.174933 19 37 0x05 -38
1402048053.327890 19 38 0x04 -36
1402048053.330548 19 38 0x03 -32
1402048053.336339 19 38 0x02 -31
1402048053.416351 19 37 0x05 -37
1402048053.435121 19 38 0x04 -35
1402048053.483020 19 39 0x01 -37
1402048053.522927 19 37 0x05 -37
1402048053.536361 19 37 0x03 -31
1402048053.539278 19 37 0x02 -31
1402048053.637774 19 37 0x03 -31
1402048053.640756 19 37 0x04 -37
1402048053.647369 19 37 0x02 -31
1402048053.687449 19 38 0x01 -39
1402048053.739478 19 39 0x05 -39
1402048053.754555 19 37 0x02 -31
1402048053.842686 19 39 0x05 -38
1402048053.861068 19 39 0x02 -29
1402048053.896494 19 37 0x01 -39
1402048053.953937 19 39 0x04 -35
1402048053.969648 19 39 0x02 -29
1402048054.011273 20 37 0x01 -39
1402048054.052290 20 38 0x05 -38
1402048054.060930 20 38 0x04 -36
1402048054.073404 20 39 0x02 -29
1402048054.111935 20 37 0x01 -40
1402048054.154108 20 38 0x05 -38
1402048054.220341 20 39 0x01 -36
1402048054.259611 20 37 0x05 -37
1402048054.277134 20 38 0x04 -36
1402048054.323522 20 38 0x01 -39
1402048054.364126 20 39 0x05 -39
1402048054.376236 20 39 0x03 -32
1402048054.385126 20 39 0x04 -36
1402048054.391853 20 37 0x02 -31
1402048054.471238 20 39 0x05 -39
1402048054.492250 20 39 0x04 -35
1402048054.501408 20 39 0x02 -29
1402048054.536335 20 37 0x01 -41
1402048054.574777 20 38 0x05 -39
1402048054.594562 20 39 0x04 -35
1402048054.605821 20 39 0x02 -29
1402048054.641355 20 37 0x01 -38
1402048054.690364 20 38 0x03 -31
1402048054.696920 20 38 0x04 -36
1402048054.706425 20 38 0x02 -31
1402048054.797788 20 38 0x03 -32
1402048054.808650 20 38 0x02 -30
1402048054.858679 20 39 0x01 -38
1402048054.889882 20 37 0x05 -38
1402048054.898902 20 37 0x03 -31
1402048054.902774 20 37 0x04 -36
1402048054.960578 20 39 0x01 -38
1402048054.996928 20 37 0x05 -39
1402048055.014113 21 37 0x03 -31
1402048055.035847 21 37 0x02 -31
1402048055.101618 21 39 0x05 -39
1402048055.117518 21 37 0x02 -31
1402048055.167539 21 38 0x01 -40
1402048055.207084 21 39 0x05 -39
1402048055.209987 21 39 0x03 -32
1402048055.214530 21 39 0x04 -35
1402048055.219251 21 39 0x02 -28
1402048055.271298 21 38 0x01 -40
1402048055.315661 21 39 0x05 -39
1402048055.316913 21 39 0x04 -35
1402048055.318375 21 39 0x03 -31
1402048055.321862 21 39 0x02 -29
1402048055.417604 21 38 0x04 -35
1402048055.421328 21 38 0x05 -39
1402048055.483352 21 37 0x01 -40
1402048055.530677 21 38 0x03 -32
1402048055.532160 21 38 0x02 -31
1402048055.693974 21 39 0x01 -38
1402048055.735393 21 37 0x05 -39
1402048055.738777 21 37 0x02 -31
1402048055.802063 21 39 0x01 -38
1402048055.845547 21 37 0x04 -34
1402048056.016284 22 38 0x01 -40
1402048056.048904 22 39 0x05 -39
1402048056.051966 22 39 0x03 -31
1402048056.054374 22 39 0x02 -30
1402048056.060209 22 39 0x04 -34
1402048056.117167 22 38 0x01 -40
1402048056.156587 22 39 0x05 -39
1402048056.159905 22 39 0x03 -32
1402048056.166136 22 39 0x04 -35
1402048056.219063 22 37 0x01 -40
1402048056.271380 22 39 0x04 -34
1402048056.324367 22 37 0x01 -39
1402048056.369724 22 38 0x02 -31
1402048056.432113 22 37 0x01 -39
1402048056.535186 22 39 0x01 -37
1402048056.571686 22 37 0x03 -31
1402048056.641457 22 39 0x01 -37
1402048056.676406 22 37 0x03 -31
1402048056.682232 22 37 0x02 -31
1402048056.683612 22 37 0x05 -39
1402048056.693404 22 37 0x04 -37
1402048056.780535 22 39 0x03 -32
1402048056.787103 22 39 0x02 -30
1402048056.791841 22 37 0x05 -38
1402048056.800502 22 37 0x04 -35
1402048056.851855 22 38 0x01 -40
1402048056.893482 22 39 0x02 -29
1402048056.897796 22 39 0x05 -39
1402048056.907849 22 39 0x04 -35
1402048056.958973 22 38 0x01 -40
1402048056.994346 22 39 0x03 -31
1402048057.008864 23 39 0x02 -29
1402048057.032692 23 39 0x05 -40
1402048057.032978 23 39 0x04 -35
1402048057.112416 23 39 0x04 -34
1402048057.174450 23 37 0x01 -40
1402048057.209692 23 38 0x02 -31
1402048057.213563 23 38 0x05 -40
1402048057.280128 23 37 0x01 -39
1402048057.312766 23 38 0x02 -31
1402048057.323932 23 38 0x04 -34
1402048057.415559 23 37 0x03 -31
1402048057.418586 23 37 0x02 -31
1402048057.525343 23 37 0x05 -39
1402048057.534579 23 37 0x04 -36
1402048057.602743 23 39 0x01 -37
1402048057.640907 23 37 0x04 -37
1402048057.728854 23 39 0x03 -31
1402048057.731796 23 39 0x02 -30
1402048057.734196 23 39 0x05 -37
1402048057.813982 23 38 0x01 -40
1402048057.834313 23 39 0x02 -30
1402048057.837730 23 39 0x03 -31
1402048057.841803 23 39 0x05 -38
1402048057.854371 23 39 0x04 -35
1402048057.922519 23 38 0x01 -39
1402048057.961592 23 39 0x04 -35
1402048058.051730 24 38 0x02 -31
1402048058.074931 24 38 0x03 -32
1402048058.132776 24 37 0x01 -39
1402048058.237390 24 37 0x01 -39
1402048058.253866 24 37 0x02 -30
1402048058.262451 24 37 0x05 -38
1402048058.279501 24 38 0x04 -35
1402048058.340105 24 39 0x01 -37
1402048058.361629 24 37 0x02 -30
1402048058.445385 24 39 0x01 -38
1402048058.470902 24 37 0x03 -31
1402048058.474174 24 37 0x05 -38
1402048058.490284 24 37 0x04 -37
1402048058.554384 24 39 0x01 -39
1402048058.582205 24 39 0x05 -39
1402048058.598061 24 37 0x04 -37
1402048058.658964 24 38 0x01 -42
1402048058.700416 24 39 0x04 -35
1402048058.763021 24 38 0x01 -41
1402048058.788701 24 38 0x02 -31
1402048058.801883 24 39 0x04 -35
1402048058.902181 24 38 0x04 -35
1402048058.966729 24 37 0x01 -40
1402048059.009000 25 38 0x02 -31
1402048059.099329 25 37 0x03 -32
1402048059.101754 25 37 0x05 -39
1402048059.172656 25 39 0x01 -38
1402048059.206409 25 37 0x03 -31
1402048059.208034 25 37 0x05 -39
1402048059.210190 25 37 0x02 -31
1402048059.215412 25 37 0x04 -36
1402048059.316759 25 37 0x05 -40
1402048059.379774 25 38 0x01 -40
1402048059.411257 25 39 0x03 -32
1402048059.484998 25 38 0x01 -42
1402048059.519255 25 39 0x03 -32
1402048059.525962 25 39 0x02 -30
1402048059.527534 25 39 0x05 -37
1402048059.531484 25 39 0x04 -35
1402048059.593577 25 38 0x01 -43
1402048059.632961 25 39 0x04 -36
1402048059.695477 25 37 0x01 -47
1402048059.735130 25 38 0x05 -37
1402048059.837870 25 38 0x03 -38
1402048059.844788 25 38 0x04 -35
1402048059.903853 25 39 0x01 -45
1402048059.938518 25 37 0x03 -36
1402048059.951871 25 38 0x04 -35
1402048060.017139 26 39 0x01 -45
1402048060.045117 26 37 0x03 -37
1402048060.047827 26 37 0x02 -38
1402048060.049173 26 37 0x05 -42
1402048060.114157 26 39 0x01 -48
1402048060.151358 26 37 0x02 -40
1402048060.158540 26 37 0x05 -40
1402048060.164063 26 37 0x04 -35
1402048060.219123 26 38 0x01 -54
1402048060.259402 26 39 0x03 -41
1402048060.264750 26 39 0x05 -38
1402048060.271005 26 37 0x04 -33
1402048060.326387 26 38 0x01 -55
1402048060.363245 26 39 0x03 -42
1402048060.366510 26 39 0x02 -40
1402048060.376091 26 39 0x04 -31
1402048060.471775 26 39 0x03 -40
1402048060.474870 26 39 0x02 -39
1402048060.537230 26 37 0x01 -50
1402048060.573996 26 38 0x05 -40
1402048060.579133 26 38 0x03 -39
1402048060.582671 26 38 0x02 -39
1402048060.590761 26 39 0x04 -32
1402048060.641105 26 37 0x01 -48
1402048060.680265 26 38 0x05 -40
1402048060.685362 26 38 0x02 -38
1402048060.691950 26 38 0x04 -32
1402048060.855162 26 39 0x01 -49
1402048060.894178 26 37 0x02 -39
1402048060.897361 26 37 0x04 -33
1402048060.902639 26 37 0x03 -39
1402048060.958574 26 39 0x01 -48
1402048061.010374 27 37 0x02 -40
1402048061.107018 27 39 0x02 -37
1402048061.108726 27 39 0x04 -34
1402048061.111753 27 37 0x03 -38
1402048061.171142 27 38 0x01 -42
1402048061.214277 27 39 0x04 -33
1402048061.217623 27 39 0x05 -38
1402048061.280026 27 38 0x01 -41
1402048061.318610 27 39 0x05 -37
1402048061.322971 27 39 0x03 -35
1402048061.485699 27 37 0x01 -40
1402048061.530385 27 38 0x05 -36
1402048061.533127 27 38 0x02 -33
1402048061.536944 27 38 0x03 -35
1402048061.591688 27 37 0x01 -39
1402048061.632703 27 38 0x05 -37
1402048061.642402 27 38 0x02 -32
1402048061.695812 27 39 0x01 -38
1402048061.738283 27 37 0x05 -37
1402048061.804292 27 39 0x01 -39
1402048061.843558 27 37 0x05 -38
1402048061.847360 27 37 0x03 -35
1402048061.855229 27 37 0x02 -32
1402048061.858922 27 37 0x04 -34
1402048061.905356 27 38 0x01 -40
1402048061.958957 27 37 0x02 -32
1402048061.967769 27 37 0x04 -34
1402048062.017846 28 38 0x01 -41
1402048062.056323 28 39 0x03 -35
1402048062.071689 28 37 0x04 -33
1402048062.114544 28 38 0x01 -40
1402048062.164280 28 39 0x03 -36
1402048062.170310 28 39 0x02 -31
1402048062.174748 28 39 0x04 -32
1402048062.215787 28 37 0x01 -40
1402048062.272977 28 39 0x05 -39
1402048062.318687 28 37 0x01 -39
1402048062.376485 28 38 0x03 -36
1402048062.377352 28 38 0x05 -37
1402048062.382606 28 38 0x02 -32
1402048062.488141 28 38 0x02 -33
1402048062.533523 28 39 0x01 -38
1402048062.592769 28 38 0x02 -33
1402048062.641008 28 39 0x01 -38
1402048062.688649 28 37 0x03 -35
1402048062.694128 28 37 0x02 -32
1402048062.792006 28 37 0x03 -35
1402048062.797126 28 37 0x05 -37
1402048062.798259 28 37 0x02 -32
1402048062.803216 28 37 0x04 -33
1402048062.853294 28 38 0x01 -41
1402048062.895556 28 39 0x03 -35
1402048062.904801 28 39 0x05 -39
1402048062.907675 28 39 0x02 -31
1402048062.912080 28 37 0x04 -33
1402048062.957669 28 38 0x01 -40
1402048063.018410 29 39 0x02 -32
1402048063.044582 29 39 0x05 -39
1402048063.044849 29 39 0x04 -31
1402048063.117764 29 39 0x02 -31
1402048063.120987 29 39 0x05 -38
1402048063.126081 29 39 0x04 -31
1402048063.168665 29 37 0x01 -40
1402048063.205990 29 38 0x03 -35
1402048063.231641 29 39 0x04 -31
1402048063.329488 29 38 0x05 -37
1402048063.331811 29 38 0x02 -32
1402048063.374802 29 39 0x01 -38
1402048063.416123 29 37 0x03 -35
1402048063.432755 29 38 0x05 -37
1402048063.434902 29 38 0x02 -32
1402048063.517280 29 37 0x03 -35
1402048063.534717 29 37 0x05 -38
1402048063.540903 29 37 0x02 -32
1402048063.581685 29 38 0x01 -40
1402048063.642633 29 37 0x05 -38
1402048063.660200 29 37 0x04 -33
1402048063.685072 29 38 0x01 -40
1402048063.745367 29 39 0x02 -32
1402048063.747162 29 39 0x05 -39
1402048063.761548 29 37 0x04 -34
1402048063.791622 29 38 0x01 -41
1402048063.849461 29 39 0x05 -38
1402048063.896435 29 37 0x01 -40
1402048063.934825 29 38 0x03 -35
1402048063.955746 29 39 0x05 -39
1402048063.971070 29 39 0x04 -31
1402048064.011503 30 37 0x01 -40
1402048064.037637 30 38 0x03 -35
1402048064.056643 30 38 0x02 -32
1402048064.058705 30 38 0x05 -37
1402048064.112069 30 37 0x01 -40
1402048064.165600 30 38 0x05 -37
1402048064.247018 30 37 0x03 -35
1402048064.323387 30 38 0x01 -41
1402048064.352630 30 39 0x03 -35
1402048064.482003 30 39 0x02 -32
1402048064.486399 30 39 0x05 -38
1402048064.498288 30 39 0x04 -31
1402048064.537338 30 37 0x01 -40
1402048064.562653 30 38 0x03 -35
1402048064.591442 30 39 0x05 -37
1402048064.599808 30 39 0x04 -31
1402048064.665786 30 37 0x03 -35
1402048064.692718 30 38 0x05 -37
1402048064.697389 30 38 0x02 -32
1402048064.772135 30 37 0x03 -35
1402048064.798931 30 38 0x05 -37
1402048064.801098 30 38 0x02 -33
1402048064.852683 30 39 0x01 -38
1402048064.873203 30 37 0x03 -36
1402048064.959655 30 39 0x01 -38
1402048065.027536 31 37 0x04 -33
1402048065.089001 31 39 0x03 -35
1402048065.169047 31 38 0x01 -41
1402048065.194149 31 39 0x03 -35
1402048065.215199 31 39 0x02 -31
1402048065.217760 31 39 0x05 -39
1402048065.254110 31 37 0x04 -32
1402048065.271499 31 38 0x01 -39
1402048065.296454 31 38 0x03 -35
1402048065.318035 31 39 0x02 -31
1402048065.360187 31 37 0x04 -32
1402048065.402338 31 38 0x03 -35
1402048065.420445 31 38 0x02 -32
1402048065.481400 31 37 0x01 -40
1402048065.524608 31 38 0x02 -32
1402048065.529118 31 38 0x05 -37
1402048065.569583 31 39 0x04 -31
1402048065.609063 31 37 0x03 -35
1402048065.687743 31 39 0x01 -38
1402048065.713139 31 37 0x03 -35
1402048065.735022 31 37 0x02 -33
1402048065.776047 31 38 0x04 -32
1402048065.816365 31 39 0x03 -36
1402048065.844077 31 37 0x02 -32
1402048065.846749 31 37 0x05 -37
1402048065.893721 31 38 0x01 -41
1402048065.917870 31 39 0x03 -35
1402048065.953103 31 37 0x05 -38
1402048065.996928 31 38 0x01 -41
1402048066.061468 32 39 0x02 -32
1402048066.086657 32 39 0x05 -39
1402048066.091289 32 37 0x04 -32
1402048066.098877 32 37 0x01 -41
1402048066.160728 32 39 0x02 -31
1402048066.163101 32 39 0x05 -38
1402048066.237972 32 38 0x03 -35
1402048066.305454 32 39 0x04 -32
1402048066.339080 32 37 0x03 -35
1402048066.364421 32 38 0x01 -40
1402048066.367441 32 38 0x05 -37
1402048066.369102 32 38 0x02 -33
1402048066.411723 32 39 0x04 -31
1402048066.440537 32 37 0x03 -35
1402048066.473522 32 38 0x02 -33
1402048066.518997 32 39 0x04 -31
1402048066.571856 32 37 0x01 -40
1402048066.573412 32 37 0x05 -37
1402048066.575021 32 37 0x02 -33
1402048066.651913 32 39 0x03 -35
1402048066.675806 32 37 0x01 -40
1402048066.678081 32 37 0x05 -38
1402048066.683274 32 37 0x02 -32
1402048066.755371 32 39 0x03 -35
1402048066.856554 32 38 0x03 -35
1402048066.887141 32 39 0x05 -39
1402048066.889863 32 39 0x02 -31
1402048066.964061 32 38 0x03 -35
1402048066.991439 32 39 0x02 -31
1402048066.992506 32 39 0x05 -39
1402048066.997067 32 39 0x01 -38
1402048067.057889 33 37 0x04 -33
1402048067.096154 33 38 0x05 -37
1402048067.103819 33 38 0x01 -41
1402048067.153009 33 37 0x04 -32
1402048067.177812 33 37 0x03 -35
1402048067.206285 33 38 0x02 -32
1402048067.213731 33 38 0x01 -41
1402048067.256158 33 39 0x04 -32
1402048067.279821 33 37 0x03 -35
1402048067.313473 33 38 0x02 -33
1402048067.321891 33 38 0x01 -41
1402048067.359047 33 39 0x04 -31
1402048067.411219 33 37 0x05 -38
1402048067.421654 33 37 0x02 -32
1402048067.424210 33 37 0x01 -40
1402048067.489051 33 39 0x03 -35
1402048067.515572 33 37 0x05 -37
1402048067.528903 33 37 0x02 -32
1402048067.531723 33 37 0x01 -40
1402048067.595311 33 39 0x03 -35
1402048067.633137 33 37 0x01 -40
1402048067.635438 33 37 0x02 -33
1402048067.671838 33 38 0x04 -32
1402048067.697089 33 38 0x03 -36
1402048067.731780 33 39 0x05 -38
1402048067.740326 33 39 0x01 -38
1402048067.741413 33 39 0x02 -31
1402048067.777948 33 37 0x04 -33
1402048067.834517 33 39 0x05 -37
1402048067.844575 33 39 0x02 -31
1402048067.847802 33 39 0x01 -38
1402048067.883335 33 37 0x04 -33
1402048067.939559 33 38 0x05 -38
1402048067.951562 33 39 0x02 -31
1402048068.020111 34 37 0x03 -35
1402048068.042892 34 38 0x05 -37
1402048068.057077 34 38 0x01 -41
1402048068.059982 34 38 0x02 -33
1402048068.088017 34 39 0x04 -31
1402048068.118380 34 37 0x03 -35
1402048068.195413 34 39 0x04 -31
1402048068.248248 34 37 0x05 -37
1402048068.331719 34 39 0x03 -35
1402048068.352969 34 37 0x05 -37
1402048068.372494 34 37 0x02 -32
1402048068.379262 34 37 0x01 -40
1402048068.407955 34 38 0x04 -33
1402048068.437566 34 39 0x03 -35
1402048068.458370 34 39 0x05 -39
1402048068.481234 34 37 0x01 -40
1402048068.540469 34 38 0x03 -35
1402048068.562549 34 39 0x05 -39
1402048068.621538 34 37 0x04 -34
1402048068.645350 34 38 0x03 -35
1402048068.667011 34 38 0x05 -37
1402048068.692559 34 39 0x02 -32
1402048068.726127 34 37 0x04 -34
1402048068.772954 34 38 0x05 -37
1402048068.795555 34 39 0x01 -38
1402048068.799939 34 39 0x02 -31
1402048068.851332 34 37 0x03 -35
1402048068.896223 34 38 0x01 -41
1402048068.920449 34 39 0x02 -31
1402048068.938139 34 39 0x04 -31
1402048068.954041 34 37 0x03 -35
1402048069.012548 35 38 0x01 -40
1402048069.039449 35 39 0x04 -32
1402048069.060110 35 39 0x03 -35
1402048069.085068 35 37 0x05 -38
1402048069.111250 35 38 0x01 -41
1402048069.129380 35 38 0x02 -32
1402048069.163694 35 39 0x03 -35
1402048069.191765 35 37 0x05 -37
1402048069.216703 35 37 0x01 -40
1402048069.235805 35 38 0x02 -32
1402048069.251744 35 38 0x04 -32
1402048069.299091 35 39 0x05 -38
1402048069.325533 35 37 0x01 -40
1402048069.339346 35 37 0x02 -32
1402048069.405900 35 39 0x05 -39
1402048069.447921 35 37 0x02 -32
1402048069.473116 35 38 0x03 -35
1402048069.508243 35 38 0x05 -37
1402048069.530501 35 39 0x01 -38
1402048069.553438 35 37 0x02 -33
1402048069.570507 35 37 0x04 -33
1402048069.577947 35 37 0x03 -35
1402048069.616591 35 38 0x05 -37
1402048069.638185 35 39 0x01 -38
1402048069.657573 35 39 0x02 -31
1402048069.679000 35 37 0x04 -33
1402048069.685740 35 37 0x03 -34
1402048069.723046 35 38 0x05 -37
1402048069.763213 35 39 0x02 -31
1402048069.849101 35 38 0x01 -39
1402048069.890511 35 39 0x04 -31
1402048069.895364 35 39 0x03 -35
1402048069.931786 35 37 0x05 -37
1402048069.953650 35 38 0x01 -41
1402048069.971737 35 38 0x02 -33
1402048069.998457 35 39 0x04 -31
1402048070.008099 36 39 0x03 -35
1402048070.058326 36 37 0x01 -40
1402048070.161350 36 37 0x01 -40
1402048070.210984 36 38 0x03 -36
1402048070.214946 36 38 0x04 -32
1402048070.253076 36 39 0x05 -39
1402048070.292672 36 37 0x02 -32
1402048070.323859 36 38 0x04 -32
1402048070.355376 36 39 0x05 -38
1402048070.371634 36 39 0x01 -38
1402048070.398256 36 37 0x02 -32
1402048070.415594 36 37 0x03 -34
1402048070.456915 36 38 0x05 -37
1402048070.474146 36 39 0x01 -38
1402048070.506537 36 39 0x02 -31
1402048070.522224 36 37 0x03 -35
1402048070.539707 36 37 0x04 -33
1402048070.565642 36 38 0x05 -38
1402048070.577582 36 38 0x01 -41
1402048070.608885 36 39 0x02 -31
1402048070.645054 36 37 0x04 -34
1402048070.671357 36 38 0x05 -37
1402048070.716985 36 39 0x02 -31
1402048070.731348 36 39 0x03 -35
1402048070.772454 36 37 0x05 -37
1402048070.793198 36 38 0x01 -41
1402048070.818626 36 38 0x02 -32
1402048070.836687 36 39 0x03 -36
1402048070.856184 36 39 0x04 -31
1402048070.875940 36 37 0x05 -37
1402048070.898047 36 37 0x01 -40
1402048070.920487 36 38 0x02 -32
1402048070.963015 36 39 0x04 -31
1402048071.013058 37 37 0x01 -40
1402048071.089845 37 39 0x05 -38
1402048071.133099 37 37 0x02 -32
1402048071.198184 37 39 0x05 -39
1402048071.218266 37 39 0x01 -38
1402048071.239090 37 37 0x02 -32
1402048071.257620 37 37 0x03 -34
1402048071.324257 37 39 0x01 -38
1402048071.342641 37 39 0x02 -31
1402048071.361499 37 37 0x03 -35
1402048071.449282 37 39 0x02 -31
1402048071.488400 37 37 0x04 -34
1402048071.533026 37 38 0x01 -41
1402048071.555758 37 39 0x02 -32
1402048071.570613 37 39 0x03 -35
1402048071.597102 37 37 0x04 -34
1402048071.611912 37 37 0x05 -38
1402048071.636534 37 38 0x01 -41
1402048071.675896 37 39 0x03 -36
1402048071.720116 37 37 0x05 -37
1402048071.740468 37 37 0x01 -42
1402048071.765017 37 38 0x02 -34
1402048071.781808 37 38 0x03 -34
1402048071.810723 37 39 0x04 -33
1402048071.841228 37 37 0x01 -45
1402048071.915685 37 39 0x04 -31
1402048071.932154 37 39 0x05 -39
1402048071.974758 37 37 0x02 -35
1402048072.040622 38 39 0x05 -40
1402048072.068305 38 39 0x01 -47
1402048072.079695 38 37 0x02 -35
1402048072.092570 38 37 0x03 -38
1402048072.126874 38 38 0x04 -30
1402048072.166531 38 39 0x01 -48
1402048072.193187 38 37 0x03 -39
1402048072.239403 38 38 0x05 -39
1402048072.273736 38 39 0x01 -50
1402048072.288718 38 39 0x02 -34
1402048072.296456 38 39 0x03 -39
1402048072.333354 38 37 0x04 -29
1402048072.344664 38 37 0x05 -40
1402048072.381009 38 38 0x01 -56
1402048072.392223 38 39 0x02 -34
1402048072.397626 38 39 0x03 -39
1402048072.441918 38 37 0x04 -30
1402048072.445681 38 37 0x05 -43
1402048072.500567 38 38 0x02 -37
1402048072.504670 38 38 0x03 -41
1402048072.551828 38 37 0x05 -42
1402048072.604756 38 38 0x02 -38
1402048072.612154 38 38 0x03 -39
1402048072.652240 38 39 0x04 -30
1402048072.655606 38 39 0x05 -39
1402048072.701839 38 37 0x01 -56
1402048072.712668 38 38 0x02 -38
1402048072.716842 38 38 0x03 -39
1402048072.757963 38 39 0x04 -31
1402048072.761761 38 39 0x05 -39
1402048072.805676 38 37 0x01 -52
1402048072.816477 38 37 0x02 -37
1402048072.817207 38 37 0x03 -37
1402048072.868010 38 38 0x05 -38
1402048072.868395 38 38 0x04 -32
1402048072.914083 38 37 0x01 -50
1402048072.919350 38 37 0x02 -37
1402048072.922552 38 37 0x03 -36
1402048072.970778 38 38 0x05 -38
1402048072.972304 38 38 0x04 -32
1402048073.023767 39 39 0x01 -46
1402048073.071413 39 38 0x05 -37
1402048073.119268 39 39 0x01 -45
1402048073.126823 39 39 0x02 -36
1402048073.131807 39 39 0x03 -38
1402048073.176901 39 37 0x05 -37
1402048073.235107 39 39 0x02 -36
1402048073.238199 39 39 0x03 -37
1402048073.279848 39 37 0x05 -38
1402048073.288095 39 37 0x04 -34
1402048073.326328 39 38 0x01 -47
1402048073.341854 39 38 0x02 -38
1402048073.416706 39 37 0x05 -40
1402048073.432566 39 38 0x01 -46
1402048073.496947 39 39 0x04 -34
1402048073.523093 39 37 0x05 -40
1402048073.534344 39 37 0x01 -46
1402048073.601886 39 39 0x04 -34
1402048073.631443 39 37 0x05 -40
1402048073.639348 39 37 0x01 -46
1402048073.658560 39 37 0x03 -35
1402048073.739013 39 39 0x05 -40
1402048073.760480 39 37 0x03 -34
1402048073.843626 39 39 0x05 -40
1402048073.850805 39 39 0x01 -45
1402048073.923891 39 38 0x04 -34
1402048073.956898 39 39 0x01 -43
1402048073.971517 39 39 0x03 -36
1402048074.063303 40 38 0x05 -39
1402048074.088394 40 39 0x03 -36
1402048074.088680 40 39 0x02 -35
1402048074.136485 40 37 0x04 -36
1402048074.161798 40 38 0x05 -39
1402048074.169609 40 38 0x01 -47
1402048074.238500 40 37 0x04 -35
1402048074.272264 40 38 0x01 -46
1402048074.293397 40 37 0x03 -36
1402048074.295803 40 37 0x02 -36
1402048074.371995 40 39 0x05 -39
1402048074.382467 40 39 0x01 -44
1402048074.397728 40 37 0x03 -35
1402048074.400665 40 37 0x02 -36
1402048074.449451 40 38 0x04 -33
1402048074.474335 40 39 0x05 -39
1402048074.489942 40 39 0x01 -44
1402048074.504752 40 39 0x02 -35
1402048074.591988 40 39 0x01 -44
1402048074.607834 40 39 0x03 -36
1402048074.611598 40 39 0x02 -36
1402048074.657728 40 37 0x04 -35
1402048074.700666 40 38 0x01 -47
1402048074.714542 40 39 0x03 -36
1402048074.761433 40 37 0x04 -35
1402048074.791448 40 38 0x05 -40
1402048074.807056 40 38 0x01 -46
1402048074.818981 40 38 0x03 -35
1402048074.896633 40 37 0x05 -41
1402048074.915115 40 38 0x01 -48
1402048074.933771 40 38 0x02 -36
1402048074.968118 40 39 0x04 -33
1402048075.011181 41 37 0x05 -41
1402048075.034928 41 37 0x01 -46
1402048075.036807 41 38 0x02 -36
1402048075.123021 41 37 0x01 -47
1402048075.131852 41 37 0x03 -35
1402048075.210113 41 39 0x05 -42
1402048075.232886 41 37 0x03 -35
1402048075.247921 41 37 0x02 -35
1402048075.314086 41 39 0x05 -42
1402048075.338006 41 39 0x01 -47
1402048075.352984 41 37 0x02 -35
1402048075.374430 41 37 0x04 -33
1402048075.415319 41 38 0x05 -42
1402048075.446114 41 39 0x01 -48
1402048075.447074 41 39 0x03 -36
1402048075.455418 41 39 0x02 -35
1402048075.523052 41 38 0x05 -42
1402048075.551946 41 39 0x03 -37
1402048075.563395 41 39 0x02 -34
1402048075.582876 41 39 0x04 -31
1402048075.626079 41 37 0x05 -44
1402048075.649492 41 38 0x01 -51
1402048075.658453 41 38 0x03 -37
1402048075.684714 41 39 0x04 -31
1402048075.733608 41 37 0x05 -45
1402048075.757995 41 38 0x01 -52
1402048075.765459 41 38 0x03 -37
1402048075.772298 41 38 0x02 -35
1402048075.839383 41 37 0x05 -45
1402048075.860391 41 37 0x01 -50
1402048075.877993 41 38 0x02 -35
1402048075.964112 41 37 0x01 -50
1402048075.976838 41 37 0x03 -36
1402048075.982652 41 37 0x02 -34
1402048076.010814 42 38 0x04 -33
1402048076.050838 42 39 0x05 -44
1402048076.104905 42 37 0x04 -32
1402048076.159979 42 39 0x05 -42
1402048076.173636 42 39 0x01 -48
1402048076.185647 42 39 0x03 -39
1402048076.191661 42 37 0x02 -35
1402048076.210090 42 37 0x04 -31
1402048076.277795 42 39 0x01 -48
1402048076.292824 42 39 0x03 -40
1402048076.296680 42 39 0x02 -34
1402048076.315211 42 37 0x04 -31
1402048076.367867 42 38 0x05 -40
1402048076.397985 42 39 0x02 -35
1402048076.400813 42 39 0x03 -40
1402048076.475046 42 38 0x05 -40
1402048076.490509 42 38 0x01 -50
1402048076.505554 42 38 0x03 -40
1402048076.531600 42 39 0x04 -30
1402048076.575852 42 37 0x05 -40
1402048076.594096 42 38 0x01 -50
1402048076.610422 42 38 0x03 -40
1402048076.613347 42 38 0x02 -36
1402048076.637175 42 39 0x04 -31
1402048076.698172 42 37 0x01 -49
1402048076.722170 42 38 0x02 -38
1402048076.803379 42 37 0x01 -49
1402048076.820743 42 37 0x03 -39
1402048076.892871 42 39 0x05 -40
1402048076.911331 42 37 0x01 -49
1402048076.929803 42 37 0x03 -39
1402048076.931984 42 37 0x02 -37
1402048077.007751 43 39 0x05 -40
1402048077.032850 43 39 0x01 -47
1402048077.033450 43 37 0x03 -39
1402048077.037639 43 37 0x02 -37
1402048077.056517 43 37 0x04 -34
1402048077.100731 43 38 0x05 -39
1402048077.119839 43 39 0x01 -47
1402048077.139455 43 39 0x02 -36
1402048077.142790 43 39 0x03 -40
1402048077.160279 43 37 0x04 -33
1402048077.205171 43 38 0x05 -39
1402048077.240786 43 39 0x02 -36
1402048077.246630 43 39 0x03 -41
1402048077.265516 43 39 0x04 -30
1402048077.308927 43 37 0x05 -40
1402048077.329267 43 38 0x01 -50
1402048077.353020 43 39 0x03 -40
1402048077.372623 43 39 0x04 -31
1402048077.411921 43 37 0x05 -41
1402048077.451789 43 38 0x02 -36
1402048077.459172 43 38 0x03 -40
1402048077.476813 43 39 0x04 -31
1402048077.517583 43 37 0x05 -43
1402048077.541678 43 37 0x01 -47
1402048077.554173 43 38 0x02 -36
1402048077.564616 43 38 0x03 -39
1402048077.627035 43 39 0x05 -40
1402048077.647020 43 37 0x01 -41
1402048077.660820 43 37 0x02 -32
1402048077.735142 43 39 0x05 -38
1402048077.751461 43 37 0x01 -41
1402048077.769655 43 37 0x02 -32
1402048077.775433 43 37 0x03 -35
1402048077.838619 43 39 0x05 -38
1402048077.859454 43 39 0x01 -39
1402048077.898006 43 37 0x04 -30
1402048077.981123 43 39 0x02 -31
1402048077.999288 43 37 0x04 -33
1402048078.052406 44 38 0x05 -37
1402048078.088335 44 39 0x02 -31
1402048078.097589 44 39 0x03 -35
1402048078.196864 44 39 0x02 -31
1402048078.204412 44 39 0x03 -35
1402048078.214740 44 39 0x04 -29
1402048078.254796 44 37 0x05 -37
1402048078.275735 44 38 0x01 -41
1402048078.317155 44 39 0x04 -30
1402048078.377729 44 37 0x01 -40
1402048078.509255 44 37 0x02 -33
1402048078.564524 44 39 0x05 -39
1402048078.614221 44 37 0x02 -32
1402048078.687932 44 39 0x01 -38
1402048078.721942 44 37 0x02 -32
1402048078.732360 44 37 0x03 -35
1402048078.739465 44 37 0x04 -32
1402048078.793239 44 39 0x01 -38
1402048078.838323 44 37 0x03 -35
1402048078.844477 44 37 0x04 -32
1402048078.881449 44 38 0x05 -38
1402048078.893678 44 38 0x01 -41
1402048078.935715 44 39 0x02 -31
1402048079.049154 45 39 0x02 -31
1402048079.075911 45 39 0x03 -34
1402048079.076193 45 39 0x04 -30
1402048079.100773 45 37 0x01 -40
1402048079.153308 45 39 0x03 -34
1402048079.155577 45 39 0x04 -30
1402048079.191800 45 37 0x05 -38
1402048079.203302 45 37 0x01 -40
1402048079.247664 45 38 0x02 -33
1402048079.254433 45 38 0x03 -35
1402048079.259334 45 38 0x04 -31
1402048079.298628 45 39 0x05 -39
1402048079.306095 45 39 0x01 -38
1402048079.355742 45 38 0x02 -32
1402048079.406379 45 39 0x01 -39
1402048079.456922 45 37 0x02 -32
1402048079.464279 45 37 0x04 -31
1402048079.472710 45 38 0x03 -35
1402048079.511774 45 39 0x05 -39
1402048079.558207 45 37 0x02 -32
1402048079.567803 45 37 0x04 -32
1402048079.573674 45 37 0x03 -35
1402048079.613113 45 38 0x01 -41
1402048079.617003 45 38 0x05 -38
1402048079.661831 45 39 0x02 -31
1402048079.672967 45 37 0x04 -31
1402048079.719360 45 38 0x01 -40
1402048079.724472 45 38 0x05 -38
1402048079.764364 45 39 0x02 -31
1402048079.779434 45 39 0x04 -31
1402048079.826744 45 37 0x01 -40
1402048079.883111 45 39 0x04 -30
1402048079.888647 45 39 0x03 -34
1402048079.931803 45 37 0x01 -40
1402048079.934357 45 37 0x05 -38
1402048079.971774 45 38 0x02 -32
1402048080.047342 46 37 0x05 -38
1402048080.064830 46 37 0x01 -40
1402048080.075861 46 38 0x02 -32
1402048080.179538 46 37 0x02 -32
1402048080.200975 46 38 0x03 -35
1402048080.252083 46 39 0x05 -39
1402048080.256069 46 39 0x01 -38
1402048080.303941 46 37 0x03 -35
1402048080.305581 46 37 0x04 -31
1402048080.356391 46 39 0x05 -39
1402048080.392170 46 37 0x02 -32
1402048080.409547 46 37 0x03 -35
1402048080.412151 46 37 0x04 -30
1402048080.499517 46 39 0x02 -31
1402048080.512928 46 37 0x03 -35
1402048080.516096 46 37 0x04 -31
1402048080.564093 46 38 0x05 -37
1402048080.572770 46 38 0x01 -41
1402048080.603915 46 39 0x02 -31
1402048080.616865 46 39 0x03 -34
1402048080.619704 46 39 0x04 -30
1402048080.679255 46 38 0x01 -39
1402048080.721771 46 39 0x03 -35
1402048080.722209 46 39 0x04 -29
1402048080.772407 46 37 0x05 -39
1402048080.875334 46 37 0x05 -40
1402048080.891564 46 37 0x01 -40
1402048080.926742 46 38 0x03 -36
1402048080.933905 46 38 0x04 -34
1402048080.999778 46 37 0x01 -42
1402048081.024713 47 37 0x02 -34
1402048081.049630 47 38 0x04 -33
1402048081.085932 47 39 0x05 -42
1402048081.103453 47 39 0x01 -43
1402048081.112000 47 37 0x03 -37
1402048081.122422 47 37 0x02 -36
1402048081.192041 47 39 0x05 -42
1402048081.205582 47 39 0x01 -45
1402048081.216158 47 39 0x03 -43
1402048081.258003 47 37 0x04 -41
1402048081.292916 47 38 0x05 -47
1402048081.312113 47 39 0x01 -56
1402048081.318835 47 39 0x03 -50
1402048081.329638 47 39 0x02 -49
1402048081.359021 47 37 0x04 -44
1402048081.397014 47 38 0x05 -52
1402048081.416141 47 38 0x01 -62
1402048081.419320 47 38 0x03 -51
1402048081.500032 47 37 0x05 -52
1402048081.522067 47 38 0x01 -63
1402048081.523728 47 38 0x03 -52
1402048081.531940 47 38 0x02 -52
1402048081.567720 47 39 0x04 -47
1402048081.605620 47 37 0x05 -51
1402048081.635297 47 38 0x02 -52
1402048081.729720 47 37 0x01 -42
1402048081.737667 47 37 0x03 -34
1402048081.812679 47 39 0x05 -37
1402048081.838122 47 37 0x01 -40
1402048081.843350 47 37 0x02 -33
1402048081.916625 47 39 0x05 -37
1402048081.951784 47 37 0x03 -34
1402048082.027311 48 38 0x05 -35
1402048082.054279 48 39 0x01 -38
1402048082.054569 48 39 0x02 -32
1402048082.055800 48 39 0x03 -35
1402048082.128322 48 38 0x05 -35
1402048082.154595 48 39 0x02 -32
1402048082.157868 48 39 0x03 -35
1402048082.194476 48 37 0x04 -37
1402048082.233333 48 38 0x05 -36
1402048082.255955 48 38 0x01 -40
1402048082.259640 48 38 0x02 -33
1402048082.334647 48 37 0x05 -36
1402048082.362245 48 38 0x02 -32
1402048082.364094 48 38 0x01 -40
1402048082.409374 48 39 0x04 -33
1402048082.443050 48 37 0x05 -36
1402048082.514804 48 39 0x04 -33
1402048082.575768 48 37 0x03 -34
1402048082.617008 48 38 0x04 -35
1402048082.650608 48 39 0x05 -37
1402048082.674323 48 37 0x01 -40
1402048082.674902 48 37 0x02 -33
1402048082.753296 48 39 0x05 -36
1402048082.858487 48 38 0x05 -36
1402048082.881000 48 39 0x01 -38
1402048082.887449 48 39 0x02 -31
1402048082.890627 48 39 0x03 -36
1402048082.933323 48 37 0x04 -36
1402048082.965997 48 38 0x05 -36
1402048083.049358 49 37 0x04 -36
1402048083.076023 49 38 0x05 -36
1402048083.091798 49 38 0x01 -41
1402048083.095478 49 38 0x03 -34
1402048083.097774 49 38 0x02 -33
1402048083.178556 49 37 0x05 -37
1402048083.198433 49 38 0x03 -34
1402048083.200979 49 38 0x01 -40
1402048083.205727 49 38 0x02 -33
1402048083.251269 49 39 0x04 -33
1402048083.304926 49 37 0x03 -34
1402048083.306050 49 37 0x01 -40
1402048083.308195 49 37 0x02 -32
1402048083.357070 49 39 0x04 -33
1402048083.408280 49 37 0x03 -34
1402048083.412478 49 37 0x01 -40
1402048083.414499 49 37 0x02 -32
1402048083.494865 49 39 0x05 -35
1402048083.514291 49 37 0x01 -40
1402048083.514967 49 37 0x03 -34
1402048083.521578 49 37 0x02 -33
1402048083.567171 49 38 0x04 -34
1402048083.603664 49 39 0x05 -36
1402048083.620723 49 39 0x01 -38
1402048083.623977 49 39 0x03 -35
1402048083.671797 49 38 0x04 -34
1402048083.712842 49 39 0x05 -36
1402048083.726452 49 39 0x01 -38
1402048083.728505 49 39 0x02 -31
1402048083.733133 49 39 0x03 -35
1402048083.774642 49 37 0x04 -36
1402048083.816191 49 38 0x05 -36
1402048083.831554 49 39 0x01 -38
1402048083.839536 49 39 0x03 -35
1402048083.920889 49 38 0x05 -36
1402048083.935199 49 38 0x01 -41
1402048083.944927 49 38 0x03 -34
1402048084.048852 50 38 0x01 -40
1402048084.073445 50 38 0x03 -34
1402048084.095861 50 39 0x04 -34
1402048084.135649 50 37 0x05 -36
1402048084.148737 50 37 0x02 -33
1402048084.198101 50 39 0x04 -34
1402048084.240753 50 37 0x05 -37
1402048084.250010 50 37 0x01 -39
1402048084.254517 50 37 0x03 -34
1402048084.256947 50 37 0x02 -32
1402048084.299395 50 37 0x04 -36
1402048084.359075 50 39 0x01 -38
1402048084.360545 50 39 0x02 -32
1402048084.406638 50 37 0x04 -37
1402048084.451557 50 38 0x05 -36
1402048084.462353 50 38 0x01 -41
1402048084.508960 50 39 0x04 -34
1402048084.555084 50 38 0x05 -36
1402048084.563265 50 38 0x01 -41
1402048084.569550 50 38 0x02 -33
1402048084.616194 50 39 0x04 -33
1402048084.655348 50 37 0x05 -37
1402048084.672564 50 38 0x02 -33
1402048084.719097 50 39 0x04 -33
1402048084.760706 50 37 0x05 -37
1402048084.774718 50 37 0x01 -39
1402048084.879169 50 37 0x01 -40
1402048084.880422 50 37 0x02 -32
1402048084.885967 50 37 0x03 -34
1402048084.968444 50 39 0x05 -37
1402048084.993311 50 37 0x03 -34
1402048085.047088 51 38 0x04 -34
1402048085.071040 51 39 0x05 -36
1402048085.097038 51 39 0x03 -35
1402048085.142640 51 37 0x04 -36
1402048085.177569 51 38 0x05 -36
1402048085.193331 51 39 0x02 -31
1402048085.201883 51 39 0x03 -35
1402048085.244854 51 37 0x04 -35
1402048085.282606 51 38 0x05 -36
1402048085.297915 51 38 0x02 -33
1402048085.454911 51 39 0x04 -33
1402048085.490274 51 37 0x05 -37
1402048085.505291 51 37 0x02 -32
1402048085.511787 51 38 0x01 -40
1402048085.557888 51 39 0x04 -33
1402048085.593521 51 37 0x05 -37
1402048085.612758 51 37 0x02 -32
1402048085.620096 51 37 0x01 -40
1402048085.624888 51 37 0x03 -34
1402048085.701320 51 39 0x05 -37
1402048085.721854 51 37 0x02 -33
1402048085.724077 51 37 0x01 -40
1402048085.731552 51 37 0x03 -34
1402048085.804223 51 39 0x05 -37
1402048085.831650 51 37 0x01 -40
1402048085.835412 51 37 0x03 -34
1402048085.866888 51 37 0x04 -36
1402048085.940979 51 39 0x02 -32
1402048085.973137 51 37 0x04 -36
1402048086.022292 52 38 0x05 -35
1402048086.044431 52 39 0x01 -38
1402048086.044615 52 39 0x03 -35
1402048086.047712 52 39 0x02 -32
1402048086.073939 52 37 0x04 -35
1402048086.117427 52 38 0x05 -36
1402048086.156261 52 39 0x02 -32
1402048086.180910 52 39 0x04 -33
1402048086.221987 52 37 0x05 -36
1402048086.252139 52 38 0x01 -40
1402048086.259427 52 38 0x02 -33
1402048086.324624 52 37 0x05 -36
1402048086.358360 52 38 0x01 -40
1402048086.363430 52 38 0x03 -35
1402048086.364390 52 38 0x02 -33
1402048086.472576 52 38 0x02 -32
1402048086.531879 52 39 0x05 -36
1402048086.568074 52 37 0x03 -33
1402048086.638265 52 39 0x05 -36
1402048086.708520 52 37 0x04 -36
1402048086.739096 52 38 0x05 -35
1402048086.779708 52 39 0x03 -34
1402048086.783782 52 39 0x01 -38
1402048086.812900 52 37 0x04 -36
1402048086.842313 52 38 0x05 -34
1402048086.917499 52 37 0x04 -36
1402048086.944622 52 37 0x05 -35
1402048086.995874 52 39 0x01 -38
1402048087.029946 53 39 0x04 -32
1402048087.052576 53 37 0x05 -35
1402048087.097202 53 38 0x03 -34
1402048087.127907 53 39 0x04 -32
1402048087.159174 53 37 0x05 -35
1402048087.204798 53 38 0x01 -40
1402048087.206118 53 38 0x02 -32
1402048087.260919 53 39 0x05 -35
1402048087.312182 53 38 0x01 -40
1402048087.367166 53 39 0x05 -36
1402048087.413354 53 37 0x03 -34
1402048087.418278 53 37 0x01 -40
1402048087.516610 53 37 0x03 -34
1402048087.521214 53 37 0x01 -40
1402048087.538628 53 37 0x04 -35
1402048087.574629 53 38 0x05 -35
1402048087.618762 53 39 0x03 -34
1402048087.647104 53 37 0x04 -36
1402048087.726254 53 39 0x03 -35
1402048087.733727 53 39 0x02 -31
1402048087.837173 53 39 0x02 -31
1402048087.839981 53 39 0x01 -38
1402048087.850636 53 39 0x04 -33
1402048087.889454 53 37 0x05 -37
1402048087.933906 53 38 0x03 -35
1402048087.991965 53 37 0x05 -36
1402048088.103192 54 39 0x05 -37
1402048088.154336 54 38 0x01 -41
1402048088.199792 54 39 0x05 -37
1402048088.250004 54 37 0x03 -34
1402048088.253642 54 37 0x02 -33
1402048088.260865 54 37 0x01 -40
1402048088.265604 54 37 0x04 -36
1402048088.355917 54 37 0x03 -34
1402048088.360383 54 37 0x02 -33
1402048088.363668 54 37 0x01 -40
1402048088.366991 54 37 0x04 -34
1402048088.461316 54 39 0x03 -35
1402048088.472035 54 37 0x04 -36
1402048088.515950 54 38 0x05 -35
1402048088.565876 54 39 0x03 -36
1402048088.571003 54 39 0x01 -38
1402048088.575618 54 39 0x02 -33
1402048088.579644 54 39 0x04 -33
1402048088.617880 54 37 0x05 -37
1402048088.722143 54 37 0x05 -37
1402048088.784211 54 38 0x02 -33
1402048088.882603 54 38 0x01 -41
1402048088.892931 54 38 0x02 -33
1402048088.920613 54 39 0x02 -32
1402048088.937837 54 39 0x05 -37
1402048089.032272 55 38 0x02 -32
1402048089.059541 55 39 0x05 -38
1402048089.093179 55 37 0x01 -39
1402048089.097154 55 37 0x03 -34
1402048089.128193 55 38 0x02 -33
1402048089.147176 55 38 0x05 -37
1402048089.194495 55 37 0x01 -40
1402048089.199498 55 37 0x03 -35
1402048089.211316 55 37 0x04 -35
1402048089.252178 55 38 0x05 -37
1402048089.307673 55 39 0x03 -35
1402048089.315477 55 37 0x04 -35
1402048089.334079 55 37 0x02 -32
1402048089.353246 55 38 0x05 -36
1402048089.407216 55 39 0x01 -37
1402048089.412870 55 39 0x03 -35
1402048089.418255 55 39 0x04 -32
1402048089.435036 55 37 0x02 -31
1402048089.455070 55 37 0x05 -37
1402048089.521119 55 39 0x03 -34
1402048089.522848 55 39 0x04 -33
1402048089.542211 55 39 0x02 -31
1402048089.560844 55 37 0x05 -37
1402048089.615772 55 38 0x01 -39
1402048089.631599 55 39 0x04 -33
1402048089.645918 55 39 0x02 -31
1402048089.664499 55 39 0x05 -37
1402048089.754789 55 39 0x02 -31
1402048089.772678 55 39 0x05 -36
1402048089.834168 55 38 0x03 -34
1402048089.857676 55 38 0x02 -33
1402048089.874625 55 39 0x05 -37
1402048089.933827 55 37 0x01 -39
1402048089.938454 55 37 0x04 -36
1402048089.959464 55 38 0x02 -32
1402048089.980729 55 38 0x05 -36
1402048090.049543 56 37 0x03 -34
1402048090.074062 56 37 0x04 -35
1402048090.074935 56 37 0x02 -32
1402048090.084227 56 38 0x05 -35
1402048090.173081 56 37 0x02 -32
1402048090.254169 56 39 0x01 -38
1402048090.257868 56 39 0x04 -33
1402048090.280823 56 37 0x02 -32
1402048090.286377 56 37 0x05 -37
1402048090.354423 56 39 0x03 -35
1402048090.454991 56 38 0x03 -35
1402048090.471799 56 39 0x01 -38
1402048090.491022 56 39 0x02 -32
1402048090.493511 56 39 0x05 -37
1402048090.586400 56 38 0x04 -34
1402048090.586913 56 38 0x01 -41
1402048090.594398 56 39 0x02 -31
1402048090.599069 56 39 0x05 -37
1402048090.681799 56 38 0x04 -35
1402048090.685896 56 38 0x01 -41
1402048090.696075 56 38 0x02 -33
1402048090.772410 56 37 0x03 -35
1402048090.799329 56 38 0x02 -33
1402048090.811894 56 38 0x05 -37
1402048090.877377 56 37 0x03 -35
1402048090.890105 56 37 0x04 -35
1402048090.896626 56 37 0x01 -40
1402048090.920781 56 38 0x05 -37
1402048090.983479 56 39 0x03 -35
1402048090.996901 56 37 0x04 -36
1402048091.008769 57 37 0x01 -40
1402048091.034279 57 37 0x02 -32
1402048091.034575 57 37 0x05 -38
1402048091.091256 57 39 0x03 -35
1402048091.103571 57 39 0x04 -33
1402048091.113711 57 37 0x02 -32
1402048091.123488 57 37 0x05 -38
1402048091.197183 57 39 0x03 -35
1402048091.205963 57 39 0x04 -34
1402048091.222184 57 39 0x02 -32
1402048091.323315 57 39 0x02 -32
1402048091.326715 57 39 0x01 -37
1402048091.336751 57 39 0x05 -38
1402048091.408246 57 38 0x03 -35
1402048091.413281 57 38 0x04 -34
1402048091.441772 57 39 0x05 -38
1402048091.514743 57 38 0x03 -35
1402048091.522128 57 38 0x04 -34
1402048091.535775 57 38 0x02 -33
1402048091.543014 57 38 0x05 -37
1402048091.640813 57 38 0x02 -33
1402048091.731471 57 37 0x03 -35
1402048091.735923 57 37 0x04 -36
1402048091.745990 57 37 0x02 -32
1402048091.832223 57 37 0x03 -35
1402048091.838259 57 37 0x04 -35
1402048091.851033 57 37 0x05 -38
1402048091.857224 57 37 0x01 -40
1402048091.941109 57 39 0x03 -35
1402048091.952941 57 37 0x02 -33
1402048091.956718 57 37 0x05 -38
1402048091.964037 57 37 0x01 -40
1402048092.051105 58 39 0x03 -35
1402048092.075853 58 39 0x04 -34
1402048092.076031 58 39 0x05 -39
1402048092.160295 58 39 0x04 -34
1402048092.164568 58 39 0x02 -31
1402048092.169761 58 39 0x05 -38
1402048092.178869 58 39 0x01 -38
1402048092.266309 58 38 0x02 -33
1402048092.366509 58 38 0x04 -35
1402048092.368792 58 38 0x02 -32
1402048092.382031 58 38 0x05 -38
1402048092.393172 58 39 0x01 -38
1402048092.462613 58 37 0x03 -34
1402048092.472610 58 38 0x02 -33
1402048092.489687 58 38 0x05 -37
1402048092.494519 58 38 0x01 -40
1402048092.569240 58 37 0x03 -34
1402048092.598022 58 38 0x05 -37
1402048092.601245 58 38 0x01 -40
1402048092.672363 58 37 0x03 -34
1402048092.682402 58 37 0x04 -37
1402048092.684376 58 37 0x02 -32
1402048092.778900 58 39 0x03 -35
1402048092.808563 58 37 0x05 -37
1402048092.812058 58 37 0x01 -40
1402048092.913671 58 37 0x01 -40
1402048092.993934 58 39 0x04 -34
1402048092.998317 58 39 0x02 -31
1402048093.028822 59 39 0x05 -38
1402048093.057207 59 39 0x01 -39
1402048093.105912 59 38 0x02 -32
1402048093.124173 59 39 0x05 -38
1402048093.129284 59 39 0x01 -38
1402048093.200039 59 38 0x04 -35
1402048093.212316 59 38 0x02 -33
1402048093.238329 59 39 0x01 -38
1402048093.299822 59 37 0x03 -34
1402048093.314300 59 38 0x02 -33
1402048093.329184 59 38 0x05 -37
1402048093.341017 59 38 0x01 -41
1402048093.401303 59 37 0x03 -34
1402048093.413769 59 37 0x04 -35
1402048093.417068 59 37 0x05 -37
1402048093.419676 59 37 0x02 -32
1402048093.448031 59 38 0x01 -41
1402048093.507098 59 39 0x03 -34
1402048093.525976 59 37 0x05 -37
1402048093.552648 59 38 0x01 -39
1402048093.612198 59 39 0x03 -35
1402048093.660481 59 37 0x01 -40
1402048093.715591 59 39 0x03 -35
1402048093.730190 59 39 0x02 -32
1402048093.732250 59 39 0x04 -34
1402048093.734749 59 39 0x05 -38
1402048093.764771 59 37 0x01 -40
1402048093.817026 59 38 0x03 -35
1402048093.832032 59 39 0x02 -32
1402048093.840440 59 39 0x04 -34
1402048093.843106 59 39 0x05 -38
1402048093.926309 59 38 0x03 -35
1402048093.940002 59 38 0x02 -32
1402048093.941876 59 38 0x04 -36
1402048093.973590 59 39 0x01 -38
1402048094.052780 60 38 0x02 -33
1402048094.076024 60 38 0x05 -37
1402048094.133649 60 37 0x03 -34
1402048094.154668 60 38 0x04 -35
1402048094.160865 60 38 0x05 -37
1402048094.238626 60 37 0x03 -34
1402048094.256899 60 37 0x02 -32
1402048094.261155 60 37 0x04 -37
1402048094.290680 60 37 0x01 -40
1402048094.370004 60 39 0x04 -33
1402048094.371476 60 39 0x05 -38
1402048094.392276 60 37 0x01 -40
1402048094.464801 60 38 0x02 -33
1402048094.471803 60 39 0x04 -34
1402048094.477352 60 39 0x05 -38
1402048094.495978 60 39 0x01 -38
