1402048133.785423 0 37 0x04 -35
1402048133.809895 0 37 0x0a -54
1402048133.810190 0 38 0x09 -50
1402048133.839576 0 39 0x05 -38
1402048133.856398 0 39 0x02 -31
1402048133.857650 0 39 0x01 -38
1402048133.884991 0 37 0x0a -53
1402048133.887302 0 37 0x04 -36
1402048133.893421 0 37 0x09 -51
1402048133.931471 0 38 0x03 -35
1402048133.961725 0 39 0x02 -31
1402048134.069091 1 38 0x01 -41
1402048134.092041 1 38 0x02 -32
1402048134.095458 1 39 0x0a -61
1402048134.098186 1 39 0x09 -49
1402048134.148997 1 38 0x05 -36
1402048134.168818 1 38 0x02 -32
1402048134.201817 1 39 0x09 -47
1402048134.204230 1 39 0x0a -64
1402048134.251158 1 37 0x05 -37
1402048134.270836 1 38 0x02 -32
1402048134.308882 1 39 0x04 -33
1402048134.312412 1 39 0x0a -58
1402048134.360042 1 37 0x05 -37
1402048134.373663 1 37 0x01 -40
1402048134.411017 1 38 0x09 -49
1402048134.417641 1 38 0x0a -55
1402048134.452559 1 39 0x03 -36
1402048134.476384 1 37 0x01 -40
1402048134.481364 1 37 0x02 -32
1402048134.518744 1 38 0x09 -49
1402048134.519487 1 38 0x04 -34
1402048134.520994 1 38 0x0a -55
1402048134.555800 1 39 0x03 -36
1402048134.568873 1 39 0x05 -37
1402048134.670810 1 39 0x05 -37
1402048134.686094 1 39 0x01 -38
1402048134.689031 1 39 0x02 -31
1402048134.731025 1 37 0x0a -55
1402048134.731747 1 37 0x04 -36
1402048134.767612 1 38 0x03 -36
1402048134.777477 1 38 0x05 -37
1402048134.788478 1 39 0x01 -37
1402048134.793282 1 39 0x02 -31
1402048134.868743 1 38 0x03 -35
1402048134.878983 1 38 0x05 -37
1402048134.894045 1 38 0x01 -41
1402048134.973375 1 37 0x03 -35
1402048134.980346 1 37 0x05 -37
1402048134.998891 1 38 0x01 -41
1402048135.043107 2 39 0x09 -48
1402048135.067436 2 39 0x0a -60
1402048135.067744 2 39 0x04 -33
1402048135.074069 2 37 0x03 -35
1402048135.081513 2 37 0x05 -38
1402048135.160298 2 39 0x04 -34
1402048135.180521 2 39 0x03 -36
1402048135.184611 2 39 0x05 -37
1402048135.205563 2 37 0x01 -40
1402048135.210520 2 37 0x02 -31
1402048135.248862 2 38 0x0a -63
1402048135.251204 2 38 0x09 -49
1402048135.285309 2 39 0x05 -38
1402048135.287445 2 39 0x03 -36
1402048135.312560 2 37 0x02 -31
1402048135.355181 2 38 0x09 -50
1402048135.357346 2 38 0x0a -63
1402048135.389623 2 39 0x05 -37
1402048135.395974 2 39 0x03 -36
1402048135.414307 2 39 0x01 -38
1402048135.419906 2 39 0x02 -31
1402048135.463799 2 37 0x09 -50
1402048135.490860 2 38 0x05 -37
1402048135.497672 2 38 0x03 -35
1402048135.526332 2 39 0x02 -31
1402048135.569446 2 37 0x09 -49
1402048135.571299 2 37 0x0a -59
1402048135.588410 2 38 0x04 -34
1402048135.593106 2 38 0x05 -37
1402048135.619551 2 38 0x01 -40
1402048135.628787 2 39 0x02 -31
1402048135.674117 2 37 0x09 -49
1402048135.675636 2 37 0x0a -57
1402048135.723916 2 38 0x01 -41
1402048135.730868 2 38 0x02 -32
1402048135.777838 2 39 0x09 -50
1402048135.801707 2 37 0x05 -38
1402048135.803991 2 37 0x04 -36
1402048135.810463 2 37 0x03 -34
1402048135.829282 2 38 0x01 -40
1402048135.893304 2 39 0x0a -60
1402048135.912094 2 37 0x04 -36
1402048135.936377 2 37 0x01 -40
1402048135.990637 2 39 0x09 -49
1402048135.996012 2 39 0x0a -51
1402048136.018142 3 39 0x05 -37
1402048136.042449 3 39 0x03 -36
1402048136.042730 3 39 0x04 -33
1402048136.051449 3 37 0x02 -31
1402048136.095375 3 38 0x09 -49
1402048136.096617 3 38 0x0a -52
1402048136.113628 3 39 0x05 -36
1402048136.118456 3 39 0x03 -36
1402048136.126532 3 39 0x04 -34
1402048136.158778 3 37 0x02 -31
1402048136.215339 3 38 0x05 -37
1402048136.219593 3 38 0x03 -36
1402048136.228328 3 39 0x04 -34
1402048136.265110 3 39 0x02 -31
1402048136.308466 3 38 0x09 -51
1402048136.316580 3 38 0x05 -36
1402048136.354947 3 39 0x01 -38
1402048136.368956 3 39 0x02 -31
1402048136.405374 3 37 0x0a -52
1402048136.411679 3 37 0x09 -50
1402048136.417244 3 37 0x05 -37
1402048136.441343 3 38 0x04 -35
1402048136.462565 3 38 0x01 -42
1402048136.477480 3 39 0x02 -31
1402048136.512475 3 37 0x0a -53
1402048136.517659 3 37 0x09 -50
1402048136.525531 3 37 0x05 -37
1402048136.532465 3 37 0x03 -35
1402048136.565948 3 38 0x01 -42
1402048136.583020 3 38 0x02 -32
1402048136.619031 3 39 0x0a -54
1402048136.651423 3 37 0x04 -36
1402048136.688958 3 38 0x02 -32
1402048136.721410 3 39 0x0a -53
1402048136.732716 3 39 0x09 -49
1402048136.737837 3 39 0x05 -36
1402048136.756349 3 37 0x04 -36
1402048136.768116 3 37 0x01 -40
1402048136.833798 3 39 0x09 -49
1402048136.842671 3 39 0x05 -36
1402048136.851415 3 39 0x03 -36
1402048136.859598 3 39 0x04 -34
1402048136.876137 3 37 0x01 -40
1402048136.953168 3 39 0x03 -36
1402048136.965488 3 39 0x04 -33
1402048136.982663 3 39 0x01 -38
1402048137.016284 4 37 0x02 -31
1402048137.044417 4 38 0x0a -54
1402048137.044702 4 38 0x09 -50
1402048137.053627 4 38 0x05 -37
1402048137.055772 4 38 0x03 -35
1402048137.068778 4 39 0x04 -33
1402048137.086087 4 39 0x01 -37
1402048137.110014 4 37 0x02 -31
1402048137.150953 4 38 0x09 -50
1402048137.190290 4 39 0x01 -37
1402048137.213767 4 39 0x02 -31
1402048137.248131 4 37 0x0a -53
1402048137.256221 4 37 0x09 -49
1402048137.298793 4 38 0x01 -40
1402048137.321325 4 39 0x02 -31
1402048137.357265 4 37 0x0a -53
1402048137.359206 4 37 0x09 -50
1402048137.366272 4 37 0x03 -35
1402048137.368746 4 37 0x05 -37
1402048137.407157 4 38 0x01 -42
1402048137.470782 4 37 0x05 -37
1402048137.487581 4 37 0x04 -36
1402048137.514097 4 38 0x01 -41
1402048137.530098 4 38 0x02 -32
1402048137.572326 4 39 0x0a -55
1402048137.591187 4 37 0x04 -36
1402048137.616371 4 37 0x01 -41
1402048137.638333 4 38 0x02 -31
1402048137.675915 4 39 0x05 -37
1402048137.681279 4 39 0x0a -56
1402048137.682588 4 39 0x09 -49
1402048137.689625 4 39 0x03 -36
1402048137.701234 4 39 0x04 -34
1402048137.718400 4 37 0x01 -41
1402048137.777816 4 38 0x05 -36
1402048137.793814 4 39 0x03 -37
1402048137.809908 4 39 0x04 -34
1402048137.883559 4 38 0x05 -36
1402048137.891295 4 38 0x09 -50
1402048137.894677 4 38 0x0a -56
1402048137.900637 4 38 0x03 -37
1402048137.912881 4 39 0x04 -34
1402048137.928068 4 39 0x01 -38
1402048137.957704 4 37 0x02 -31
1402048137.995393 4 38 0x09 -49
1402048138.009873 5 38 0x0a -56
1402048138.037386 5 38 0x03 -37
1402048138.037687 5 38 0x04 -37
1402048138.090652 5 37 0x05 -36
1402048138.118503 5 38 0x03 -37
1402048138.119822 5 38 0x04 -34
1402048138.131940 5 38 0x01 -42
1402048138.176465 5 39 0x02 -31
1402048138.196455 5 37 0x05 -37
1402048138.205379 5 37 0x0a -54
1402048138.209119 5 37 0x09 -49
1402048138.221413 5 37 0x04 -36
1402048138.233660 5 38 0x01 -41
1402048138.280155 5 39 0x02 -31
1402048138.308652 5 37 0x0a -55
1402048138.316813 5 37 0x09 -49
1402048138.326012 5 37 0x04 -36
1402048138.331478 5 37 0x03 -35
1402048138.338997 5 37 0x01 -41
1402048138.407664 5 39 0x05 -37
1402048138.416843 5 39 0x0a -58
1402048138.418842 5 39 0x09 -49
1402048138.513117 5 39 0x05 -37
1402048138.518371 5 39 0x0a -58
1402048138.521087 5 39 0x09 -49
1402048138.536314 5 39 0x03 -37
1402048138.542089 5 39 0x04 -34
1402048138.548155 5 37 0x01 -41
1402048138.596475 5 38 0x02 -32
1402048138.624326 5 38 0x0a -56
1402048138.626862 5 38 0x09 -49
1402048138.642121 5 39 0x03 -37
1402048138.646437 5 39 0x04 -34
1402048138.653990 5 39 0x01 -38
1402048138.697855 5 37 0x02 -31
1402048138.728527 5 38 0x05 -36
1402048138.802692 5 37 0x02 -31
1402048138.834811 5 38 0x09 -48
1402048138.835662 5 38 0x05 -37
1402048138.836669 5 38 0x0a -57
1402048138.851201 5 38 0x03 -36
1402048138.851916 5 38 0x04 -34
1402048138.909154 5 37 0x02 -33
1402048138.964857 5 38 0x01 -42
1402048139.026915 6 39 0x02 -31
1402048139.051893 6 37 0x0a -55
1402048139.052089 6 37 0x09 -48
1402048139.059022 6 37 0x03 -35
1402048139.060501 6 37 0x04 -36
1402048139.124212 6 39 0x02 -31
1402048139.155054 6 37 0x0a -55
1402048139.166639 6 37 0x03 -35
1402048139.173516 6 37 0x01 -40
1402048139.272266 6 37 0x04 -36
1402048139.273470 6 37 0x03 -35
1402048139.280785 6 37 0x01 -40
1402048139.331483 6 38 0x02 -32
1402048139.364639 6 39 0x0a -59
1402048139.372174 6 39 0x05 -38
1402048139.373234 6 39 0x09 -48
1402048139.375418 6 39 0x04 -33
1402048139.380609 6 39 0x03 -36
1402048139.435343 6 38 0x02 -32
1402048139.470717 6 39 0x0a -59
1402048139.476382 6 39 0x05 -38
1402048139.491613 6 39 0x01 -38
1402048139.540324 6 37 0x02 -32
1402048139.572939 6 38 0x0a -56
1402048139.589390 6 39 0x03 -36
1402048139.600514 6 39 0x01 -38
1402048139.676602 6 38 0x0a -56
1402048139.684759 6 38 0x05 -37
1402048139.689802 6 38 0x09 -48
1402048139.691959 6 38 0x03 -36
1402048139.700262 6 38 0x01 -42
1402048139.748861 6 37 0x02 -32
1402048139.779639 6 37 0x0a -54
1402048139.791184 6 38 0x09 -48
1402048139.809354 6 38 0x01 -41
1402048139.880939 6 37 0x0a -55
1402048139.890019 6 37 0x05 -37
1402048139.896363 6 37 0x09 -48
1402048139.904742 6 37 0x03 -35
1402048139.913986 6 38 0x01 -42
1402048139.966488 6 39 0x02 -31
1402048140.012348 7 37 0x04 -35
1402048140.042667 7 37 0x03 -35
1402048140.042912 7 37 0x01 -41
1402048140.074895 7 39 0x02 -31
1402048140.095465 7 39 0x0a -57
1402048140.105175 7 39 0x09 -48
1402048140.111486 7 37 0x04 -35
1402048140.122758 7 37 0x01 -40
1402048140.197940 7 39 0x0a -58
1402048140.208775 7 39 0x09 -47
1402048140.213537 7 39 0x05 -38
1402048140.219038 7 39 0x04 -34
1402048140.281015 7 38 0x02 -32
1402048140.298696 7 38 0x0a -56
1402048140.315743 7 39 0x09 -48
1402048140.317673 7 39 0x05 -37
1402048140.323848 7 39 0x03 -36
1402048140.326440 7 39 0x04 -34
1402048140.332801 7 39 0x01 -38
1402048140.404520 7 38 0x0a -56
1402048140.420370 7 38 0x09 -49
1402048140.426005 7 38 0x05 -37
1402048140.432748 7 39 0x04 -33
1402048140.435568 7 39 0x01 -38
1402048140.487370 7 37 0x02 -31
1402048140.511955 7 38 0x0a -56
1402048140.524744 7 38 0x09 -50
1402048140.590553 7 37 0x02 -31
1402048140.614337 7 37 0x0a -54
1402048140.631352 7 38 0x09 -50
1402048140.642357 7 38 0x05 -37
1402048140.715365 7 37 0x0a -55
1402048140.738463 7 37 0x09 -50
1402048140.748337 7 38 0x04 -35
1402048140.751072 7 38 0x05 -37
1402048140.808903 7 39 0x02 -31
1402048140.852346 7 37 0x01 -41
1402048140.853064 7 37 0x05 -37
1402048140.855952 7 37 0x04 -35
1402048140.914681 7 39 0x02 -31
1402048140.923986 7 39 0x0a -59
1402048140.952752 7 37 0x09 -49
1402048140.956362 7 37 0x05 -37
1402048141.024019 8 38 0x02 -32
1402048141.048942 8 38 0x0a -55
1402048141.113602 8 38 0x03 -36
1402048141.122181 8 38 0x02 -32
1402048141.166162 8 39 0x01 -38
1402048141.240799 8 38 0x0a -55
1402048141.270965 8 39 0x09 -48
1402048141.274148 8 39 0x01 -38
1402048141.325587 8 37 0x03 -36
1402048141.329517 8 37 0x02 -31
1402048141.375357 8 38 0x09 -48
1402048141.382356 8 38 0x01 -42
1402048141.476747 8 38 0x05 -37
1402048141.478765 8 38 0x04 -34
1402048141.479892 8 38 0x09 -50
1402048141.486918 8 38 0x01 -42
1402048141.578261 8 37 0x05 -37
1402048141.582948 8 37 0x04 -36
1402048141.588850 8 38 0x01 -42
1402048141.644374 8 39 0x03 -36
1402048141.648135 8 39 0x02 -31
1402048141.653152 8 39 0x0a -57
1402048141.682797 8 37 0x05 -37
1402048141.686061 8 37 0x04 -36
1402048141.690272 8 37 0x09 -50
1402048141.691195 8 37 0x01 -41
1402048141.750943 8 39 0x02 -31
1402048141.761559 8 39 0x0a -56
1402048141.790955 8 37 0x05 -37
1402048141.795291 8 37 0x04 -36
1402048141.798523 8 37 0x01 -41
1402048141.851928 8 38 0x02 -32
1402048141.854305 8 38 0x03 -35
1402048141.895038 8 39 0x05 -37
1402048141.896494 8 39 0x09 -49
1402048141.955933 8 38 0x02 -32
1402048141.961309 8 38 0x03 -37
1402048141.965230 8 38 0x0a -56
1402048142.008591 9 39 0x05 -37
1402048142.030132 9 39 0x04 -34
1402048142.030322 9 39 0x01 -39
1402048142.047494 9 37 0x0a -55
1402048142.062377 9 37 0x02 -32
1402048142.068904 9 38 0x03 -36
1402048142.103549 9 38 0x09 -50
1402048142.113853 9 39 0x04 -34
1402048142.120191 9 39 0x01 -39
1402048142.150837 9 37 0x0a -54
1402048142.171705 9 37 0x02 -31
1402048142.173766 9 37 0x03 -35
1402048142.207763 9 38 0x09 -51
1402048142.215111 9 38 0x04 -34
1402048142.254235 9 39 0x0a -57
1402048142.272142 9 37 0x02 -32
1402048142.278014 9 37 0x03 -35
1402048142.312029 9 38 0x09 -50
1402048142.318795 9 38 0x05 -37
1402048142.330879 9 38 0x01 -42
1402048142.361421 9 39 0x0a -57
1402048142.414472 9 37 0x09 -49
1402048142.439473 9 38 0x01 -42
1402048142.484832 9 39 0x02 -31
1402048142.492382 9 39 0x03 -36
1402048142.515225 9 37 0x09 -49
1402048142.528835 9 37 0x04 -34
1402048142.534714 9 37 0x05 -37
1402048142.565311 9 38 0x0a -56
1402048142.590186 9 39 0x02 -32
1402048142.594109 9 39 0x03 -36
1402048142.671300 9 38 0x0a -56
1402048142.697783 9 38 0x02 -32
1402048142.729885 9 39 0x09 -49
1402048142.754850 9 37 0x01 -42
1402048142.773830 9 37 0x0a -54
1402048142.797292 9 38 0x03 -35
1402048142.802697 9 38 0x02 -32
1402048142.836553 9 39 0x09 -49
1402048142.845628 9 39 0x05 -37
1402048142.851130 9 39 0x04 -34
1402048142.863517 9 39 0x01 -38
1402048142.882375 9 37 0x0a -55
1402048142.910417 9 38 0x02 -32
1402048143.014910 10 37 0x03 -35
1402048143.047104 10 38 0x09 -50
1402048143.050371 10 38 0x05 -37
1402048143.096813 10 39 0x0a -58
1402048143.109994 10 37 0x03 -35
1402048143.115675 10 37 0x02 -32
1402048143.151076 10 38 0x09 -50
1402048143.159931 10 38 0x05 -37
1402048143.175690 10 38 0x01 -41
1402048143.217794 10 39 0x03 -35
1402048143.221760 10 39 0x02 -31
1402048143.251993 10 37 0x09 -50
1402048143.275938 10 38 0x04 -34
1402048143.281474 10 38 0x01 -42
1402048143.309373 10 39 0x0a -58
1402048143.318790 10 39 0x03 -35
1402048143.324794 10 39 0x02 -31
1402048143.356566 10 37 0x09 -50
1402048143.370314 10 37 0x05 -37
1402048143.376532 10 37 0x04 -35
1402048143.390455 10 38 0x01 -42
1402048143.417990 10 38 0x0a -55
1402048143.432944 10 39 0x02 -32
1402048143.472791 10 37 0x05 -37
1402048143.480769 10 37 0x04 -36
1402048143.498920 10 37 0x01 -41
1402048143.522579 10 38 0x0a -56
1402048143.563914 10 39 0x09 -49
1402048143.578878 10 39 0x05 -38
1402048143.602829 10 37 0x01 -41
1402048143.638719 10 38 0x02 -32
1402048143.681410 10 39 0x05 -37
1402048143.691040 10 39 0x04 -34
1402048143.708894 10 37 0x01 -41
1402048143.731775 10 37 0x03 -35
1402048143.772910 10 37 0x09 -50
1402048143.783929 10 37 0x05 -38
1402048143.795436 10 38 0x04 -34
1402048143.815970 10 38 0x01 -41
1402048143.879912 10 37 0x09 -50
1402048143.885613 10 37 0x05 -37
1402048143.896621 10 37 0x04 -35
1402048143.924446 10 38 0x01 -41
1402048143.940134 10 38 0x0a -55
1402048143.956882 10 39 0x02 -32
1402048143.990890 10 37 0x05 -37
1402048143.999129 10 37 0x04 -36
1402048144.041862 11 38 0x01 -42
1402048144.069059 11 38 0x0a -54
1402048144.069350 11 38 0x02 -32
1402048144.088731 11 39 0x09 -49
1402048144.096997 11 39 0x05 -37
1402048144.167043 11 38 0x02 -32
1402048144.197370 11 39 0x09 -48
1402048144.205408 11 39 0x05 -38
1402048144.210355 11 39 0x04 -34
1402048144.245368 11 37 0x01 -41
1402048144.251699 11 37 0x0a -54
1402048144.265292 11 37 0x03 -35
1402048144.271370 11 38 0x02 -32
1402048144.304273 11 38 0x09 -50
1402048144.305740 11 38 0x05 -37
1402048144.316643 11 39 0x04 -34
1402048144.349466 11 37 0x01 -41
1402048144.353866 11 37 0x0a -54
1402048144.373893 11 37 0x03 -35
1402048144.376996 11 37 0x02 -32
1402048144.407681 11 38 0x05 -38
1402048144.410337 11 38 0x09 -49
1402048144.418895 11 38 0x04 -34
1402048144.454337 11 39 0x01 -40
1402048144.457830 11 39 0x0a -56
1402048144.481624 11 37 0x02 -32
1402048144.515714 11 38 0x09 -50
1402048144.556308 11 39 0x01 -39
1402048144.562763 11 39 0x0a -56
1402048144.590029 11 37 0x02 -31
1402048144.685753 11 39 0x03 -35
1402048144.695903 11 39 0x02 -31
1402048144.727416 11 37 0x05 -38
1402048144.729556 11 37 0x09 -49
1402048144.765817 11 38 0x01 -41
1402048144.770321 11 38 0x0a -55
1402048144.794135 11 39 0x03 -36
1402048144.802881 11 39 0x02 -31
1402048144.831600 11 37 0x09 -49
1402048144.833816 11 37 0x05 -37
1402048144.839051 11 37 0x04 -36
1402048144.870781 11 38 0x01 -42
1402048144.896563 11 38 0x03 -35
1402048144.911376 11 39 0x02 -31
1402048144.938151 11 39 0x05 -36
1402048144.976028 11 37 0x0a -54
1402048145.011734 12 38 0x03 -36
1402048145.083004 12 37 0x0a -54
1402048145.086108 12 37 0x01 -41
1402048145.118327 12 38 0x02 -32
1402048145.150278 12 39 0x09 -50
1402048145.191426 12 37 0x0a -55
1402048145.194805 12 37 0x01 -42
1402048145.214085 12 37 0x03 -34
1402048145.223167 12 37 0x02 -31
1402048145.256010 12 38 0x09 -50
1402048145.320563 12 37 0x03 -34
1402048145.330137 12 37 0x02 -32
1402048145.360243 12 38 0x05 -37
1402048145.401627 12 39 0x0a -57
1402048145.404441 12 39 0x01 -40
1402048145.433591 12 37 0x02 -32
1402048145.457857 12 37 0x04 -36
1402048145.469117 12 38 0x09 -51
1402048145.534809 12 39 0x03 -35
1402048145.541350 12 39 0x02 -31
1402048145.559033 12 37 0x04 -35
1402048145.564481 12 37 0x05 -37
1402048145.569343 12 37 0x09 -51
1402048145.613718 12 38 0x0a -55
1402048145.618382 12 38 0x01 -41
1402048145.666724 12 39 0x04 -34
1402048145.671515 12 37 0x09 -51
1402048145.718656 12 38 0x0a -55
1402048145.722320 12 38 0x01 -42
1402048145.748642 12 39 0x02 -31
1402048145.770337 12 39 0x04 -33
1402048145.777707 12 39 0x09 -49
1402048145.781539 12 39 0x05 -37
1402048145.854427 12 38 0x02 -32
1402048145.875564 12 39 0x04 -33
1402048145.882644 12 39 0x09 -49
1402048145.924079 12 37 0x0a -53
1402048145.931752 12 37 0x01 -41
1402048145.957899 12 38 0x03 -35
1402048145.960816 12 38 0x02 -33
1402048145.981752 12 38 0x04 -34
1402048145.985099 12 38 0x09 -50
1402048145.990344 12 39 0x05 -36
1402048146.037741 13 37 0x0a -54
1402048146.060489 13 37 0x01 -41
1402048146.060673 13 37 0x03 -34
1402048146.092892 13 38 0x05 -37
1402048146.139481 13 39 0x0a -57
1402048146.142292 13 39 0x01 -38
1402048146.164082 13 37 0x03 -34
1402048146.172788 13 37 0x02 -32
1402048146.190063 13 38 0x09 -51
1402048146.201419 13 38 0x05 -37
1402048146.251425 13 39 0x01 -39
1402048146.272257 13 37 0x03 -34
1402048146.280328 13 37 0x02 -32
1402048146.294150 13 37 0x09 -51
1402048146.298986 13 37 0x04 -35
1402048146.358577 13 39 0x01 -39
1402048146.365449 13 39 0x01 -39
1402048146.380093 13 39 0x03 -35
1402048146.402410 13 37 0x09 -50
1402048146.406143 13 37 0x04 -36
1402048146.411312 13 37 0x05 -37
1402048146.446235 13 38 0x0a -55
1402048146.481577 13 39 0x03 -36
1402048146.490219 13 39 0x02 -32
1402048146.510205 13 37 0x04 -34
1402048146.518616 13 37 0x05 -37
1402048146.553293 13 38 0x0a -55
1402048146.570599 13 38 0x01 -40
1402048146.599080 13 39 0x02 -31
1402048146.613604 13 39 0x09 -50
1402048146.617303 13 39 0x04 -34
1402048146.653958 13 37 0x0a -54
1402048146.677884 13 38 0x01 -42
1402048146.718593 13 39 0x09 -50
1402048146.724071 13 39 0x05 -37
1402048146.726434 13 39 0x04 -34
1402048146.758844 13 37 0x0a -54
1402048146.800139 13 38 0x03 -36
1402048146.825208 13 38 0x09 -50
1402048146.832281 13 39 0x04 -34
1402048146.866184 13 39 0x0a -57
1402048146.880723 13 37 0x01 -41
1402048146.914183 13 38 0x02 -32
1402048146.930519 13 38 0x09 -50
1402048146.933269 13 38 0x05 -37
1402048146.969137 13 39 0x0a -56
1402048147.022274 14 37 0x03 -35
1402048147.048031 14 37 0x02 -32
1402048147.048312 14 38 0x04 -34
1402048147.078661 14 39 0x0a -56
1402048147.087942 14 39 0x01 -38
1402048147.115727 14 37 0x03 -36
1402048147.118912 14 37 0x02 -31
1402048147.195005 14 39 0x01 -39
1402048147.254920 14 37 0x04 -36
1402048147.293536 14 38 0x0a -55
1402048147.325770 14 39 0x03 -36
1402048147.333030 14 39 0x02 -31
1402048147.354998 14 37 0x09 -50
1402048147.358830 14 37 0x05 -37
1402048147.361090 14 37 0x04 -36
1402048147.399197 14 38 0x0a -55
1402048147.410378 14 38 0x01 -42
1402048147.431593 14 39 0x03 -36
1402048147.459070 14 39 0x09 -49
1402048147.463628 14 39 0x05 -38
1402048147.513548 14 38 0x01 -42
1402048147.539526 14 38 0x02 -32
1402048147.566867 14 39 0x09 -50
1402048147.569008 14 39 0x05 -38
1402048147.608212 14 37 0x0a -54
1402048147.621498 14 37 0x01 -41
1402048147.640444 14 38 0x03 -36
1402048147.647824 14 38 0x02 -32
1402048147.674133 14 39 0x05 -37
1402048147.678290 14 39 0x04 -34
1402048147.714814 14 37 0x0a -54
1402048147.725530 14 37 0x01 -41
1402048147.751183 14 38 0x02 -32
1402048147.781540 14 38 0x05 -37
1402048147.817666 14 39 0x0a -59
1402048147.853293 14 37 0x02 -32
1402048147.889895 14 38 0x05 -37
1402048147.921342 14 39 0x0a -58
1402048147.936754 14 39 0x01 -39
1402048147.990220 14 38 0x09 -49
1402048147.998680 14 38 0x05 -37
1402048148.099863 15 37 0x09 -49
1402048148.124350 15 37 0x04 -34
1402048148.124562 15 37 0x05 -38
1402048148.128493 15 38 0x0a -55
1402048148.162647 15 39 0x03 -36
1402048148.167082 15 39 0x02 -31
1402048148.192298 15 37 0x09 -50
1402048148.197656 15 37 0x04 -34
1402048148.210216 15 37 0x05 -37
1402048148.235247 15 38 0x0a -54
1402048148.249127 15 38 0x01 -40
1402048148.270450 15 39 0x03 -35
1402048148.273328 15 39 0x02 -31
1402048148.301320 15 39 0x09 -49
1402048148.313188 15 37 0x05 -37
1402048148.356430 15 38 0x01 -41
1402048148.375193 15 38 0x02 -31
1402048148.408360 15 39 0x09 -48
1402048148.413678 15 39 0x04 -34
1402048148.417888 15 39 0x05 -37
1402048148.447958 15 37 0x0a -53
1402048148.456769 15 37 0x01 -41
1402048148.513038 15 39 0x09 -50
1402048148.519576 15 39 0x04 -34
1402048148.524539 15 39 0x05 -38
1402048148.550903 15 37 0x0a -54
1402048148.558652 15 37 0x01 -41
1402048148.617045 15 38 0x09 -52
1402048148.654885 15 39 0x0a -55
1402048148.665710 15 39 0x01 -38
1402048148.686419 15 37 0x03 -35
1402048148.688346 15 37 0x02 -32
1402048148.718601 15 38 0x09 -51
1402048148.742208 15 38 0x05 -37
1402048148.755860 15 39 0x0a -55
1402048148.791011 15 37 0x02 -32
1402048148.846263 15 38 0x05 -38
1402048148.894827 15 39 0x03 -34
1402048148.900998 15 39 0x02 -31
1402048148.920026 15 37 0x02 -32
1402048148.927555 15 37 0x09 -52
1402048148.951555 15 38 0x05 -36
1402048148.967069 15 38 0x0a -55
1402048148.980537 15 38 0x01 -46
1402048149.008531 16 39 0x03 -35
1402048149.034138 16 37 0x09 -46
1402048149.041281 16 37 0x04 -29
1402048149.054093 16 37 0x05 -36
1402048149.068421 16 38 0x0a -53
1402048149.084190 16 38 0x01 -50
1402048149.109154 16 39 0x03 -36
1402048149.124602 16 39 0x02 -34
1402048149.139445 16 39 0x09 -44
1402048149.148926 16 37 0x04 -30
1402048149.161912 16 37 0x05 -35
1402048149.169341 16 37 0x0a -52
1402048149.213289 16 38 0x03 -37
1402048149.258918 16 39 0x04 -28
1402048149.270671 16 37 0x05 -35
1402048149.274582 16 37 0x0a -53
1402048149.295387 16 37 0x01 -50
1402048149.331704 16 38 0x02 -35
1402048149.365205 16 39 0x04 -27
1402048149.377918 16 39 0x05 -34
1402048149.382087 16 39 0x0a -53
1402048149.401730 16 37 0x01 -50
1402048149.432751 16 38 0x02 -35
1402048149.454963 16 38 0x09 -46
1402048149.468655 16 39 0x04 -28
1402048149.484304 16 39 0x05 -34
1402048149.529567 16 37 0x03 -36
1402048149.560061 16 38 0x09 -46
1402048149.570440 16 38 0x04 -29
1402048149.607457 16 39 0x01 -46
1402048149.631141 16 37 0x03 -36
1402048149.639205 16 37 0x02 -35
1402048149.713073 16 39 0x01 -46
1402048149.734468 16 39 0x03 -37
1402048149.768026 16 37 0x09 -46
1402048149.799930 16 38 0x0a -53
1402048149.801270 16 38 0x05 -34
1402048149.813977 16 38 0x01 -51
1402048149.873150 16 37 0x09 -46
1402048149.888017 16 37 0x04 -30
1402048149.908796 16 38 0x05 -34
1402048149.922006 16 38 0x01 -50
1402048149.950419 16 39 0x02 -33
1402048149.980531 16 39 0x09 -45
1402048149.992937 16 37 0x04 -31
1402048150.014115 17 37 0x0a -52
1402048150.037251 17 37 0x05 -35
1402048150.037473 17 38 0x01 -49
1402048150.056987 17 38 0x02 -35
1402048150.087996 17 39 0x09 -45
1402048150.096701 17 39 0x04 -28
1402048150.109593 17 37 0x0a -52
1402048150.124922 17 37 0x05 -35
1402048150.193424 17 39 0x09 -45
1402048150.205592 17 39 0x04 -28
1402048150.217855 17 39 0x0a -56
1402048150.240012 17 37 0x01 -49
1402048150.244168 17 37 0x03 -36
1402048150.270194 17 38 0x02 -35
1402048150.295515 17 38 0x09 -45
1402048150.308894 17 39 0x04 -28
1402048150.321163 17 39 0x0a -55
1402048150.333277 17 39 0x05 -32
1402048150.345017 17 39 0x01 -47
1402048150.377878 17 37 0x02 -35
1402048150.400423 17 38 0x09 -46
1402048150.413241 17 38 0x04 -29
1402048150.450349 17 39 0x03 -37
1402048150.482874 17 37 0x02 -35
1402048150.544886 17 38 0x05 -35
1402048150.552041 17 39 0x01 -47
1402048150.557960 17 39 0x03 -36
1402048150.590022 17 37 0x02 -35
1402048150.610080 17 37 0x09 -46
1402048150.646598 17 38 0x05 -34
1402048150.655916 17 38 0x01 -51
1402048150.695392 17 39 0x02 -33
1402048150.714044 17 37 0x09 -46
1402048150.724213 17 37 0x04 -30
1402048150.731027 17 37 0x0a -52
1402048150.751946 17 38 0x05 -34
1402048150.761645 17 38 0x01 -51
1402048150.767451 17 38 0x03 -36
1402048150.797915 17 39 0x02 -34
1402048150.816639 17 39 0x09 -45
1402048150.833090 17 37 0x0a -52
1402048150.854020 17 37 0x05 -35
1402048150.869051 17 38 0x03 -36
1402048150.906582 17 38 0x02 -35
1402048150.921331 17 39 0x09 -45
1402048150.932879 17 39 0x04 -28
1402048150.936682 17 39 0x0a -55
1402048150.961529 17 37 0x05 -35
1402048150.971085 17 37 0x01 -50
1402048150.976532 17 37 0x03 -36
1402048151.016928 18 38 0x02 -35
1402048151.073808 18 39 0x01 -47
1402048151.084603 18 37 0x03 -36
1402048151.110495 18 38 0x02 -35
1402048151.130289 18 38 0x09 -46
1402048151.148809 18 39 0x0a -54
1402048151.175420 18 39 0x01 -47
1402048151.177459 18 39 0x05 -34
1402048151.190433 18 37 0x03 -36
1402048151.217382 18 37 0x02 -35
1402048151.232783 18 38 0x09 -46
1402048151.255675 18 38 0x0a -53
1402048151.278388 18 39 0x01 -47
1402048151.301521 18 39 0x03 -37
1402048151.321636 18 37 0x02 -35
1402048151.358633 18 38 0x04 -29
1402048151.363112 18 38 0x0a -53
1402048151.402649 18 39 0x03 -36
1402048151.443396 18 37 0x09 -46
1402048151.463255 18 37 0x04 -30
1402048151.471858 18 38 0x0a -53
1402048151.487955 18 38 0x05 -34
1402048151.489579 18 38 0x01 -51
1402048151.527088 18 39 0x02 -33
1402048151.550818 18 37 0x09 -45
1402048151.565544 18 37 0x04 -30
1402048151.579340 18 37 0x0a -53
1402048151.592427 18 38 0x05 -34
1402048151.596788 18 38 0x01 -50
1402048151.630051 18 39 0x02 -34
1402048151.655962 18 39 0x09 -45
1402048151.683078 18 37 0x0a -52
1402048151.699305 18 37 0x05 -35
1402048151.713145 18 38 0x03 -36
1402048151.732744 18 38 0x02 -35
1402048151.763012 18 39 0x09 -45
1402048151.777442 18 39 0x04 -28
1402048151.789412 18 37 0x0a -52
1402048151.805468 18 37 0x05 -35
1402048151.807833 18 37 0x01 -50
1402048151.820275 18 37 0x03 -36
1402048151.840181 18 38 0x02 -35
1402048151.869181 18 39 0x09 -45
1402048151.885036 18 39 0x04 -28
1402048151.892398 18 39 0x0a -55
1402048151.928679 18 37 0x03 -36
1402048151.948995 18 38 0x02 -35
1402048151.974831 18 38 0x09 -46
1402048151.996749 18 39 0x0a -55
1402048152.021904 19 39 0x01 -47
1402048152.044843 19 39 0x05 -34
1402048152.045026 19 37 0x03 -35
1402048152.054902 19 37 0x02 -35
1402048152.079954 19 38 0x09 -46
1402048152.090824 19 38 0x04 -29
1402048152.097897 19 38 0x0a -53
1402048152.119886 19 39 0x05 -34
1402048152.121807 19 39 0x01 -47
1402048152.147384 19 39 0x03 -37
1402048152.183133 19 37 0x09 -45
1402048152.201596 19 38 0x0a -53
1402048152.269020 19 37 0x02 -35
1402048152.284294 19 37 0x09 -46
1402048152.298236 19 37 0x04 -31
1402048152.327929 19 38 0x05 -34
1402048152.378866 19 39 0x02 -33
1402048152.393076 19 37 0x09 -46
1402048152.406314 19 37 0x04 -30
1402048152.411706 19 37 0x0a -53
1402048152.431251 19 38 0x01 -51
1402048152.432511 19 38 0x05 -34
1402048152.481850 19 39 0x02 -34
1402048152.509110 19 37 0x04 -30
1402048152.515521 19 37 0x0a -53
1402048152.588805 19 39 0x02 -33
1402048152.604368 19 39 0x09 -45
1402048152.639004 19 37 0x01 -50
1402048152.646161 19 37 0x05 -36
1402048152.654079 19 37 0x03 -36
1402048152.695654 19 38 0x02 -35
1402048152.722160 19 39 0x0a -54
1402048152.726525 19 39 0x04 -27
1402048152.741717 19 39 0x01 -46
1402048152.755635 19 37 0x03 -36
1402048152.802423 19 38 0x02 -35
1402048152.814653 19 38 0x09 -46
1402048152.855496 19 39 0x05 -34
1402048152.858210 19 39 0x03 -36
1402048152.910563 19 38 0x02 -35
1402048152.919208 19 38 0x09 -46
1402048152.930848 19 38 0x0a -53
1402048152.939333 19 38 0x04 -29
1402048152.961633 19 39 0x05 -34
1402048152.965009 19 39 0x03 -37
1402048153.019992 20 37 0x02 -35
1402048153.046794 20 38 0x0a -53
1402048153.047078 20 38 0x04 -29
1402048153.048775 20 38 0x01 -51
1402048153.070509 20 39 0x05 -34
1402048153.072882 20 39 0x03 -36
1402048153.113264 20 37 0x02 -35
1402048153.128382 20 37 0x09 -46
1402048153.149337 20 38 0x04 -29
1402048153.157518 20 38 0x01 -50
1402048153.220256 20 39 0x02 -34
1402048153.231817 20 37 0x09 -46
1402048153.240370 20 37 0x0a -53
1402048153.252924 20 37 0x04 -30
1402048153.259268 20 37 0x01 -49
1402048153.282413 20 38 0x03 -36
1402048153.285535 20 38 0x05 -35
1402048153.323209 20 39 0x02 -33
1402048153.334253 20 39 0x09 -45
1402048153.360503 20 37 0x04 -30
1402048153.362240 20 37 0x01 -50
1402048153.388674 20 38 0x05 -34
1402048153.418665 20 38 0x05 -34
1402048153.463727 20 39 0x04 -28
1402048153.470915 20 37 0x01 -49
1402048153.494266 20 37 0x03 -36
1402048153.522569 20 38 0x05 -35
1402048153.532341 20 38 0x02 -35
1402048153.538020 20 38 0x09 -46
1402048153.555407 20 39 0x0a -55
1402048153.566952 20 39 0x04 -28
1402048153.579315 20 39 0x01 -47
1402048153.595486 20 37 0x03 -36
1402048153.629297 20 38 0x05 -34
1402048153.643390 20 38 0x09 -47
1402048153.662311 20 38 0x0a -53
1402048153.670527 20 39 0x04 -27
1402048153.685533 20 39 0x01 -47
1402048153.700498 20 39 0x03 -37
1402048153.729940 20 37 0x05 -35
1402048153.766821 20 37 0x0a -53
1402048153.778198 20 37 0x04 -30
1402048153.793044 20 38 0x01 -51
1402048153.805729 20 38 0x03 -37
1402048153.839925 20 39 0x05 -32
1402048153.845325 20 39 0x02 -34
1402048153.855135 20 39 0x09 -45
1402048153.873459 20 37 0x0a -53
1402048153.880264 20 37 0x04 -31
1402048153.894260 20 37 0x01 -50
1402048153.949054 20 39 0x02 -34
1402048153.959107 20 39 0x09 -45
1402048154.023522 21 37 0x03 -37
1402048154.059921 21 38 0x09 -46
1402048154.088872 21 39 0x0a -54
1402048154.092289 21 39 0x04 -28
1402048154.109327 21 37 0x01 -50
1402048154.118898 21 37 0x03 -36
1402048154.156507 21 38 0x02 -35
1402048154.157891 21 38 0x05 -34
1402048154.164472 21 38 0x09 -45
1402048154.190758 21 39 0x0a -54
1402048154.196766 21 39 0x04 -28
1402048154.272629 21 38 0x09 -46
1402048154.294928 21 38 0x0a -53
1402048154.321455 21 39 0x01 -47
1402048154.327530 21 39 0x03 -37
1402048154.368992 21 37 0x05 -35
1402048154.375535 21 37 0x09 -46
1402048154.398175 21 38 0x0a -53
1402048154.410508 21 38 0x04 -29
1402048154.430932 21 39 0x03 -36
1402048154.503610 21 37 0x0a -53
1402048154.534329 21 38 0x01 -51
1402048154.580023 21 39 0x02 -33
1402048154.610597 21 37 0x0a -53
1402048154.614752 21 37 0x04 -30
1402048154.684976 21 39 0x02 -33
1402048154.687584 21 39 0x05 -34
1402048154.717485 21 37 0x0a -53
1402048154.721263 21 37 0x04 -30
1402048154.740347 21 37 0x03 -36
1402048154.742704 21 37 0x01 -50
1402048154.790103 21 39 0x02 -34
1402048154.791762 21 39 0x09 -45
1402048154.794024 21 39 0x05 -34
1402048154.845358 21 37 0x01 -49
1402048154.847839 21 37 0x03 -36
1402048154.897038 21 38 0x05 -35
1402048154.925527 21 39 0x04 -28
1402048154.928814 21 39 0x0a -54
1402048154.950761 21 37 0x01 -50
1402048154.952439 21 37 0x03 -36
1402048155.008681 22 38 0x05 -34
1402048155.033828 22 38 0x09 -46
1402048155.034105 22 39 0x04 -27
1402048155.034964 22 39 0x09 -45
1402048155.057294 22 39 0x01 -47
1402048155.058572 22 39 0x03 -36
1402048155.136891 22 38 0x04 -29
1402048155.138560 22 38 0x09 -46
1402048155.161218 22 39 0x01 -47
1402048155.162065 22 39 0x03 -36
1402048155.208224 22 37 0x02 -35
1402048155.211308 22 37 0x05 -35
1402048155.265148 22 38 0x01 -51
1402048155.316067 22 37 0x02 -35
1402048155.340117 22 37 0x09 -45
1402048155.353004 22 38 0x0a -53
1402048155.443101 22 37 0x09 -46
1402048155.446313 22 37 0x04 -30
1402048155.461148 22 37 0x0a -52
1402048155.477477 22 38 0x03 -37
1402048155.480968 22 38 0x01 -51
1402048155.526651 22 39 0x02 -34
1402048155.549268 22 37 0x04 -31
1402048155.570105 22 37 0x0a -53
1402048155.631714 22 39 0x02 -33
1402048155.639145 22 39 0x05 -33
1402048155.655813 22 39 0x04 -28
1402048155.676250 22 37 0x0a -52
1402048155.687889 22 37 0x01 -50
1402048155.689462 22 37 0x03 -36
1402048155.761652 22 39 0x09 -45
1402048155.786653 22 39 0x0a -54
1402048155.793036 22 37 0x01 -49
1402048155.795495 22 37 0x03 -36
1402048155.860584 22 38 0x04 -29
1402048155.863456 22 38 0x09 -46
1402048155.888027 22 39 0x0a -54
1402048155.896007 22 39 0x01 -46
1402048155.898855 22 39 0x03 -36
1402048155.950581 22 38 0x02 -35
1402048155.965398 22 38 0x09 -46
1402048155.991235 22 39 0x0a -55
1402048156.011594 23 39 0x01 -47
1402048156.038369 23 39 0x03 -37
1402048156.047629 23 37 0x05 -36
1402048156.054146 23 37 0x02 -36
1402048156.068616 23 38 0x04 -29
1402048156.093041 23 38 0x0a -54
1402048156.113786 23 39 0x03 -37
1402048156.149809 23 37 0x05 -35
1402048156.161877 23 37 0x02 -35
1402048156.199358 23 38 0x0a -54
1402048156.204695 23 38 0x01 -49
1402048156.220598 23 38 0x03 -37
1402048156.257974 23 39 0x05 -34
1402048156.272297 23 37 0x04 -31
1402048156.276768 23 37 0x09 -46
1402048156.309354 23 38 0x01 -50
1402048156.322533 23 38 0x03 -36
1402048156.365388 23 39 0x05 -32
1402048156.366448 23 39 0x02 -33
1402048156.409394 23 37 0x01 -49
1402048156.412794 23 37 0x0a -53
1402048156.472990 23 39 0x02 -33
1402048156.482272 23 39 0x09 -45
1402048156.486649 23 39 0x04 -28
1402048156.511264 23 37 0x01 -49
1402048156.515197 23 37 0x0a -53
1402048156.525995 23 37 0x03 -36
1402048156.574788 23 38 0x02 -35
1402048156.594358 23 39 0x04 -28
1402048156.633088 23 37 0x03 -36
1402048156.689560 23 38 0x09 -46
1402048156.699395 23 38 0x04 -29
1402048156.724234 23 39 0x0a -55
1402048156.784232 23 37 0x05 -35
1402048156.793041 23 38 0x09 -46
1402048156.833044 23 39 0x0a -55
1402048156.846951 23 39 0x03 -36
1402048156.885920 23 37 0x05 -35
1402048156.899674 23 37 0x09 -46
1402048156.936260 23 38 0x01 -51
1402048156.938776 23 38 0x0a -54
1402048156.954377 23 39 0x03 -36
1402048156.991035 23 37 0x05 -35
1402048156.992759 23 37 0x02 -35
1402048157.009453 24 37 0x09 -46
1402048157.034439 24 37 0x04 -29
1402048157.118687 24 37 0x04 -30
1402048157.149888 24 38 0x0a -53
1402048157.152035 24 38 0x01 -50
1402048157.165532 24 38 0x03 -37
1402048157.204520 24 39 0x05 -34
1402048157.207953 24 39 0x02 -34
1402048157.209995 24 39 0x09 -44
1402048157.254100 24 37 0x01 -49
1402048157.310688 24 39 0x02 -34
1402048157.313033 24 39 0x09 -45
1402048157.327206 24 39 0x04 -28
1402048157.361364 24 37 0x0a -53
1402048157.362084 24 37 0x01 -49
1402048157.372674 24 37 0x03 -36
1402048157.416799 24 38 0x05 -35
1402048157.435778 24 39 0x04 -28
1402048157.518120 24 38 0x05 -34
1402048157.540367 24 38 0x04 -29
1402048157.569590 24 39 0x01 -48
1402048157.572651 24 39 0x0a -55
1402048157.630955 24 38 0x09 -45
1402048157.675998 24 39 0x01 -47
1402048157.680976 24 39 0x0a -55
1402048157.690587 24 39 0x03 -36
1402048157.721962 24 37 0x05 -35
1402048157.728259 24 37 0x02 -35
1402048157.738149 24 37 0x09 -46
1402048157.795628 24 39 0x03 -37
1402048157.829318 24 37 0x05 -35
1402048157.831867 24 37 0x02 -35
1402048157.883513 24 38 0x01 -51
1402048157.889731 24 38 0x0a -54
1402048157.955208 24 37 0x04 -30
1402048157.956532 24 37 0x09 -46
1402048157.992835 24 38 0x01 -51
1402048157.998036 24 38 0x0a -54
1402048158.051909 25 39 0x05 -34
1402048158.076107 25 39 0x02 -34
1402048158.097066 25 37 0x01 -49
1402048158.114161 25 38 0x03 -37
1402048158.150134 25 39 0x05 -34
1402048158.155610 25 39 0x02 -33
1402048158.167035 25 39 0x04 -28
1402048158.170435 25 39 0x09 -45
1402048158.201558 25 37 0x01 -49
1402048158.206841 25 37 0x0a -53
1402048158.256046 25 38 0x02 -34
1402048158.257331 25 38 0x05 -35
1402048158.269141 25 39 0x04 -28
1402048158.273271 25 39 0x09 -45
1402048158.321893 25 37 0x03 -36
1402048158.364401 25 38 0x02 -35
1402048158.366749 25 38 0x05 -34
1402048158.369844 25 38 0x04 -29
1402048158.380620 25 38 0x09 -46
1402048158.418118 25 39 0x0a -55
1402048158.469507 25 38 0x02 -35
1402048158.471676 25 38 0x05 -34
1402048158.474437 25 38 0x04 -29
1402048158.483092 25 38 0x09 -46
1402048158.531341 25 39 0x03 -36
1402048158.574758 25 37 0x02 -35
1402048158.576583 25 37 0x05 -35
1402048158.582648 25 37 0x04 -30
1402048158.589924 25 38 0x09 -46
1402048158.630849 25 39 0x0a -56
1402048158.680741 25 37 0x02 -35
1402048158.684728 25 37 0x04 -30
1402048158.695948 25 37 0x09 -45
1402048158.728042 25 38 0x01 -50
1402048158.735719 25 38 0x0a -54
1402048158.791028 25 37 0x04 -31
1402048158.800547 25 37 0x09 -46
1402048158.892631 25 39 0x02 -34
1402048158.895166 25 39 0x05 -33
1402048158.938550 25 37 0x01 -49
1402048158.995673 25 39 0x02 -34
1402048159.009167 26 39 0x05 -33
1402048159.034683 26 39 0x04 -28
1402048159.034980 26 39 0x09 -44
1402048159.046795 26 37 0x01 -49
1402048159.050781 26 37 0x0a -53
1402048159.053489 26 37 0x03 -36
1402048159.109398 26 39 0x05 -34
1402048159.113106 26 39 0x04 -28
1402048159.123916 26 39 0x09 -44
1402048159.155167 26 37 0x0a -53
1402048159.160366 26 37 0x03 -36
1402048159.199516 26 38 0x02 -35
1402048159.217881 26 38 0x05 -35
1402048159.254453 26 39 0x01 -47
1402048159.326055 26 38 0x05 -34
1402048159.329499 26 38 0x09 -46
1402048159.361698 26 39 0x01 -47
1402048159.370774 26 39 0x0a -55
1402048159.373075 26 39 0x03 -37
1402048159.402333 26 37 0x02 -35
1402048159.431891 26 38 0x05 -34
1402048159.464216 26 38 0x01 -51
1402048159.474347 26 39 0x03 -37
1402048159.479397 26 39 0x0a -54
1402048159.532370 26 37 0x04 -31
1402048159.539550 26 37 0x05 -33
1402048159.570447 26 38 0x01 -49
1402048159.616732 26 39 0x02 -34
1402048159.635201 26 37 0x04 -30
1402048159.643512 26 37 0x09 -46
1402048159.647292 26 37 0x05 -35
1402048159.675678 26 38 0x01 -50
1402048159.689333 26 38 0x0a -54
1402048159.726010 26 39 0x02 -34
1402048159.750987 26 37 0x09 -46
1402048159.753312 26 37 0x05 -35
1402048159.782470 26 37 0x01 -49
1402048159.790268 26 38 0x0a -53
1402048159.829554 26 39 0x02 -34
1402048159.847647 26 39 0x04 -28
1402048159.858649 26 39 0x09 -44
1402048159.888100 26 37 0x01 -49
1402048159.892053 26 37 0x0a -53
1402048159.896308 26 37 0x03 -36
1402048159.932044 26 38 0x02 -35
1402048159.954247 26 39 0x04 -27
1402048159.963227 26 39 0x09 -45
1402048159.965825 26 39 0x05 -32
1402048159.989244 26 37 0x01 -49
1402048159.997559 26 37 0x0a -53
1402048160.008799 27 37 0x03 -36
1402048160.070434 27 39 0x05 -34
1402048160.094326 27 39 0x01 -46
1402048160.138418 27 37 0x02 -35
1402048160.159253 27 38 0x04 -28
1402048160.171924 27 38 0x05 -34
1402048160.200707 27 39 0x01 -47
1402048160.213236 27 39 0x0a -55
1402048160.245133 27 37 0x02 -35
1402048160.274227 27 38 0x05 -35
1402048160.320419 27 39 0x0a -56
1402048160.348828 27 37 0x02 -35
1402048160.369615 27 37 0x04 -29
1402048160.405859 27 38 0x01 -49
1402048160.425391 27 38 0x03 -36
1402048160.454865 27 39 0x02 -33
1402048160.472041 27 37 0x04 -30
1402048160.479322 27 37 0x09 -46
1402048160.482709 27 37 0x05 -35
1402048160.509150 27 38 0x01 -50
1402048160.529271 27 38 0x03 -36
1402048160.535091 27 38 0x0a -53
1402048160.560371 27 39 0x02 -34
1402048160.588962 27 37 0x05 -35
1402048160.611935 27 37 0x01 -49
1402048160.668596 27 39 0x02 -33
1402048160.689421 27 39 0x04 -28
1402048160.696381 27 39 0x05 -34
1402048160.714140 27 37 0x01 -49
1402048160.770857 27 38 0x02 -34
1402048160.795537 27 39 0x09 -45
1402048160.797941 27 39 0x05 -33
1402048160.818110 27 39 0x01 -47
1402048160.841915 27 37 0x03 -36
1402048160.850239 27 37 0x0a -53
1402048160.896344 27 38 0x09 -46
1402048160.902854 27 38 0x05 -34
1402048160.919427 27 39 0x01 -47
1402048160.950973 27 37 0x0a -53
1402048160.984005 27 37 0x02 -35
1402048160.999816 27 38 0x09 -47
1402048161.013034 28 38 0x05 -34
1402048161.036786 28 38 0x04 -29
1402048161.036970 28 38 0x01 -49
1402048161.052747 28 39 0x03 -37
1402048161.091792 28 37 0x02 -35
1402048161.113664 28 38 0x03 -37
1402048161.122376 28 38 0x01 -51
1402048161.161744 28 39 0x0a -56
1402048161.194932 28 37 0x02 -35
1402048161.213887 28 37 0x04 -30
1402048161.221103 28 37 0x03 -36
1402048161.268885 28 39 0x0a -55
1402048161.313167 28 37 0x05 -35
1402048161.315735 28 37 0x09 -46
1402048161.318390 28 37 0x04 -30
1402048161.323802 28 37 0x03 -36
1402048161.333880 28 37 0x01 -49
1402048161.370509 28 38 0x0a -53
1402048161.406871 28 39 0x02 -34
1402048161.416025 28 39 0x05 -32
1402048161.419903 28 39 0x09 -45
1402048161.436946 28 37 0x01 -49
1402048161.472158 28 38 0x0a -53
1402048161.508918 28 39 0x02 -33
1402048161.524154 28 39 0x05 -34
1402048161.526978 28 39 0x09 -45
1402048161.529498 28 39 0x04 -28
1402048161.574288 28 37 0x0a -53
1402048161.609746 28 38 0x02 -35
1402048161.633667 28 39 0x04 -28
1402048161.636043 28 39 0x09 -44
1402048161.639133 28 39 0x03 -37
1402048161.646643 28 39 0x01 -47
1402048161.682734 28 37 0x0a -54
1402048161.715566 28 38 0x02 -35
1402048161.726964 28 38 0x05 -34
1402048161.734378 28 38 0x04 -29
1402048161.743293 28 38 0x03 -37
1402048161.789845 28 37 0x0a -51
1402048161.816915 28 37 0x02 -35
1402048161.857998 28 38 0x01 -49
1402048161.899334 28 39 0x0a -52
1402048161.919447 28 37 0x02 -35
1402048161.938123 28 37 0x04 -30
1402048161.952301 28 38 0x03 -37
1402048161.957359 28 38 0x09 -46
1402048161.965203 28 38 0x01 -48
1402048162.012711 29 39 0x0a -54
1402048162.040181 29 37 0x04 -31
1402048162.042533 29 37 0x05 -35
1402048162.047499 29 37 0x0a -53
1402048162.057983 29 37 0x09 -45
1402048162.070121 29 38 0x01 -52
1402048162.128384 29 39 0x02 -34
1402048162.236839 29 39 0x02 -34
1402048162.253192 29 39 0x05 -35
1402048162.258147 29 39 0x04 -27
1402048162.261725 29 39 0x0a -51
1402048162.270136 29 37 0x09 -43
1402048162.363142 29 39 0x0a -60
1402048162.376934 29 39 0x09 -52
1402048162.378832 29 39 0x01 -45
1402048162.463280 29 38 0x0a -53
1402048162.466346 29 38 0x04 -27
1402048162.469008 29 39 0x05 -36
1402048162.481389 29 39 0x01 -59
1402048162.482410 29 39 0x09 -47
1402048162.491364 29 39 0x03 -35
1402048162.551853 29 38 0x02 -42
1402048162.566955 29 38 0x0a -49
1402048162.573215 29 38 0x05 -36
1402048162.589091 29 39 0x09 -48
1402048162.594480 29 39 0x03 -35
1402048162.672025 29 38 0x0a -47
1402048162.675771 29 38 0x05 -36
1402048162.679454 29 38 0x04 -27
1402048162.689560 29 38 0x01 -56
1402048162.692881 29 38 0x09 -43
1402048162.767303 29 37 0x02 -42
1402048162.778115 29 37 0x0a -48
1402048162.781445 29 37 0x05 -36
1402048162.800729 29 38 0x09 -46
1402048162.872177 29 37 0x02 -42
1402048162.878649 29 37 0x0a -49
1402048162.888115 29 37 0x05 -36
1402048162.891970 29 37 0x04 -29
1402048162.898110 29 37 0x01 -56
1402048162.903944 29 37 0x09 -45
1402048162.991781 29 37 0x05 -35
1402048163.009066 30 37 0x04 -28
1402048163.034703 30 37 0x01 -55
1402048163.034992 30 37 0x03 -35
1402048163.084494 30 39 0x02 -40
1402048163.095934 30 39 0x05 -36
1402048163.108931 30 37 0x09 -46
1402048163.111696 30 37 0x01 -55
1402048163.123952 30 37 0x03 -35
1402048163.199567 30 39 0x0a -48
1402048163.204245 30 39 0x05 -34
1402048163.210566 30 39 0x09 -46
1402048163.213535 30 39 0x04 -27
1402048163.220676 30 39 0x01 -56
1402048163.294030 30 38 0x02 -42
1402048163.311215 30 39 0x05 -35
1402048163.313028 30 39 0x09 -46
1402048163.316957 30 39 0x04 -27
1402048163.396536 30 38 0x02 -42
1402048163.404327 30 38 0x0a -49
1402048163.412335 30 38 0x05 -36
1402048163.519639 30 38 0x09 -46
1402048163.530705 30 38 0x01 -58
1402048163.632156 30 38 0x04 -28
1402048163.718427 30 37 0x02 -42
1402048163.720373 30 37 0x0a -48
1402048163.726525 30 37 0x09 -45
1402048163.733994 30 37 0x05 -35
1402048163.735779 30 37 0x01 -55
1402048163.835875 30 39 0x09 -46
1402048163.839425 30 39 0x05 -35
1402048163.841819 30 39 0x04 -27
1402048163.845866 30 39 0x01 -56
1402048163.925695 30 38 0x02 -42
1402048163.931865 30 38 0x0a -48
1402048163.969718 30 39 0x03 -36
1402048164.039818 31 38 0x02 -42
1402048164.068740 31 38 0x0a -48
1402048164.069030 31 38 0x09 -45
1402048164.069200 31 38 0x04 -27
1402048164.069360 31 38 0x05 -35
1402048164.069513 31 38 0x01 -58
1402048164.149812 31 38 0x09 -45
1402048164.161756 31 38 0x05 -35
1402048164.175707 31 38 0x03 -35
1402048164.253311 31 37 0x09 -45
1402048164.263273 31 37 0x05 -36
1402048164.269007 31 38 0x01 -58
1402048164.281550 31 38 0x03 -35
1402048164.359211 31 37 0x09 -44
1402048164.364260 31 37 0x04 -27
1402048164.369046 31 37 0x05 -35
1402048164.375555 31 37 0x01 -57
1402048164.448335 31 39 0x02 -42
1402048164.461790 31 39 0x09 -45
1402048164.476893 31 37 0x05 -36
1402048164.489554 31 37 0x03 -35
1402048164.550162 31 39 0x0a -48
1402048164.554371 31 39 0x02 -40
1402048164.564200 31 39 0x09 -45
1402048164.577058 31 39 0x04 -27
1402048164.579490 31 39 0x05 -35
1402048164.582745 31 39 0x01 -57
1402048164.597153 31 37 0x03 -36
1402048164.654660 31 38 0x0a -48
1402048164.658272 31 38 0x02 -42
1402048164.681846 31 39 0x04 -27
1402048164.682537 31 39 0x05 -35
1402048164.688444 31 39 0x01 -57
1402048164.757027 31 38 0x0a -48
1402048164.760927 31 38 0x02 -42
1402048164.768427 31 38 0x09 -45
1402048164.792975 31 39 0x01 -57
1402048164.860735 31 37 0x0a -48
1402048164.866457 31 37 0x02 -41
1402048164.875011 31 38 0x09 -45
1402048164.887819 31 38 0x05 -36
1402048164.896580 31 38 0x01 -58
1402048164.915397 31 39 0x03 -35
1402048164.965954 31 37 0x0a -47
1402048164.968247 31 37 0x02 -42
1402048164.981420 31 37 0x09 -45
1402048164.994505 31 38 0x04 -28
1402048164.998628 31 38 0x01 -58
1402048165.048680 32 39 0x04 -27
1402048165.076917 32 37 0x0a -48
1402048165.077201 32 37 0x02 -42
1402048165.083403 32 37 0x09 -45
1402048165.098761 32 37 0x01 -56
1402048165.100918 32 37 0x05 -36
1402048165.149556 32 39 0x04 -26
1402048165.177266 32 39 0x02 -40
1402048165.185547 32 39 0x09 -46
1402048165.202226 32 37 0x05 -36
1402048165.250206 32 38 0x04 -27
1402048165.283027 32 39 0x02 -40
1402048165.287026 32 39 0x0a -47
1402048165.294515 32 39 0x09 -45
1402048165.329563 32 37 0x03 -35
1402048165.352245 32 38 0x04 -27
1402048165.395562 32 39 0x0a -49
1402048165.399122 32 39 0x09 -47
1402048165.411422 32 39 0x01 -56
1402048165.414949 32 39 0x05 -35
1402048165.457033 32 37 0x04 -29
1402048165.494368 32 38 0x02 -42
1402048165.499130 32 38 0x0a -49
1402048165.500100 32 38 0x09 -45
1402048165.519572 32 39 0x01 -55
1402048165.563033 32 37 0x04 -29
1402048165.596956 32 38 0x02 -42
1402048165.603614 32 38 0x0a -49
1402048165.650879 32 39 0x03 -36
1402048165.669096 32 37 0x04 -28
1402048165.731992 32 38 0x05 -35
1402048165.755654 32 39 0x03 -36
1402048165.772218 32 39 0x04 -26
1402048165.808405 32 37 0x09 -44
1402048165.810879 32 37 0x0a -48
1402048165.836964 32 38 0x01 -59
1402048165.839634 32 38 0x05 -34
1402048165.856468 32 38 0x03 -36
1402048165.875189 32 39 0x04 -27
1402048165.910527 32 37 0x09 -45
1402048165.914532 32 37 0x02 -41
1402048165.917686 32 37 0x0a -46
1402048166.027919 33 39 0x0a -47
1402048166.054960 33 39 0x02 -41
1402048166.055243 33 37 0x05 -36
1402048166.055410 33 37 0x01 -54
1402048166.061050 33 37 0x03 -36
1402048166.082107 33 38 0x04 -27
1402048166.123554 33 39 0x0a -50
1402048166.125786 33 39 0x02 -42
1402048166.127826 33 39 0x09 -47
1402048166.157083 33 37 0x05 -34
1402048166.160190 33 37 0x01 -54
1402048166.169430 33 37 0x03 -37
1402048166.232095 33 39 0x02 -40
1402048166.234138 33 39 0x09 -48
1402048166.271879 33 37 0x03 -36
1402048166.292521 33 37 0x04 -27
1402048166.327779 33 38 0x0a -51
1402048166.365752 33 39 0x01 -56
1402048166.370806 33 39 0x05 -37
1402048166.378290 33 39 0x03 -37
1402048166.395363 33 37 0x04 -28
1402048166.435794 33 38 0x0a -47
1402048166.438293 33 38 0x02 -45
1402048166.445540 33 38 0x09 -42
1402048166.474558 33 39 0x01 -56
1402048166.478155 33 39 0x05 -37
1402048166.483963 33 39 0x03 -37
1402048166.501592 33 39 0x04 -26
1402048166.551160 33 38 0x09 -42
1402048166.578317 33 38 0x01 -53
1402048166.606437 33 39 0x04 -30
1402048166.681883 33 38 0x01 -50
1402048166.714163 33 39 0x04 -30
1402048166.751950 33 37 0x02 -49
1402048166.763004 33 37 0x09 -38
1402048166.794022 33 38 0x05 -37
1402048166.796535 33 38 0x03 -40
1402048166.855664 33 39 0x02 -46
1402048166.857815 33 39 0x0a -43
1402048166.868265 33 37 0x09 -38
1402048166.891243 33 37 0x01 -48
1402048166.899450 33 37 0x05 -37
1402048166.903091 33 37 0x03 -40
1402048166.964101 33 39 0x02 -44
1402048166.965658 33 39 0x0a -43
1402048166.969788 33 39 0x09 -39
1402048166.993577 33 37 0x01 -47
1402048167.015452 34 37 0x05 -37
1402048167.037962 34 37 0x03 -41
1402048167.067937 34 39 0x02 -43
1402048167.069068 34 39 0x0a -43
1402048167.073895 34 39 0x09 -38
1402048167.109899 34 37 0x05 -37
1402048167.112426 34 37 0x03 -41
1402048167.130546 34 37 0x04 -32
1402048167.172237 34 38 0x02 -42
1402048167.173785 34 38 0x0a -44
1402048167.207888 34 39 0x01 -47
1402048167.212845 34 39 0x05 -37
1402048167.219136 34 39 0x03 -42
1402048167.278762 34 38 0x0a -45
1402048167.285887 34 38 0x09 -39
1402048167.311331 34 39 0x01 -46
1402048167.317114 34 39 0x05 -37
1402048167.326732 34 39 0x03 -42
1402048167.380653 34 37 0x0a -44
1402048167.382065 34 37 0x02 -40
1402048167.394275 34 38 0x09 -39
1402048167.414687 34 38 0x01 -48
1402048167.433623 34 39 0x03 -42
1402048167.448714 34 39 0x04 -31
1402048167.482434 34 37 0x0a -44
1402048167.484913 34 37 0x02 -39
1402048167.496517 34 37 0x09 -38
1402048167.516091 34 38 0x01 -47
1402048167.590088 34 37 0x02 -39
1402048167.597844 34 37 0x09 -38
1402048167.618535 34 37 0x01 -45
1402048167.639605 34 38 0x05 -37
1402048167.641904 34 38 0x03 -42
1402048167.696244 34 39 0x0a -45
1402048167.742526 34 37 0x05 -37
1402048167.755589 34 38 0x04 -31
1402048167.801469 34 39 0x02 -38
1402048167.805621 34 39 0x09 -38
1402048167.850627 34 37 0x03 -41
1402048167.858171 34 37 0x04 -33
1402048167.913157 34 39 0x09 -39
1402048167.937037 34 39 0x01 -44
1402048167.963583 34 37 0x04 -31
1402048168.019228 35 38 0x02 -39
1402048168.043956 35 38 0x09 -39
1402048168.044135 35 39 0x01 -44
1402048168.071534 35 37 0x04 -33
1402048168.112863 35 38 0x02 -39
1402048168.113536 35 38 0x0a -46
1402048168.120837 35 38 0x09 -40
1402048168.165633 35 39 0x05 -36
1402048168.168295 35 39 0x03 -41
1402048168.213504 35 37 0x02 -38
1402048168.229561 35 38 0x09 -40
1402048168.247032 35 38 0x01 -46
1402048168.270742 35 39 0x05 -36
1402048168.272340 35 39 0x03 -40
1402048168.318419 35 37 0x02 -39
1402048168.335832 35 37 0x09 -39
1402048168.349278 35 38 0x01 -46
1402048168.374007 35 38 0x05 -36
1402048168.427023 35 37 0x0a -46
1402048168.450025 35 37 0x01 -45
1402048168.476588 35 38 0x05 -36
1402048168.482837 35 38 0x03 -40
1402048168.529147 35 39 0x02 -37
1402048168.637440 35 39 0x02 -38
1402048168.639696 35 39 0x0a -48
1402048168.654185 35 39 0x09 -38
1402048168.659206 35 39 0x01 -44
1402048168.684976 35 37 0x05 -36
1402048168.692288 35 37 0x03 -39
1402048168.695733 35 37 0x04 -35
1402048168.756368 35 39 0x09 -38
1402048168.760715 35 39 0x01 -43
1402048168.786693 35 37 0x05 -36
1402048168.797102 35 37 0x03 -37
1402048168.799623 35 37 0x04 -36
1402048168.842073 35 38 0x02 -40
1402048168.854534 35 38 0x0a -48
1402048168.869165 35 39 0x01 -44
1402048168.895265 35 39 0x05 -36
1402048168.920690 35 37 0x02 -40
1402048168.959630 35 38 0x0a -47
1402048168.970438 35 38 0x09 -40
1402048168.971104 35 38 0x01 -47
1402048168.995736 35 39 0x05 -35
1402048169.012910 36 39 0x04 -36
1402048169.036783 36 39 0x03 -36
1402048169.066453 36 38 0x0a -47
1402048169.112235 36 39 0x04 -36
1402048169.122106 36 39 0x03 -36
1402048169.130309 36 39 0x02 -41
1402048169.171844 36 37 0x0a -46
1402048169.202097 36 38 0x05 -35
1402048169.215922 36 38 0x04 -38
1402048169.229187 36 39 0x03 -37
1402048169.231598 36 39 0x02 -42
1402048169.275435 36 37 0x0a -46
1402048169.287331 36 37 0x09 -40
1402048169.289534 36 37 0x01 -44
1402048169.310050 36 38 0x05 -35
1402048169.324224 36 38 0x04 -39
1402048169.378590 36 39 0x0a -46
1402048169.391880 36 37 0x01 -44
1402048169.393806 36 37 0x09 -40
1402048169.413724 36 37 0x05 -35
1402048169.429140 36 38 0x04 -40
1402048169.442127 36 38 0x02 -44
1402048169.480851 36 39 0x0a -45
1402048169.496511 36 39 0x01 -42
1402048169.518680 36 37 0x05 -35
1402048169.547355 36 38 0x02 -44
1402048169.582059 36 38 0x0a -45
1402048169.604656 36 39 0x09 -38
1402048169.652160 36 37 0x02 -44
1402048169.686618 36 38 0x0a -45
1402048169.707747 36 39 0x09 -38
1402048169.723685 36 39 0x05 -35
1402048169.755909 36 37 0x02 -43
1402048169.761087 36 37 0x03 -37
1402048169.789219 36 38 0x0a -45
1402048169.848453 36 39 0x04 -53
1402048169.864006 36 39 0x03 -37
1402048169.893115 36 37 0x0a -46
1402048169.917253 36 38 0x09 -39
1402048169.921968 36 38 0x01 -44
1402048169.953426 36 39 0x04 -63
1402048169.972067 36 39 0x03 -37
1402048169.993428 36 37 0x0a -47
1402048170.038924 37 38 0x01 -44
1402048170.066062 37 38 0x05 -34
1402048170.075614 37 39 0x03 -37
1402048170.077948 37 39 0x02 -39
1402048170.096144 37 39 0x0a -44
1402048170.123381 37 37 0x09 -40
1402048170.134608 37 37 0x01 -42
1402048170.141073 37 37 0x05 -35
1402048170.164217 37 38 0x04 -46
1402048170.197104 37 39 0x0a -45
1402048170.248286 37 37 0x05 -36
1402048170.270815 37 38 0x04 -43
1402048170.303690 37 38 0x0a -48
1402048170.333410 37 39 0x09 -39
1402048170.347011 37 37 0x01 -42
1402048170.355969 37 37 0x05 -37
1402048170.371663 37 37 0x04 -43
1402048170.395042 37 38 0x02 -39
1402048170.412085 37 38 0x0a -50
1402048170.441642 37 39 0x09 -40
1402048170.452148 37 39 0x01 -40
1402048170.494156 37 37 0x03 -36
1402048170.500795 37 37 0x02 -39
1402048170.515387 37 38 0x0a -51
1402048170.559523 37 39 0x01 -40
1402048170.563352 37 39 0x05 -38
1402048170.579527 37 39 0x04 -39
1402048170.595277 37 37 0x03 -36
1402048170.606315 37 37 0x02 -39
1402048170.617126 37 37 0x0a -53
1402048170.646010 37 38 0x09 -42
1402048170.661556 37 38 0x01 -43
1402048170.671542 37 39 0x05 -39
1402048170.686676 37 39 0x04 -39
1402048170.713395 37 37 0x02 -39
1402048170.719448 37 37 0x0a -54
1402048170.750799 37 38 0x09 -42
1402048170.766031 37 38 0x01 -42
1402048170.779254 37 38 0x05 -40
1402048170.789804 37 39 0x04 -37
1402048170.804327 37 39 0x03 -36
1402048170.827856 37 37 0x0a -54
1402048170.852111 37 37 0x09 -41
1402048170.870738 37 38 0x01 -40
1402048170.881396 37 38 0x05 -42
1402048170.897826 37 38 0x04 -38
1402048170.907061 37 39 0x03 -37
1402048170.927504 37 39 0x02 -38
1402048170.933363 37 39 0x0a -52
1402048170.958934 37 37 0x09 -42
1402048170.976396 37 37 0x01 -40
1402048171.010448 38 38 0x04 -38
1402048171.035819 38 38 0x03 -36
1402048171.035993 38 39 0x02 -38
1402048171.036136 38 39 0x0a -53
1402048171.065901 38 37 0x09 -43
1402048171.079475 38 37 0x01 -41
1402048171.085862 38 37 0x05 -43
1402048171.169318 38 39 0x09 -41
1402048171.187394 38 37 0x01 -40
1402048171.191985 38 37 0x05 -43
1402048171.213193 38 37 0x04 -38
1402048171.216962 38 37 0x03 -36
1402048171.270306 38 39 0x09 -40
1402048171.291677 38 39 0x01 -39
1402048171.295321 38 39 0x05 -46
1402048171.316043 38 37 0x04 -40
1402048171.322849 38 37 0x03 -36
1402048171.348316 38 38 0x02 -39
1402048171.350596 38 38 0x0a -52
1402048171.371667 38 38 0x09 -43
1402048171.396585 38 39 0x05 -45
1402048171.399964 38 39 0x01 -38
1402048171.423467 38 39 0x04 -38
1402048171.454384 38 37 0x02 -38
1402048171.457021 38 37 0x0a -50
1402048171.480167 38 38 0x09 -44
1402048171.529790 38 39 0x04 -38
1402048171.535947 38 39 0x03 -38
1402048171.563129 38 37 0x02 -38
1402048171.563894 38 37 0x0a -50
1402048171.580784 38 37 0x09 -44
1402048171.636249 38 39 0x04 -37
1402048171.643616 38 39 0x03 -39
1402048171.673461 38 37 0x0a -49
1402048171.685817 38 37 0x09 -43
1402048171.713611 38 38 0x05 -42
1402048171.751206 38 39 0x03 -39
1402048171.771625 38 39 0x02 -37
1402048171.794866 38 37 0x09 -44
1402048171.853275 38 38 0x04 -38
1402048171.856983 38 38 0x03 -39
1402048171.873331 38 39 0x02 -36
1402048171.878912 38 39 0x0a -50
1402048171.897132 38 39 0x09 -41
1402048171.918506 38 37 0x05 -40
1402048171.961010 38 38 0x04 -39
1402048172.012460 39 39 0x09 -41
1402048172.062943 39 37 0x04 -39
1402048172.069431 39 38 0x03 -39
1402048172.076627 39 38 0x02 -37
1402048172.089740 39 38 0x0a -49
1402048172.111615 39 39 0x09 -41
1402048172.125975 39 39 0x05 -40
1402048172.130452 39 39 0x01 -42
1402048172.172239 39 37 0x04 -40
1402048172.174337 39 37 0x03 -39
1402048172.177617 39 37 0x02 -37
1402048172.192124 39 38 0x0a -49
1402048172.212856 39 38 0x09 -44
1402048172.230702 39 39 0x05 -40
1402048172.234023 39 39 0x01 -43
1402048172.273731 39 37 0x04 -39
1402048172.277833 39 37 0x03 -39
1402048172.284160 39 37 0x02 -37
1402048172.295824 39 37 0x0a -49
1402048172.317298 39 38 0x09 -44
1402048172.419719 39 37 0x09 -43
1402048172.441772 39 38 0x05 -38
1402048172.494566 39 39 0x02 -36
1402048172.501584 39 39 0x0a -49
1402048172.526632 39 37 0x09 -43
1402048172.548472 39 38 0x01 -46
1402048172.589768 39 39 0x04 -40
1402048172.592122 39 39 0x03 -39
1402048172.600615 39 39 0x02 -36
1402048172.608190 39 39 0x0a -49
1402048172.628748 39 37 0x09 -44
1402048172.651719 39 37 0x01 -44
1402048172.656898 39 37 0x05 -38
1402048172.694407 39 38 0x03 -37
1402048172.696598 39 38 0x04 -40
1402048172.707557 39 39 0x02 -36
1402048172.708610 39 39 0x0a -50
1402048172.737240 39 39 0x09 -41
1402048172.756173 39 37 0x01 -45
1402048172.759646 39 37 0x05 -38
1402048172.799066 39 38 0x04 -40
1402048172.801234 39 38 0x03 -36
1402048172.811662 39 38 0x02 -36
1402048172.814522 39 38 0x0a -51
1402048172.846527 39 39 0x09 -41
1402048172.860700 39 39 0x01 -45
1402048172.868218 39 37 0x05 -38
1402048172.910511 39 38 0x03 -36
1402048172.914809 39 38 0x02 -37
1402048172.918041 39 38 0x0a -52
1402048172.954043 39 39 0x09 -41
1402048172.965737 39 39 0x01 -46
1402048172.973774 39 39 0x05 -38
1402048173.019326 40 37 0x04 -41
1402048173.047238 40 37 0x02 -36
1402048173.055073 40 38 0x09 -43
1402048173.073421 40 39 0x01 -45
1402048173.080977 40 39 0x05 -39
1402048173.119719 40 37 0x03 -35
1402048173.122663 40 37 0x02 -36
1402048173.163439 40 38 0x09 -43
1402048173.221991 40 39 0x03 -35
1402048173.228049 40 37 0x04 -41
1402048173.229442 40 37 0x02 -36
1402048173.266466 40 38 0x09 -42
1402048173.284792 40 38 0x01 -49
1402048173.289691 40 38 0x05 -38
1402048173.323373 40 39 0x03 -34
1402048173.328404 40 39 0x0a -53
1402048173.336544 40 39 0x02 -36
1402048173.337931 40 39 0x04 -43
1402048173.373495 40 37 0x09 -41
1402048173.392198 40 38 0x01 -49
1402048173.394528 40 38 0x05 -38
1402048173.419155 40 38 0x05 -39
1402048173.426895 40 39 0x03 -35
1402048173.432719 40 39 0x0a -54
1402048173.439413 40 39 0x04 -43
1402048173.441602 40 39 0x02 -36
1402048173.479814 40 37 0x09 -40
1402048173.522911 40 38 0x05 -39
1402048173.603582 40 37 0x01 -48
1402048173.632625 40 38 0x03 -34
1402048173.636880 40 38 0x0a -58
1402048173.647206 40 38 0x04 -42
1402048173.649707 40 38 0x02 -37
1402048173.688471 40 39 0x09 -39
1402048173.728932 40 37 0x05 -39
1402048173.733633 40 37 0x03 -34
1402048173.752950 40 38 0x04 -39
1402048173.793453 40 38 0x09 -40
1402048173.809711 40 38 0x01 -49
1402048173.854574 40 39 0x04 -39
1402048173.861889 40 39 0x02 -35
1402048173.893752 40 37 0x09 -38
1402048173.916232 40 38 0x01 -49
1402048173.957269 40 39 0x04 -40
1402048173.970951 40 39 0x02 -35
1402048174.010556 41 37 0x09 -40
1402048174.048317 41 38 0x05 -34
1402048174.050826 41 38 0x0a -48
1402048174.076486 41 39 0x02 -35
1402048174.105865 41 37 0x09 -41
1402048174.121012 41 37 0x01 -48
1402048174.151024 41 38 0x05 -35
1402048174.155923 41 38 0x0a -50
1402048174.159154 41 38 0x03 -34
1402048174.167631 41 38 0x04 -38
1402048174.213700 41 39 0x09 -39
1402048174.229526 41 37 0x01 -48
1402048174.254520 41 37 0x05 -35
1402048174.265388 41 38 0x03 -34
1402048174.273479 41 38 0x04 -38
1402048174.282182 41 38 0x02 -35
1402048174.320991 41 39 0x09 -39
1402048174.334177 41 39 0x01 -44
1402048174.360164 41 37 0x05 -35
1402048174.366346 41 37 0x0a -51
1402048174.375674 41 37 0x04 -40
1402048174.388460 41 38 0x02 -35
1402048174.427983 41 39 0x09 -39
1402048174.462318 41 39 0x05 -36
1402048174.467671 41 37 0x0a -54
1402048174.471926 41 37 0x03 -34
1402048174.478469 41 37 0x04 -40
1402048174.533381 41 38 0x09 -40
1402048174.571270 41 39 0x05 -36
1402048174.574501 41 39 0x0a -53
1402048174.577167 41 39 0x03 -33
1402048174.602058 41 37 0x02 -35
1402048174.637164 41 38 0x09 -43
1402048174.646150 41 38 0x01 -48
1402048174.672244 41 39 0x05 -37
1402048174.676076 41 39 0x0a -69
1402048174.685387 41 39 0x03 -33
1402048174.688140 41 39 0x04 -37
1402048174.704079 41 39 0x02 -34
1402048174.754199 41 38 0x01 -50
1402048174.773164 41 38 0x05 -36
1402048174.792959 41 39 0x03 -32
1402048174.795998 41 39 0x04 -37
1402048174.807930 41 39 0x02 -34
1402048174.844669 41 37 0x09 -41
1402048174.878710 41 38 0x05 -37
1402048174.884683 41 38 0x0a -74
1402048174.914117 41 39 0x02 -34
1402048174.963882 41 37 0x01 -49
1402048174.981306 41 37 0x05 -38
1402048174.985976 41 38 0x0a -71
1402048175.015088 42 38 0x04 -36
1402048175.068764 42 37 0x01 -50
1402048175.088228 42 37 0x05 -37
1402048175.089518 42 37 0x0a -65
1402048175.115582 42 38 0x04 -36
1402048175.125814 42 38 0x02 -34
1402048175.172698 42 39 0x01 -54
1402048175.191172 42 37 0x05 -38
1402048175.227274 42 38 0x02 -35
1402048175.245726 42 38 0x09 -41
1402048175.274852 42 39 0x01 -58
1402048175.295974 42 39 0x05 -39
1402048175.320058 42 37 0x04 -37
1402048175.323917 42 37 0x03 -32
1402048175.353023 42 38 0x09 -42
1402048175.376086 42 38 0x01 -60
1402048175.401418 42 39 0x05 -41
1402048175.403186 42 39 0x0a -56
1402048175.424270 42 39 0x04 -40
1402048175.431342 42 37 0x03 -31
1402048175.435090 42 37 0x02 -35
1402048175.458072 42 37 0x09 -41
1402048175.481370 42 38 0x01 -63
1402048175.506744 42 39 0x05 -40
1402048175.509552 42 39 0x0a -56
1402048175.527165 42 39 0x04 -41
1402048175.537815 42 39 0x03 -32
1402048175.563329 42 37 0x09 -41
1402048175.586000 42 38 0x01 -63
1402048175.610193 42 38 0x0a -59
1402048175.612156 42 38 0x05 -39
1402048175.628491 42 39 0x04 -41
1402048175.648340 42 39 0x02 -36
1402048175.672356 42 37 0x09 -41
1402048175.691701 42 37 0x01 -59
1402048175.715694 42 38 0x0a -58
1402048175.717037 42 38 0x05 -40
1402048175.730237 42 38 0x04 -39
1402048175.745408 42 39 0x03 -33
1402048175.753425 42 39 0x02 -37
1402048175.777999 42 39 0x09 -39
1402048175.798945 42 37 0x01 -60
1402048175.835007 42 38 0x04 -38
1402048175.849752 42 38 0x03 -34
1402048175.856012 42 38 0x02 -37
1402048175.886728 42 39 0x09 -39
1402048175.926357 42 37 0x05 -41
1402048175.989615 42 39 0x09 -39
1402048176.019642 43 39 0x01 -53
1402048176.044651 43 37 0x05 -41
1402048176.044847 43 37 0x04 -41
1402048176.055170 43 37 0x03 -34
1402048176.097071 43 38 0x09 -42
1402048176.117907 43 39 0x01 -51
1402048176.137079 43 39 0x0a -56
1402048176.145561 43 37 0x04 -40
1402048176.158375 43 37 0x03 -33
1402048176.171967 43 37 0x02 -37
1402048176.203169 43 38 0x09 -41
1402048176.265829 43 37 0x03 -33
1402048176.279767 43 37 0x02 -37
1402048176.311139 43 38 0x09 -41
1402048176.322761 43 38 0x01 -55
1402048176.339958 43 38 0x0a -57
1402048176.349622 43 39 0x05 -42
1402048176.354247 43 39 0x04 -42
1402048176.373570 43 39 0x03 -34
1402048176.388606 43 37 0x02 -37
1402048176.413170 43 37 0x09 -42
1402048176.430846 43 38 0x01 -54
1402048176.448917 43 38 0x0a -57
1402048176.455483 43 38 0x05 -41
1402048176.481949 43 39 0x03 -34
1402048176.517433 43 37 0x09 -43
1402048176.550225 43 38 0x0a -57
1402048176.563547 43 38 0x05 -40
1402048176.586339 43 39 0x03 -35
1402048176.602231 43 39 0x02 -39
1402048176.635573 43 37 0x01 -53
1402048176.650893 43 37 0x0a -57
1402048176.666970 43 38 0x05 -40
1402048176.676999 43 38 0x04 -37
1402048176.711018 43 39 0x02 -39
1402048176.730400 43 39 0x09 -40
1402048176.758705 43 37 0x0a -56
1402048176.769781 43 37 0x05 -40
1402048176.797063 43 38 0x03 -34
1402048176.849268 43 39 0x01 -46
1402048176.863753 43 39 0x0a -54
1402048176.871766 43 37 0x05 -40
1402048176.892680 43 37 0x04 -34
1402048176.926906 43 38 0x02 -39
1402048176.951299 43 39 0x01 -45
1402048176.969206 43 39 0x0a -55
1402048176.995173 43 37 0x04 -35
1402048177.016013 44 37 0x03 -34
1402048177.038439 44 38 0x02 -39
1402048177.048121 44 38 0x09 -44
1402048177.054431 44 38 0x01 -48
1402048177.072738 44 39 0x0a -54
1402048177.082647 44 39 0x05 -38
1402048177.113443 44 37 0x03 -34
1402048177.153644 44 38 0x09 -44
1402048177.164369 44 38 0x01 -46
1402048177.189187 44 39 0x05 -38
1402048177.205187 44 39 0x04 -33
1402048177.247759 44 37 0x02 -38
1402048177.262000 44 37 0x09 -45
1402048177.270579 44 38 0x01 -47
1402048177.287091 44 38 0x0a -54
1402048177.291713 44 38 0x05 -38
1402048177.307665 44 39 0x04 -32
1402048177.331323 44 39 0x03 -36
1402048177.350368 44 37 0x02 -38
1402048177.371389 44 37 0x09 -45
1402048177.374702 44 37 0x01 -45
1402048177.395186 44 38 0x0a -54
1402048177.399577 44 38 0x05 -38
1402048177.459736 44 39 0x02 -38
1402048177.474180 44 37 0x09 -46
1402048177.478075 44 37 0x01 -45
1402048177.518294 44 38 0x04 -31
1402048177.561801 44 39 0x02 -38
1402048177.611428 44 37 0x05 -37
1402048177.647607 44 38 0x03 -36
1402048177.669684 44 39 0x02 -37
1402048177.685106 44 39 0x09 -45
1402048177.689261 44 39 0x01 -41
1402048177.715765 44 37 0x05 -38
1402048177.729042 44 37 0x04 -30
1402048177.754355 44 38 0x03 -36
1402048177.771127 44 38 0x02 -38
1402048177.794580 44 39 0x01 -40
1402048177.818540 44 39 0x0a -53
1402048177.821009 44 39 0x05 -36
1402048177.838057 44 37 0x04 -30
1402048177.880109 44 38 0x02 -38
1402048177.894919 44 38 0x09 -48
1402048177.897304 44 38 0x01 -43
1402048177.922720 44 39 0x0a -53
1402048177.929764 44 39 0x05 -37
1402048177.967871 44 37 0x03 -37
1402048177.985976 44 38 0x02 -38
1402048177.996622 44 38 0x09 -49
1402048177.997963 44 38 0x01 -43
1402048178.037272 45 39 0x0a -53
1402048178.061312 45 39 0x04 -29
1402048178.071638 45 37 0x03 -37
1402048178.087827 45 37 0x02 -37
1402048178.105154 45 38 0x09 -49
1402048178.129250 45 38 0x0a -53
1402048178.147258 45 39 0x05 -38
1402048178.153322 45 39 0x04 -29
1402048178.176657 45 39 0x03 -38
1402048178.190985 45 37 0x02 -38
1402048178.207726 45 37 0x01 -42
1402048178.212256 45 37 0x09 -49
1402048178.232018 45 38 0x0a -53
1402048178.249887 45 38 0x05 -38
1402048178.283561 45 39 0x03 -39
1402048178.311081 45 37 0x01 -42
1402048178.317088 45 37 0x09 -49
1402048178.354226 45 38 0x05 -38
1402048178.360550 45 38 0x04 -29
1402048178.388083 45 39 0x03 -39
1402048178.404206 45 39 0x02 -37
1402048178.426124 45 37 0x09 -49
1402048178.440907 45 37 0x0a -52
1402048178.457145 45 37 0x05 -38
1402048178.509629 45 39 0x02 -37
1402048178.522177 45 39 0x01 -40
1402048178.531053 45 39 0x09 -47
1402048178.547666 45 37 0x0a -51
1402048178.561133 45 37 0x05 -39
1402048178.566903 45 37 0x04 -30
1402048178.603343 45 38 0x03 -39
1402048178.613890 45 38 0x02 -38
1402048178.625484 45 39 0x01 -40
1402048178.650038 45 39 0x0a -53
1402048178.671210 45 37 0x04 -30
1402048178.710210 45 38 0x03 -39
1402048178.720203 45 38 0x02 -38
1402048178.730796 45 38 0x01 -44
1402048178.735073 45 38 0x09 -50
1402048178.757678 45 39 0x0a -52
1402048178.767091 45 39 0x05 -42
1402048178.811922 45 37 0x03 -38
1402048178.827518 45 38 0x02 -38
1402048178.832219 45 38 0x01 -44
1402048178.843566 45 38 0x09 -51
1402048178.867655 45 39 0x05 -41
1402048178.877193 45 39 0x04 -29
1402048178.916031 45 37 0x03 -38
1402048178.928431 45 37 0x02 -38
1402048178.950826 45 38 0x09 -51
1402048178.969974 45 38 0x0a -53
1402048178.973386 45 38 0x05 -41
1402048178.978183 45 38 0x04 -28
1402048179.041477 46 37 0x02 -37
1402048179.067660 46 37 0x01 -45
1402048179.067911 46 37 0x09 -53
1402048179.078117 46 38 0x0a -52
1402048179.081629 46 38 0x04 -29
1402048179.132635 46 39 0x03 -41
1402048179.148593 46 37 0x01 -46
1402048179.164320 46 37 0x09 -55
1402048179.178903 46 37 0x05 -41
1402048179.189802 46 38 0x04 -29
1402048179.249320 46 39 0x02 -37
1402048179.269768 46 37 0x09 -56
1402048179.283557 46 37 0x0a -51
1402048179.287688 46 37 0x05 -40
1402048179.294124 46 37 0x04 -30
1402048179.351513 46 39 0x02 -36
1402048179.362033 46 39 0x01 -44
1402048179.373583 46 39 0x09 -54
1402048179.388509 46 37 0x05 -42
1402048179.390663 46 37 0x0a -50
1402048179.396044 46 37 0x04 -29
1402048179.457324 46 38 0x02 -37
1402048179.462294 46 38 0x01 -47
1402048179.477298 46 39 0x09 -55
1402048179.497130 46 39 0x05 -42
1402048179.562067 46 38 0x02 -37
1402048179.569535 46 38 0x01 -48
1402048179.599409 46 39 0x05 -42
1402048179.603555 46 39 0x0a -51
1402048179.605972 46 39 0x04 -27
1402048179.667048 46 38 0x02 -37
1402048179.676446 46 38 0x01 -49
1402048179.687018 46 38 0x09 -63
1402048179.707842 46 39 0x04 -27
1402048179.791445 46 38 0x09 -60
1402048179.808103 46 38 0x05 -41
1402048179.809067 46 38 0x0a -52
1402048179.811750 46 38 0x04 -27
1402048179.871592 46 37 0x02 -36
1402048179.873533 46 37 0x03 -37
1402048179.883272 46 37 0x01 -49
1402048179.892744 46 37 0x09 -54
1402048179.915778 46 38 0x04 -29
1402048179.916509 46 38 0x05 -41
1402048179.997305 46 37 0x09 -52
1402048180.030000 47 37 0x04 -29
1402048180.057184 47 38 0x05 -41
1402048180.094848 47 39 0x01 -45
1402048180.102491 47 39 0x09 -51
1402048180.127207 47 37 0x04 -27
1402048180.129360 47 37 0x05 -41
1402048180.181415 47 38 0x03 -38
1402048180.186052 47 39 0x02 -36
1402048180.202495 47 39 0x01 -45
1402048180.231073 47 37 0x05 -41
1402048180.237348 47 37 0x0a -51
1402048180.283800 47 38 0x03 -38
1402048180.289521 47 38 0x02 -37
1402048180.309635 47 39 0x09 -49
1402048180.333587 47 39 0x04 -27
1402048180.391568 47 38 0x03 -38
1402048180.393486 47 38 0x02 -36
1402048180.406432 47 38 0x01 -47
1402048180.412453 47 38 0x09 -48
1402048180.453826 47 39 0x0a -51
1402048180.494794 47 37 0x02 -36
1402048180.515587 47 38 0x01 -47
1402048180.518166 47 38 0x09 -47
1402048180.547502 47 39 0x05 -43
1402048180.556102 47 39 0x0a -50
1402048180.597237 47 37 0x02 -36
1402048180.600501 47 37 0x03 -38
1402048180.618167 47 37 0x01 -47
1402048180.626057 47 38 0x09 -47
1402048180.649748 47 38 0x05 -42
1402048180.752129 47 38 0x04 -29
1402048180.756126 47 38 0x05 -42
1402048180.763786 47 38 0x0a -51
1402048180.806054 47 39 0x03 -38
1402048180.808590 47 39 0x02 -35
1402048180.831095 47 37 0x01 -47
1402048180.838640 47 37 0x09 -45
1402048180.854687 47 37 0x04 -28
1402048180.857505 47 37 0x05 -42
1402048180.872082 47 38 0x0a -51
1402048180.913949 47 39 0x02 -35
1402048180.939990 47 39 0x01 -44
1402048180.946574 47 37 0x09 -44
1402048180.955912 47 37 0x04 -29
1402048180.959251 47 37 0x05 -43
1402048181.024403 48 38 0x02 -35
1402048181.051069 48 39 0x01 -44
1402048181.051404 48 39 0x09 -44
1402048181.062661 48 39 0x04 -28
1402048181.068049 48 37 0x05 -42
1402048181.081172 48 37 0x0a -50
1402048181.113874 48 38 0x03 -39
1402048181.118043 48 38 0x02 -35
1402048181.152361 48 39 0x09 -43
1402048181.168207 48 39 0x04 -29
1402048181.172722 48 39 0x05 -44
1402048181.278308 48 39 0x05 -42
1402048181.291161 48 39 0x0a -50
1402048181.324307 48 37 0x02 -35
1402048181.386009 48 39 0x05 -43
1402048181.397810 48 39 0x0a -50
1402048181.427852 48 37 0x02 -35
1402048181.431073 48 37 0x03 -39
1402048181.467327 48 38 0x01 -47
1402048181.479816 48 38 0x04 -30
1402048181.490050 48 38 0x05 -41
1402048181.500056 48 38 0x0a -49
1402048181.573058 48 37 0x01 -47
1402048181.575089 48 37 0x09 -43
1402048181.587056 48 38 0x04 -31
1402048181.598536 48 38 0x05 -39
1402048181.601107 48 38 0x0a -50
1402048181.691191 48 37 0x04 -33
1402048181.749870 48 39 0x03 -38
1402048181.798827 48 37 0x04 -32
1402048181.805535 48 37 0x05 -39
1402048181.808591 48 37 0x0a -50
1402048181.843889 48 38 0x02 -34
1402048181.907479 48 37 0x05 -38
1402048181.914384 48 37 0x0a -50
1402048181.945541 48 38 0x02 -35
1402048181.966125 48 38 0x03 -39
1402048181.988585 48 39 0x01 -44
1402048181.993632 48 39 0x09 -44
1402048182.020134 49 39 0x04 -31
1402048182.044666 49 39 0x0a -52
1402048182.045301 49 37 0x02 -34
1402048182.047950 49 37 0x0a -50
1402048182.093706 49 38 0x01 -47
1402048182.112525 49 39 0x04 -31
1402048182.114652 49 39 0x05 -36
1402048182.149087 49 37 0x02 -34
1402048182.157170 49 37 0x0a -50
1402048182.170939 49 37 0x03 -37
1402048182.195935 49 38 0x01 -46
1402048182.206200 49 38 0x09 -44
1402048182.221476 49 38 0x05 -37
1402048182.258229 49 39 0x02 -33
1402048182.277550 49 37 0x03 -37
1402048182.310823 49 38 0x09 -45
1402048182.325694 49 38 0x05 -36
1402048182.358802 49 39 0x02 -33
1402048182.368868 49 39 0x0a -54
1402048182.379947 49 39 0x03 -37
1402048182.405538 49 37 0x01 -47
1402048182.415716 49 37 0x09 -45
1402048182.430563 49 38 0x05 -35
1402048182.471840 49 39 0x0a -53
1402048182.488069 49 39 0x03 -37
1402048182.509659 49 37 0x01 -47
1402048182.518831 49 37 0x09 -45
1402048182.526580 49 37 0x04 -35
1402048182.567696 49 38 0x02 -34
1402048182.573061 49 38 0x0a -52
1402048182.595258 49 39 0x03 -38
1402048182.637417 49 37 0x05 -35
1402048182.668435 49 38 0x02 -34
1402048182.677787 49 38 0x0a -53
1402048182.721826 49 39 0x01 -45
1402048182.726350 49 39 0x09 -49
1402048182.738550 49 39 0x04 -34
1402048182.776128 49 37 0x02 -35
1402048182.808116 49 38 0x03 -37
1402048182.827268 49 39 0x09 -49
1402048182.849832 49 39 0x05 -35
1402048182.881928 49 37 0x02 -35
1402048182.885722 49 37 0x0a -54
1402048182.928220 49 38 0x01 -45
1402048182.934870 49 38 0x09 -48
1402048182.951373 49 39 0x04 -33
1402048182.956639 49 39 0x05 -36
1402048182.986450 49 37 0x02 -32
1402048183.038997 50 38 0x01 -42
1402048183.065993 50 38 0x09 -50
1402048183.066284 50 38 0x04 -33
1402048183.089599 50 39 0x02 -31
1402048183.095058 50 39 0x0a -54
1402048183.125213 50 37 0x03 -34
1402048183.145788 50 38 0x09 -49
1402048183.162813 50 38 0x05 -36
1402048183.197483 50 39 0x02 -32
1402048183.199715 50 39 0x0a -56
1402048183.228360 50 37 0x03 -33
1402048183.238670 50 37 0x01 -41
1402048183.253305 50 37 0x09 -51
1402048183.264870 50 38 0x05 -35
1402048183.266935 50 38 0x04 -33
1402048183.301133 50 38 0x02 -32
1402048183.307373 50 39 0x0a -53
1402048183.333402 50 39 0x03 -34
1402048183.360116 50 37 0x09 -53
1402048183.371285 50 37 0x05 -35
1402048183.374895 50 37 0x04 -35
1402048183.410723 50 38 0x0a -57
1402048183.445637 50 39 0x01 -40
1402048183.476814 50 37 0x05 -36
1402048183.482316 50 37 0x04 -34
1402048183.506550 50 38 0x02 -33
1402048183.517911 50 38 0x0a -58
1402048183.551312 50 39 0x01 -40
1402048183.570593 50 39 0x09 -54
1402048183.589342 50 37 0x04 -35
1402048183.609901 50 37 0x02 -33
1402048183.678607 50 39 0x09 -50
1402048183.689882 50 39 0x05 -34
1402048183.717406 50 37 0x02 -34
1402048183.727145 50 37 0x0a -52
1402048183.780150 50 37 0x09 -47
1402048183.791245 50 38 0x05 -33
1402048183.832480 50 39 0x0a -54
1402048183.857510 50 39 0x03 -35
1402048183.865729 50 37 0x01 -43
1402048183.882378 50 37 0x09 -46
1402048183.921604 50 38 0x02 -34
1402048183.936378 50 38 0x0a -53
1402048183.959947 50 39 0x03 -35
1402048183.975165 50 39 0x01 -41
1402048183.987406 50 37 0x09 -46
1402048184.011052 51 37 0x05 -33
1402048184.039733 51 37 0x04 -36
1402048184.064534 51 39 0x03 -35
1402048184.081528 51 39 0x01 -43
1402048184.106126 51 37 0x05 -32
1402048184.121098 51 37 0x04 -36
1402048184.130350 51 37 0x02 -36
1402048184.147616 51 38 0x0a -53
1402048184.183573 51 39 0x01 -40
1402048184.199418 51 39 0x09 -46
1402048184.215071 51 39 0x05 -32
1402048184.227517 51 37 0x04 -35
1402048184.231490 51 37 0x02 -36
1402048184.253936 51 37 0x0a -50
1402048184.284919 51 38 0x01 -45
1402048184.316014 51 39 0x05 -30
1402048184.357680 51 37 0x0a -50
1402048184.404784 51 38 0x09 -44
1402048184.420396 51 38 0x05 -32
1402048184.441320 51 39 0x02 -36
1402048184.464483 51 37 0x0a -50
1402048184.479973 51 37 0x03 -35
1402048184.513653 51 38 0x09 -44
1402048184.543545 51 39 0x04 -33
1402048184.546103 51 39 0x02 -36
1402048184.569957 51 39 0x0a -50
1402048184.586926 51 37 0x03 -35
1402048184.608415 51 37 0x01 -46
1402048184.649936 51 38 0x02 -38
1402048184.673280 51 39 0x0a -50
1402048184.690676 51 39 0x03 -36
1402048184.714708 51 37 0x01 -47
1402048184.722298 51 37 0x09 -43
1402048184.734132 51 37 0x05 -32
1402048184.777114 51 38 0x0a -50
1402048184.791934 51 39 0x03 -36
1402048184.827298 51 37 0x09 -43
1402048184.836088 51 37 0x05 -32
1402048184.885131 51 38 0x0a -49
1402048184.923581 51 39 0x01 -46
1402048184.967431 51 37 0x04 -35
1402048184.991695 51 38 0x0a -49
1402048184.997102 51 38 0x03 -37
1402048185.041745 52 39 0x01 -48
1402048185.067728 52 39 0x09 -45
1402048185.067933 52 39 0x04 -32
1402048185.068026 52 39 0x05 -32
1402048185.072932 52 37 0x02 -43
1402048185.143455 52 39 0x04 -33
1402048185.144855 52 39 0x09 -47
1402048185.151063 52 39 0x05 -32
1402048185.201597 52 37 0x0a -49
1402048185.203207 52 37 0x03 -37
1402048185.256975 52 38 0x05 -32
1402048185.289136 52 39 0x02 -43
1402048185.303661 52 37 0x0a -50
1402048185.310115 52 37 0x03 -37
1402048185.351191 52 38 0x09 -46
1402048185.354921 52 38 0x01 -52
1402048185.360702 52 38 0x05 -31
1402048185.396760 52 39 0x02 -44
1402048185.409451 52 39 0x0a -50
1402048185.461753 52 38 0x04 -32
1402048185.465032 52 38 0x05 -32
1402048185.503227 52 39 0x02 -47
1402048185.515714 52 39 0x0a -51
1402048185.523535 52 39 0x03 -38
1402048185.558017 52 37 0x09 -45
1402048185.566862 52 37 0x01 -50
1402048185.569385 52 37 0x04 -33
1402048185.572281 52 37 0x05 -32
1402048185.603615 52 38 0x02 -53
1402048185.628292 52 39 0x03 -38
1402048185.661912 52 37 0x09 -46
1402048185.679986 52 37 0x05 -33
1402048185.704963 52 38 0x02 -53
1402048185.725391 52 38 0x0a -57
1402048185.770137 52 39 0x09 -45
1402048185.785316 52 37 0x05 -32
1402048185.806459 52 37 0x02 -47
1402048185.871575 52 39 0x09 -45
1402048185.881564 52 39 0x04 -30
1402048185.882995 52 39 0x01 -45
1402048185.889863 52 39 0x05 -32
1402048185.906532 52 37 0x02 -45
1402048185.942241 52 38 0x03 -40
1402048185.983432 52 39 0x04 -30
1402048185.984730 52 39 0x01 -44
1402048185.993777 52 39 0x05 -32
1402048186.017819 53 39 0x02 -46
1402048186.050483 53 37 0x03 -41
1402048186.082291 53 38 0x09 -46
1402048186.086961 53 38 0x01 -47
1402048186.088334 53 38 0x04 -30
1402048186.111460 53 39 0x02 -43
1402048186.146228 53 37 0x0a -51
1402048186.158684 53 37 0x03 -44
1402048186.188208 53 38 0x09 -46
1402048186.201382 53 38 0x05 -32
1402048186.265977 53 37 0x03 -46
1402048186.303868 53 38 0x05 -32
1402048186.325142 53 38 0x02 -39
1402048186.364398 53 39 0x0a -49
1402048186.365833 53 39 0x01 -42
1402048186.401138 53 37 0x09 -44
1402048186.408768 53 37 0x05 -33
1402048186.474846 53 39 0x01 -40
1402048186.481220 53 39 0x03 -50
1402048186.509960 53 37 0x09 -44
1402048186.512468 53 37 0x04 -32
1402048186.516053 53 37 0x05 -32
1402048186.534779 53 37 0x02 -37
1402048186.583716 53 39 0x03 -52
1402048186.617924 53 39 0x09 -41
1402048186.643730 53 37 0x02 -37
1402048186.679522 53 38 0x0a -46
1402048186.690418 53 38 0x01 -43
1402048186.721935 53 39 0x09 -41
1402048186.751256 53 37 0x02 -37
1402048186.788135 53 38 0x0a -46
1402048186.827521 53 39 0x04 -30
1402048186.833176 53 39 0x05 -32
1402048186.904075 53 38 0x01 -44
1402048186.928720 53 38 0x09 -44
1402048186.957953 53 39 0x02 -37
1402048186.993726 53 37 0x0a -46
1402048187.012610 54 37 0x03 -50
1402048187.037028 54 37 0x01 -43
1402048187.047316 54 38 0x05 -31
1402048187.062979 54 39 0x02 -38
1402048187.102272 54 37 0x0a -48
1402048187.110668 54 37 0x01 -44
1402048187.111679 54 37 0x03 -50
1402048187.140108 54 37 0x09 -47
1402048187.142859 54 38 0x04 -32
1402048187.152200 54 38 0x05 -32
1402048187.164000 54 38 0x02 -39
1402048187.210153 54 39 0x0a -48
1402048187.241015 54 37 0x09 -47
1402048187.248812 54 37 0x04 -33
1402048187.271091 54 38 0x02 -38
1402048187.311581 54 39 0x0a -48
1402048187.346579 54 37 0x09 -47
1402048187.356515 54 37 0x04 -34
1402048187.359900 54 37 0x05 -33
1402048187.371255 54 37 0x02 -39
1402048187.426682 54 39 0x01 -42
1402048187.435371 54 39 0x03 -53
1402048187.452693 54 39 0x09 -46
1402048187.467012 54 37 0x05 -34
1402048187.473743 54 37 0x02 -39
1402048187.522524 54 38 0x0a -50
1402048187.530555 54 38 0x01 -44
1402048187.544189 54 39 0x03 -52
1402048187.558035 54 39 0x09 -46
1402048187.564998 54 39 0x04 -32
1402048187.571168 54 39 0x05 -33
1402048187.581999 54 37 0x02 -39
1402048187.649132 54 38 0x03 -51
1402048187.663805 54 39 0x09 -47
1402048187.667061 54 39 0x04 -33
1402048187.672318 54 39 0x05 -33
1402048187.758341 54 38 0x03 -50
1402048187.771593 54 38 0x09 -48
1402048187.773099 54 38 0x05 -32
1402048187.791701 54 39 0x02 -39
1402048187.832909 54 37 0x0a -48
1402048187.849496 54 37 0x01 -43
1402048187.864849 54 38 0x03 -48
1402048187.878041 54 38 0x09 -49
1402048187.898312 54 38 0x02 -39
1402048187.951393 54 37 0x01 -44
1402048187.972822 54 37 0x03 -46
1402048188.014434 55 38 0x02 -39
1402048188.041450 55 39 0x0a -46
1402048188.077655 55 37 0x03 -45
1402048188.086742 55 37 0x09 -49
1402048188.108892 55 38 0x02 -39
1402048188.168503 55 39 0x01 -41
1402048188.185028 55 37 0x04 -36
1402048188.189567 55 37 0x05 -33
1402048188.193977 55 37 0x09 -49
1402048188.210328 55 37 0x02 -39
1402048188.250586 55 38 0x0a -47
1402048188.271679 55 39 0x01 -41
1402048188.290168 55 39 0x03 -45
1402048188.292221 55 39 0x05 -33
1402048188.294457 55 39 0x04 -34
1402048188.312518 55 37 0x02 -38
1402048188.356600 55 38 0x0a -46
1402048188.396065 55 39 0x04 -34
1402048188.397283 55 39 0x03 -45
1402048188.402666 55 39 0x09 -50
1402048188.464927 55 38 0x0a -46
1402048188.478719 55 38 0x01 -44
1402048188.501740 55 39 0x03 -44
1402048188.509609 55 39 0x09 -50
1402048188.521352 55 39 0x02 -38
1402048188.588025 55 38 0x01 -44
1402048188.605485 55 38 0x05 -33
1402048188.606725 55 38 0x03 -41
1402048188.612759 55 38 0x09 -46
1402048188.626053 55 39 0x02 -39
1402048188.678790 55 37 0x0a -45
1402048188.692919 55 37 0x01 -43
1402048188.709415 55 38 0x05 -33
1402048188.713325 55 38 0x03 -40
1402048188.721190 55 38 0x09 -46
1402048188.727588 55 38 0x02 -39
1402048188.799887 55 37 0x01 -43
1402048188.811318 55 37 0x05 -33
1402048188.818334 55 37 0x03 -39
1402048188.904965 55 37 0x01 -43
1402048188.914448 55 37 0x05 -33
1402048188.919101 55 37 0x03 -39
1402048188.920822 55 37 0x02 -40
1402048188.927489 55 37 0x04 -39
1402048188.936119 55 37 0x09 -44
1402048188.997056 55 39 0x0a -44
1402048189.050719 56 37 0x09 -43
1402048189.103958 56 39 0x0a -44
1402048189.117684 56 39 0x01 -41
1402048189.207582 56 38 0x0a -45
1402048189.230295 56 39 0x05 -34
1402048189.234839 56 39 0x03 -40
1402048189.238533 56 39 0x02 -41
1402048189.239874 56 39 0x04 -40
1402048189.246973 56 39 0x09 -44
1402048189.313797 56 38 0x0a -45
1402048189.324118 56 38 0x01 -43
1402048189.338207 56 38 0x05 -33
1402048189.339705 56 38 0x03 -38
1402048189.342082 56 39 0x04 -42
1402048189.347694 56 39 0x02 -43
1402048189.353300 56 39 0x09 -43
1402048189.445060 56 38 0x03 -38
1402048189.445960 56 38 0x04 -44
1402048189.451478 56 38 0x02 -46
1402048189.455017 56 38 0x09 -42
1402048189.525162 56 37 0x0a -46
1402048189.538577 56 37 0x01 -43
1402048189.542887 56 38 0x05 -35
1402048189.547907 56 38 0x04 -46
1402048189.560810 56 38 0x09 -42
1402048189.628153 56 37 0x0a -46
1402048189.644003 56 37 0x01 -44
1402048189.650061 56 37 0x04 -48
1402048189.665917 56 38 0x09 -42
1402048189.749459 56 37 0x05 -36
1402048189.751278 56 37 0x01 -44
1402048189.759550 56 37 0x02 -49
1402048189.764459 56 37 0x03 -39
1402048189.766794 56 37 0x09 -40
1402048189.832949 56 39 0x0a -45
1402048189.866015 56 37 0x02 -50
1402048189.872045 56 37 0x03 -39
1402048189.874701 56 37 0x09 -41
1402048189.958698 56 39 0x05 -36
1402048189.963814 56 39 0x04 -50
1402048189.969013 56 39 0x02 -48
1402048190.075736 57 39 0x05 -37
1402048190.104613 57 39 0x02 -48
1402048190.104913 57 39 0x03 -42
1402048190.146684 57 38 0x0a -48
1402048190.166500 57 38 0x01 -47
1402048190.169562 57 38 0x04 -51
1402048190.171308 57 38 0x05 -36
1402048190.188241 57 39 0x03 -43
1402048190.191735 57 39 0x09 -42
1402048190.253864 57 37 0x0a -49
1402048190.275958 57 38 0x04 -50
1402048190.355718 57 37 0x0a -50
1402048190.393306 57 38 0x03 -44
1402048190.403657 57 38 0x09 -43
1402048190.480048 57 37 0x01 -49
1402048190.484864 57 37 0x04 -48
1402048190.488994 57 37 0x05 -38
1402048190.505775 57 38 0x09 -43
1402048190.568409 57 39 0x0a -48
1402048190.583811 57 37 0x01 -49
1402048190.587078 57 37 0x02 -45
1402048190.593826 57 37 0x05 -38
1402048190.605814 57 37 0x03 -46
1402048190.613951 57 37 0x09 -42
1402048190.671304 57 39 0x0a -48
1402048190.688697 57 39 0x02 -43
1402048190.692944 57 39 0x01 -46
1402048190.702174 57 37 0x05 -39
1402048190.709916 57 37 0x03 -47
1402048190.723239 57 37 0x09 -42
1402048190.793756 57 39 0x02 -42
1402048190.810130 57 39 0x05 -40
1402048190.811851 57 39 0x03 -47
1402048190.829988 57 37 0x09 -43
1402048190.879005 57 38 0x0a -51
1402048190.904229 57 39 0x01 -45
1402048190.914204 57 39 0x03 -46
1402048190.918785 57 39 0x05 -40
1402048190.983826 57 38 0x0a -52
1402048191.016158 58 38 0x04 -42
1402048191.038746 58 38 0x01 -48
1402048191.038934 58 38 0x03 -45
1402048191.039024 58 39 0x05 -40
1402048191.044138 58 39 0x09 -42
1402048191.083944 58 37 0x0a -51
1402048191.108717 58 38 0x04 -41
1402048191.118053 58 38 0x01 -46
1402048191.120239 58 38 0x03 -43
1402048191.134882 58 38 0x05 -42
1402048191.146338 58 39 0x09 -42
1402048191.186366 58 37 0x0a -51
1402048191.213615 58 37 0x04 -41
1402048191.223242 58 38 0x01 -46
1402048191.225415 58 38 0x03 -42
1402048191.248828 58 38 0x09 -44
1402048191.316441 58 37 0x04 -43
1402048191.326236 58 37 0x02 -40
1402048191.327874 58 37 0x01 -44
1402048191.330953 58 37 0x03 -40
1402048191.353633 58 38 0x09 -44
1402048191.396417 58 39 0x0a -50
1402048191.424541 58 37 0x04 -43
1402048191.428852 58 37 0x02 -40
1402048191.435656 58 37 0x01 -43
1402048191.437439 58 37 0x03 -39
1402048191.451251 58 37 0x05 -49
1402048191.457783 58 37 0x09 -44
1402048191.503839 58 39 0x0a -50
1402048191.553137 58 37 0x05 -52
1402048191.561461 58 37 0x09 -44
1402048191.610765 58 38 0x0a -50
1402048191.638271 58 39 0x02 -41
1402048191.640742 58 39 0x04 -40
1402048191.647146 58 39 0x01 -41
1402048191.668858 58 37 0x09 -43
1402048191.718771 58 38 0x0a -50
1402048191.742937 58 39 0x02 -41
1402048191.746325 58 39 0x04 -41
1402048191.749701 58 39 0x03 -38
1402048191.753385 58 39 0x01 -41
1402048191.758123 58 39 0x05 -56
1402048191.772599 58 39 0x09 -40
1402048191.824562 58 38 0x0a -50
1402048191.844282 58 38 0x02 -41
1402048191.851973 58 38 0x04 -40
1402048191.855491 58 38 0x01 -43
1402048191.866003 58 39 0x05 -65
1402048191.878351 58 39 0x09 -40
1402048191.926282 58 37 0x0a -48
1402048191.945435 58 38 0x02 -42
1402048191.955143 58 38 0x04 -40
1402048191.959101 58 38 0x01 -43
1402048191.960636 58 38 0x03 -38
1402048191.967526 58 38 0x05 -56
1402048192.042935 59 37 0x0a -48
1402048192.071806 59 37 0x02 -41
1402048192.072099 59 38 0x01 -43
1402048192.072267 59 38 0x03 -38
1402048192.072423 59 38 0x05 -51
1402048192.082978 59 38 0x09 -43
1402048192.154991 59 37 0x02 -41
1402048192.168817 59 37 0x04 -42
1402048192.171132 59 37 0x01 -43
1402048192.188009 59 38 0x09 -43
1402048192.250148 59 39 0x0a -49
1402048192.275084 59 37 0x04 -41
1402048192.279047 59 37 0x03 -37
1402048192.358705 59 39 0x0a -50
1402048192.362629 59 39 0x02 -41
1402048192.385019 59 37 0x01 -43
1402048192.387669 59 37 0x03 -36
1402048192.403262 59 37 0x09 -43
1402048192.506543 59 37 0x09 -43
1402048192.564583 59 38 0x0a -48
1402048192.570593 59 38 0x02 -43
1402048192.590138 59 39 0x05 -44
1402048192.597151 59 39 0x01 -43
1402048192.600111 59 39 0x03 -37
1402048192.615865 59 39 0x09 -39
1402048192.667639 59 38 0x0a -47
1402048192.678194 59 38 0x02 -43
1402048192.693029 59 38 0x04 -38
1402048192.702090 59 39 0x01 -44
1402048192.706764 59 39 0x03 -39
1402048192.719679 59 39 0x09 -39
1402048192.798327 59 38 0x04 -39
1402048192.805175 59 38 0x05 -40
1402048192.822628 59 39 0x09 -39
1402048192.879661 59 37 0x02 -44
1402048192.883885 59 37 0x0a -48
1402048192.908637 59 38 0x05 -39
1402048192.916801 59 38 0x01 -51
1402048192.927644 59 38 0x09 -43
1402048192.985344 59 37 0x0a -46
1402048193.011501 60 37 0x04 -39
1402048193.036769 60 37 0x05 -38
1402048193.036963 60 37 0x01 -46
1402048193.083925 60 39 0x02 -38
1402048193.103699 60 37 0x04 -37
1402048193.120504 60 37 0x05 -36
1402048193.124555 60 37 0x01 -45
1402048193.144481 60 38 0x09 -43
1402048193.189385 60 39 0x02 -37
1402048193.198429 60 39 0x0a -46
1402048193.208781 60 39 0x04 -37
1402048193.225497 60 37 0x05 -35
1402048193.228457 60 37 0x01 -45
1402048193.244970 60 37 0x03 -40
1402048193.249710 60 37 0x09 -42
1402048193.305233 60 39 0x0a -47
1402048193.310259 60 39 0x04 -37
1402048193.350767 60 37 0x03 -39
1402048193.396393 60 38 0x02 -39
1402048193.409301 60 38 0x0a -48
1402048193.440149 60 39 0x01 -43
1402048193.465369 60 37 0x09 -42
1402048193.514392 60 38 0x0a -47
1402048193.525283 60 38 0x04 -38
1402048193.560227 60 39 0x03 -41
1402048193.575016 60 39 0x09 -41
1402048193.606304 60 37 0x02 -39
1402048193.647545 60 38 0x01 -47
1402048193.667417 60 39 0x03 -42
1402048193.676499 60 39 0x09 -40
1402048193.711442 60 37 0x02 -39
1402048193.724735 60 37 0x0a -44
1402048193.732636 60 37 0x04 -41
1402048193.738865 60 37 0x05 -36
1402048193.752123 60 38 0x01 -47
1402048193.773514 60 37 0x03 -38
1402048193.827699 60 39 0x0a -45
1402048193.841353 60 39 0x05 -37
1402048193.877448 60 37 0x03 -38
1402048193.883907 60 37 0x09 -44
1402048193.917069 60 38 0x02 -39
1402048193.946419 60 39 0x05 -37
1402048193.967354 60 39 0x01 -42
1402048193.989507 60 37 0x09 -44
1402048194.049681 61 38 0x0a -46
1402048194.076171 61 39 0x01 -42
1402048194.099175 61 39 0x09 -42
1402048194.156076 61 38 0x05 -35
1402048194.161413 61 38 0x04 -39
1402048194.176038 61 38 0x01 -46
1402048194.199099 61 39 0x03 -38
1402048194.205815 61 39 0x09 -43
1402048194.250185 61 37 0x0a -50
1402048194.257123 61 37 0x05 -35
1402048194.266557 61 38 0x04 -35
1402048194.282103 61 38 0x01 -44
1402048194.305147 61 39 0x03 -36
1402048194.307811 61 39 0x09 -42
1402048194.356350 61 37 0x0a -52
1402048194.364939 61 37 0x05 -35
1402048194.373483 61 37 0x04 -37
1402048194.389233 61 38 0x01 -43
1402048194.409113 61 38 0x09 -45
1402048194.411158 61 38 0x03 -36
1402048194.441618 61 39 0x02 -35
1402048194.462812 61 37 0x0a -55
1402048194.467544 61 37 0x05 -35
1402048194.478407 61 37 0x04 -37
1402048194.513722 61 38 0x09 -44
1402048194.519554 61 38 0x03 -36
1402048194.544573 61 39 0x02 -34
1402048194.568776 61 39 0x0a -56
1402048194.598031 61 37 0x01 -44
1402048194.627621 61 38 0x03 -35
1402048194.646940 61 38 0x02 -35
1402048194.673938 61 39 0x0a -61
1402048194.684545 61 39 0x04 -37
1402048194.721852 61 37 0x09 -42
1402048194.755504 61 38 0x02 -34
1402048194.786773 61 39 0x04 -37
1402048194.806657 61 39 0x01 -43
1402048194.859330 61 37 0x02 -35
1402048194.885356 61 38 0x05 -35
1402048194.888608 61 38 0x0a -77
1402048194.891034 61 38 0x04 -38
1402048194.914935 61 39 0x01 -43
1402048194.942500 61 37 0x03 -33
1402048194.962985 61 37 0x02 -35
1402048195.026115 62 38 0x01 -47
1402048195.052612 62 39 0x09 -40
1402048195.052894 62 39 0x03 -33
1402048195.068390 62 37 0x02 -35
1402048195.123981 62 38 0x01 -48
1402048195.152124 62 39 0x03 -34
1402048195.173385 62 39 0x02 -34
1402048195.200866 62 37 0x0a -63
1402048195.203045 62 37 0x04 -39
1402048195.204997 62 37 0x05 -35
1402048195.232152 62 38 0x01 -48
1402048195.246442 62 38 0x09 -42
1402048195.277170 62 39 0x02 -34
1402048195.304246 62 37 0x0a -63
1402048195.307008 62 37 0x05 -36
1402048195.308289 62 37 0x04 -38
1402048195.354663 62 38 0x09 -41
1402048195.385004 62 39 0x02 -35
1402048195.457109 62 37 0x09 -41
1402048195.488170 62 38 0x02 -35
1402048195.512677 62 39 0x05 -36
1402048195.517345 62 39 0x0a -58
1402048195.520211 62 39 0x04 -36
1402048195.552828 62 37 0x01 -50
1402048195.563987 62 37 0x09 -40
1402048195.571631 62 37 0x03 -33
1402048195.594370 62 38 0x02 -35
1402048195.624414 62 39 0x04 -36
1402048195.672033 62 37 0x09 -40
1402048195.675039 62 37 0x03 -32
1402048195.703007 62 38 0x02 -35
1402048195.725319 62 38 0x05 -37
1402048195.763907 62 39 0x01 -49
1402048195.807800 62 37 0x02 -35
1402048195.830199 62 38 0x05 -37
1402048195.831922 62 38 0x04 -36
1402048195.836475 62 38 0x0a -58
1402048195.869159 62 39 0x01 -51
1402048195.885043 62 39 0x09 -39
1402048195.891275 62 39 0x03 -32
1402048195.934050 62 37 0x04 -37
1402048195.937916 62 37 0x05 -38
1402048195.945434 62 38 0x0a -57
1402048195.988173 62 39 0x09 -39
1402048195.992574 62 39 0x03 -32
1402048196.050242 63 37 0x04 -36
1402048196.076104 63 37 0x05 -40
1402048196.076297 63 37 0x0a -57
1402048196.081629 63 38 0x01 -57
1402048196.127750 63 39 0x02 -35
1402048196.147724 63 37 0x05 -40
1402048196.149702 63 37 0x04 -36
1402048196.155410 63 37 0x0a -56
1402048196.185324 63 38 0x01 -58
1402048196.200331 63 38 0x09 -41
1402048196.237150 63 39 0x02 -35
1402048196.249487 63 39 0x05 -43
1402048196.293462 63 37 0x01 -60
1402048196.305206 63 38 0x09 -41
1402048196.344409 63 39 0x02 -36
1402048196.353120 63 39 0x05 -43
1402048196.363140 63 39 0x0a -51
1402048196.364822 63 39 0x04 -32
1402048196.400418 63 37 0x01 -56
1402048196.413690 63 37 0x03 -32
1402048196.448408 63 38 0x02 -37
1402048196.471408 63 39 0x0a -51
1402048196.507775 63 37 0x01 -54
1402048196.521795 63 37 0x09 -41
1402048196.553741 63 38 0x02 -36
1402048196.566070 63 38 0x05 -43
1402048196.609941 63 39 0x01 -50
1402048196.662169 63 38 0x02 -37
1402048196.674692 63 38 0x05 -43
1402048196.676198 63 38 0x0a -53
1402048196.715261 63 39 0x01 -49
1402048196.733850 63 39 0x09 -39
1402048196.737719 63 39 0x03 -34
1402048196.768781 63 37 0x02 -38
1402048196.782753 63 38 0x04 -32
1402048196.877614 63 37 0x02 -37
1402048196.882195 63 37 0x05 -43
1402048196.885875 63 37 0x0a -53
1402048196.890337 63 37 0x04 -32
1402048196.922273 63 38 0x01 -49
1402048196.986826 63 37 0x02 -38
1402048196.990967 63 37 0x04 -33
1402048196.991991 63 37 0x0a -53
1402048197.032511 64 38 0x01 -48
1402048197.055424 64 38 0x03 -35
1402048197.055610 64 38 0x09 -43
1402048197.127682 64 37 0x01 -46
1402048197.150780 64 38 0x03 -35
1402048197.153905 64 38 0x09 -43
1402048197.207207 64 39 0x0a -50
1402048197.258066 64 37 0x03 -36
1402048197.302830 64 39 0x02 -38
1402048197.307282 64 39 0x04 -30
1402048197.315052 64 39 0x0a -50
1402048197.361066 64 37 0x03 -36
1402048197.367693 64 37 0x09 -45
1402048197.406526 64 38 0x02 -40
1402048197.444491 64 39 0x01 -42
1402048197.470459 64 37 0x03 -36
1402048197.476797 64 37 0x09 -45
1402048197.514358 64 38 0x02 -40
1402048197.523166 64 38 0x0a -51
1402048197.547886 64 39 0x01 -40
1402048197.572774 64 39 0x03 -38
1402048197.586598 64 37 0x09 -47
1402048197.630727 64 38 0x0a -51
1402048197.649968 64 38 0x01 -44
1402048197.674057 64 39 0x03 -38
1402048197.715885 64 37 0x04 -29
1402048197.719476 64 37 0x05 -36
1402048197.752674 64 38 0x01 -44
1402048197.797240 64 39 0x09 -49
1402048197.825253 64 37 0x05 -37
1402048197.858516 64 37 0x01 -43
1402048197.906214 64 39 0x09 -50
1402048197.927756 64 39 0x04 -27
1402048197.931093 64 39 0x02 -40
1402048197.931980 64 39 0x05 -38
1402048197.965114 64 37 0x01 -43
1402048198.017234 65 38 0x09 -56
1402048198.044399 65 39 0x04 -27
1402048198.044591 65 39 0x05 -38
1402048198.044686 65 39 0x02 -40
1402048198.044770 65 39 0x0a -53
1402048198.069370 65 37 0x01 -44
1402048198.111083 65 38 0x09 -62
1402048198.173565 65 39 0x01 -43
1402048198.196028 65 37 0x03 -40
1402048198.211601 65 37 0x09 -58
1402048198.243687 65 38 0x05 -36
1402048198.250078 65 38 0x02 -44
1402048198.282218 65 39 0x01 -48
1402048198.315941 65 37 0x09 -56
1402048198.351207 65 38 0x05 -34
1402048198.353628 65 38 0x04 -28
1402048198.356359 65 38 0x02 -43
1402048198.387781 65 39 0x01 -48
1402048198.408843 65 39 0x03 -45
1402048198.456313 65 37 0x04 -31
1402048198.457530 65 37 0x05 -33
1402048198.464321 65 38 0x02 -38
1402048198.489092 65 38 0x01 -49
1402048198.515730 65 39 0x03 -40
1402048198.524208 65 39 0x09 -44
1402048198.566884 65 37 0x0a -50
1402048198.594368 65 38 0x01 -47
1402048198.624711 65 39 0x03 -40
1402048198.627822 65 39 0x09 -43
1402048198.667485 65 37 0x04 -34
1402048198.669238 65 37 0x0a -51
1402048198.672913 65 37 0x02 -37
1402048198.695591 65 37 0x01 -48
1402048198.797213 65 37 0x01 -49
1402048198.835345 65 38 0x03 -40
1402048198.839675 65 38 0x09 -46
1402048198.880487 65 39 0x02 -37
1402048198.882704 65 39 0x04 -35
1402048198.884816 65 39 0x0a -53
1402048198.902766 65 37 0x01 -48
1402048198.945296 65 38 0x09 -47
1402048198.982986 65 39 0x02 -34
1402048198.987854 65 39 0x05 -41
1402048198.991178 65 39 0x0a -52
1402048199.020202 66 39 0x01 -40
1402048199.048367 66 37 0x03 -36
1402048199.053169 66 37 0x09 -49
1402048199.084784 66 38 0x02 -34
1402048199.091362 66 38 0x05 -38
1402048199.114290 66 39 0x01 -40
1402048199.151527 66 37 0x03 -36
1402048199.159116 66 37 0x09 -45
1402048199.186611 66 38 0x02 -33
1402048199.188815 66 38 0x04 -33
1402048199.198861 66 38 0x05 -38
1402048199.219422 66 38 0x01 -41
1402048199.290854 66 37 0x02 -32
1402048199.291879 66 37 0x04 -35
1402048199.306735 66 38 0x05 -36
1402048199.308120 66 38 0x0a -56
1402048199.363247 66 39 0x03 -36
1402048199.369024 66 39 0x09 -44
1402048199.395167 66 37 0x02 -32
1402048199.397965 66 37 0x04 -34
1402048199.407903 66 37 0x0a -55
1402048199.410601 66 37 0x05 -36
1402048199.428525 66 38 0x01 -41
1402048199.464248 66 39 0x03 -35
1402048199.471523 66 39 0x09 -47
1402048199.502185 66 37 0x02 -31
1402048199.513425 66 37 0x0a -56
1402048199.517854 66 37 0x05 -37
1402048199.530054 66 37 0x01 -41
1402048199.570203 66 38 0x03 -36
1402048199.601597 66 39 0x04 -33
1402048199.605426 66 39 0x02 -31
1402048199.625264 66 37 0x05 -36
1402048199.675304 66 38 0x03 -36
1402048199.678011 66 38 0x09 -50
1402048199.707967 66 39 0x04 -33
1402048199.713818 66 39 0x02 -31
1402048199.726922 66 39 0x0a -56
1402048199.734815 66 39 0x05 -38
1402048199.784035 66 38 0x09 -50
1402048199.822299 66 39 0x02 -32
1402048199.834851 66 39 0x0a -57
1402048199.841085 66 39 0x05 -37
1402048199.844843 66 39 0x01 -39
1402048199.886032 66 37 0x09 -50
1402048199.888219 66 37 0x03 -35
1402048199.917645 66 38 0x04 -33
1402048199.948759 66 39 0x01 -38
1402048199.994161 66 37 0x09 -51
1402048200.035016 67 38 0x04 -33
1402048200.063837 67 38 0x02 -32
1402048200.064027 67 38 0x0a -58
1402048200.064121 67 38 0x05 -36
1402048200.102004 67 37 0x03 -35
1402048200.126423 67 37 0x04 -35
1402048200.132606 67 37 0x02 -32
1402048200.147644 67 38 0x0a -58
1402048200.154178 67 38 0x05 -36
1402048200.157713 67 38 0x01 -42
1402048200.204361 67 39 0x09 -54
1402048200.211135 67 39 0x03 -35
1402048200.252894 67 37 0x0a -56
1402048200.265609 67 38 0x01 -40
1402048200.309388 67 39 0x09 -49
1402048200.318889 67 39 0x03 -35
1402048200.337943 67 39 0x04 -33
1402048200.355309 67 37 0x0a -55
1402048200.365085 67 37 0x05 -36
1402048200.373469 67 37 0x01 -41
1402048200.410211 67 38 0x09 -48
1402048200.440856 67 39 0x04 -32
1402048200.448903 67 39 0x02 -31
1402048200.473569 67 37 0x05 -36
1402048200.478425 67 37 0x01 -40
